{"C:\\projects\\visa-reminder-app\\frontend\\src\\components\\DateInput.tsx": {"path":"C:\\projects\\visa-reminder-app\\frontend\\src\\components\\DateInput.tsx","statementMap":{"0":{"start":{"line":21,"column":38},"end":{"line":21,"column":53}},"1":{"start":{"line":22,"column":42},"end":{"line":22,"column":88}},"2":{"start":{"line":23,"column":36},"end":{"line":23,"column":51}},"3":{"start":{"line":25,"column":27},"end":{"line":31,"column":3}},"4":{"start":{"line":26,"column":4},"end":{"line":26,"column":41}},"5":{"start":{"line":27,"column":4},"end":{"line":30,"column":5}},"6":{"start":{"line":28,"column":6},"end":{"line":28,"column":28}},"7":{"start":{"line":29,"column":6},"end":{"line":29,"column":43}},"8":{"start":{"line":33,"column":22},"end":{"line":36,"column":3}},"9":{"start":{"line":34,"column":4},"end":{"line":34,"column":23}},"10":{"start":{"line":35,"column":4},"end":{"line":35,"column":24}},"11":{"start":{"line":38,"column":21},"end":{"line":40,"column":3}},"12":{"start":{"line":39,"column":4},"end":{"line":39,"column":24}},"13":{"start":{"line":42,"column":2},"end":{"line":76,"column":4}},"14":{"start":{"line":79,"column":15},"end":{"line":110,"column":2}}},"fnMap":{"0":{"name":"DateInput","decl":{"start":{"line":20,"column":16},"end":{"line":20,"column":25}},"loc":{"start":{"line":20,"column":99},"end":{"line":77,"column":1}},"line":20},"1":{"name":"(anonymous_1)","decl":{"start":{"line":25,"column":27},"end":{"line":25,"column":28}},"loc":{"start":{"line":25,"column":56},"end":{"line":31,"column":3}},"line":25},"2":{"name":"(anonymous_2)","decl":{"start":{"line":33,"column":22},"end":{"line":33,"column":23}},"loc":{"start":{"line":33,"column":28},"end":{"line":36,"column":3}},"line":33},"3":{"name":"(anonymous_3)","decl":{"start":{"line":38,"column":21},"end":{"line":38,"column":22}},"loc":{"start":{"line":38,"column":27},"end":{"line":40,"column":3}},"line":38}},"branchMap":{"0":{"loc":{"start":{"line":20,"column":45},"end":{"line":20,"column":72}},"type":"default-arg","locations":[{"start":{"line":20,"column":59},"end":{"line":20,"column":72}}],"line":20},"1":{"loc":{"start":{"line":22,"column":51},"end":{"line":22,"column":87}},"type":"cond-expr","locations":[{"start":{"line":22,"column":59},"end":{"line":22,"column":74}},{"start":{"line":22,"column":77},"end":{"line":22,"column":87}}],"line":22},"2":{"loc":{"start":{"line":27,"column":4},"end":{"line":30,"column":5}},"type":"if","locations":[{"start":{"line":27,"column":4},"end":{"line":30,"column":5}},{"start":{},"end":{}}],"line":27},"3":{"loc":{"start":{"line":47,"column":10},"end":{"line":47,"column":53}},"type":"binary-expr","locations":[{"start":{"line":47,"column":10},"end":{"line":47,"column":19}},{"start":{"line":47,"column":23},"end":{"line":47,"column":53}}],"line":47},"4":{"loc":{"start":{"line":54,"column":45},"end":{"line":54,"column":73}},"type":"binary-expr","locations":[{"start":{"line":54,"column":45},"end":{"line":54,"column":51}},{"start":{"line":54,"column":55},"end":{"line":54,"column":73}}],"line":54},"5":{"loc":{"start":{"line":55,"column":11},"end":{"line":55,"column":66}},"type":"cond-expr","locations":[{"start":{"line":55,"column":19},"end":{"line":55,"column":52}},{"start":{"line":55,"column":55},"end":{"line":55,"column":66}}],"line":55},"6":{"loc":{"start":{"line":61,"column":19},"end":{"line":61,"column":80}},"type":"cond-expr","locations":[{"start":{"line":61,"column":31},"end":{"line":61,"column":51}},{"start":{"line":61,"column":54},"end":{"line":61,"column":80}}],"line":61},"7":{"loc":{"start":{"line":65,"column":7},"end":{"line":74,"column":7}},"type":"binary-expr","locations":[{"start":{"line":65,"column":7},"end":{"line":65,"column":17}},{"start":{"line":66,"column":8},"end":{"line":73,"column":10}}],"line":65},"8":{"loc":{"start":{"line":69,"column":19},"end":{"line":69,"column":64}},"type":"cond-expr","locations":[{"start":{"line":69,"column":43},"end":{"line":69,"column":52}},{"start":{"line":69,"column":55},"end":{"line":69,"column":64}}],"line":69}},"s":{"0":0,"1":0,"2":0,"3":0,"4":0,"5":0,"6":0,"7":0,"8":0,"9":0,"10":0,"11":0,"12":0,"13":0,"14":0},"f":{"0":0,"1":0,"2":0,"3":0},"b":{"0":[0],"1":[0,0],"2":[0,0],"3":[0,0],"4":[0,0],"5":[0,0],"6":[0,0],"7":[0,0],"8":[0,0]}}
,"C:\\projects\\visa-reminder-app\\frontend\\src\\components\\DateInput.web.tsx": {"path":"C:\\projects\\visa-reminder-app\\frontend\\src\\components\\DateInput.web.tsx","statementMap":{"0":{"start":{"line":18,"column":2},"end":{"line":41,"column":4}},"1":{"start":{"line":22,"column":23},"end":{"line":22,"column":69}}},"fnMap":{"0":{"name":"DateInput","decl":{"start":{"line":16,"column":16},"end":{"line":16,"column":25}},"loc":{"start":{"line":16,"column":83},"end":{"line":42,"column":1}},"line":16},"1":{"name":"(anonymous_1)","decl":{"start":{"line":22,"column":16},"end":{"line":22,"column":17}},"loc":{"start":{"line":22,"column":23},"end":{"line":22,"column":69}},"line":22}},"branchMap":{},"s":{"0":0,"1":0},"f":{"0":0,"1":0},"b":{}}
,"C:\\projects\\visa-reminder-app\\frontend\\src\\components\\NotificationSettingsScreen.tsx": {"path":"C:\\projects\\visa-reminder-app\\frontend\\src\\components\\NotificationSettingsScreen.tsx","statementMap":{"0":{"start":{"line":19,"column":52},"end":{"line":273,"column":1}},"1":{"start":{"line":20,"column":16},"end":{"line":20,"column":26}},"2":{"start":{"line":29,"column":6},"end":{"line":29,"column":28}},"3":{"start":{"line":31,"column":2},"end":{"line":33,"column":9}},"4":{"start":{"line":32,"column":4},"end":{"line":32,"column":19}},"5":{"start":{"line":35,"column":34},"end":{"line":47,"column":3}},"6":{"start":{"line":36,"column":19},"end":{"line":36,"column":45}},"7":{"start":{"line":37,"column":4},"end":{"line":46,"column":5}},"8":{"start":{"line":38,"column":6},"end":{"line":38,"column":41}},"9":{"start":{"line":40,"column":6},"end":{"line":40,"column":32}},"10":{"start":{"line":42,"column":6},"end":{"line":45,"column":8}},"11":{"start":{"line":49,"column":33},"end":{"line":63,"column":3}},"12":{"start":{"line":50,"column":4},"end":{"line":62,"column":5}},"13":{"start":{"line":51,"column":6},"end":{"line":57,"column":7}},"14":{"start":{"line":52,"column":8},"end":{"line":55,"column":10}},"15":{"start":{"line":56,"column":8},"end":{"line":56,"column":15}},"16":{"start":{"line":58,"column":6},"end":{"line":58,"column":55}},"17":{"start":{"line":59,"column":6},"end":{"line":59,"column":48}},"18":{"start":{"line":61,"column":6},"end":{"line":61,"column":45}},"19":{"start":{"line":65,"column":34},"end":{"line":76,"column":3}},"20":{"start":{"line":66,"column":4},"end":{"line":75,"column":5}},"21":{"start":{"line":68,"column":8},"end":{"line":68,"column":22}},"22":{"start":{"line":70,"column":8},"end":{"line":70,"column":20}},"23":{"start":{"line":72,"column":8},"end":{"line":72,"column":21}},"24":{"start":{"line":74,"column":8},"end":{"line":74,"column":20}},"25":{"start":{"line":78,"column":35},"end":{"line":87,"column":3}},"26":{"start":{"line":79,"column":4},"end":{"line":86,"column":5}},"27":{"start":{"line":81,"column":8},"end":{"line":81,"column":36}},"28":{"start":{"line":83,"column":8},"end":{"line":83,"column":34}},"29":{"start":{"line":85,"column":8},"end":{"line":85,"column":36}},"30":{"start":{"line":89,"column":2},"end":{"line":272,"column":4}},"31":{"start":{"line":142,"column":27},"end":{"line":142,"column":73}},"32":{"start":{"line":144,"column":12},"end":{"line":148,"column":14}},"33":{"start":{"line":146,"column":40},"end":{"line":146,"column":80}},"34":{"start":{"line":156,"column":27},"end":{"line":156,"column":80}},"35":{"start":{"line":158,"column":12},"end":{"line":162,"column":14}},"36":{"start":{"line":160,"column":40},"end":{"line":160,"column":81}},"37":{"start":{"line":170,"column":27},"end":{"line":170,"column":71}},"38":{"start":{"line":172,"column":12},"end":{"line":176,"column":14}},"39":{"start":{"line":174,"column":40},"end":{"line":174,"column":78}},"40":{"start":{"line":184,"column":27},"end":{"line":184,"column":64}},"41":{"start":{"line":186,"column":12},"end":{"line":190,"column":14}},"42":{"start":{"line":188,"column":40},"end":{"line":188,"column":78}},"43":{"start":{"line":206,"column":27},"end":{"line":206,"column":70}},"44":{"start":{"line":208,"column":12},"end":{"line":212,"column":14}},"45":{"start":{"line":210,"column":40},"end":{"line":210,"column":76}},"46":{"start":{"line":220,"column":27},"end":{"line":220,"column":66}},"47":{"start":{"line":222,"column":12},"end":{"line":226,"column":14}},"48":{"start":{"line":224,"column":40},"end":{"line":224,"column":76}},"49":{"start":{"line":275,"column":15},"end":{"line":318,"column":2}}},"fnMap":{"0":{"name":"(anonymous_0)","decl":{"start":{"line":19,"column":52},"end":{"line":19,"column":53}},"loc":{"start":{"line":19,"column":58},"end":{"line":273,"column":1}},"line":19},"1":{"name":"(anonymous_1)","decl":{"start":{"line":31,"column":12},"end":{"line":31,"column":13}},"loc":{"start":{"line":31,"column":18},"end":{"line":33,"column":3}},"line":31},"2":{"name":"(anonymous_2)","decl":{"start":{"line":35,"column":34},"end":{"line":35,"column":35}},"loc":{"start":{"line":35,"column":46},"end":{"line":47,"column":3}},"line":35},"3":{"name":"(anonymous_3)","decl":{"start":{"line":49,"column":33},"end":{"line":49,"column":34}},"loc":{"start":{"line":49,"column":45},"end":{"line":63,"column":3}},"line":49},"4":{"name":"(anonymous_4)","decl":{"start":{"line":65,"column":34},"end":{"line":65,"column":35}},"loc":{"start":{"line":65,"column":40},"end":{"line":76,"column":3}},"line":65},"5":{"name":"(anonymous_5)","decl":{"start":{"line":78,"column":35},"end":{"line":78,"column":36}},"loc":{"start":{"line":78,"column":41},"end":{"line":87,"column":3}},"line":78},"6":{"name":"(anonymous_6)","decl":{"start":{"line":142,"column":16},"end":{"line":142,"column":17}},"loc":{"start":{"line":142,"column":27},"end":{"line":142,"column":73}},"line":142},"7":{"name":"(anonymous_7)","decl":{"start":{"line":143,"column":17},"end":{"line":143,"column":18}},"loc":{"start":{"line":144,"column":12},"end":{"line":148,"column":14}},"line":144},"8":{"name":"(anonymous_8)","decl":{"start":{"line":146,"column":29},"end":{"line":146,"column":30}},"loc":{"start":{"line":146,"column":40},"end":{"line":146,"column":80}},"line":146},"9":{"name":"(anonymous_9)","decl":{"start":{"line":156,"column":16},"end":{"line":156,"column":17}},"loc":{"start":{"line":156,"column":27},"end":{"line":156,"column":80}},"line":156},"10":{"name":"(anonymous_10)","decl":{"start":{"line":157,"column":17},"end":{"line":157,"column":18}},"loc":{"start":{"line":158,"column":12},"end":{"line":162,"column":14}},"line":158},"11":{"name":"(anonymous_11)","decl":{"start":{"line":160,"column":29},"end":{"line":160,"column":30}},"loc":{"start":{"line":160,"column":40},"end":{"line":160,"column":81}},"line":160},"12":{"name":"(anonymous_12)","decl":{"start":{"line":170,"column":16},"end":{"line":170,"column":17}},"loc":{"start":{"line":170,"column":27},"end":{"line":170,"column":71}},"line":170},"13":{"name":"(anonymous_13)","decl":{"start":{"line":171,"column":17},"end":{"line":171,"column":18}},"loc":{"start":{"line":172,"column":12},"end":{"line":176,"column":14}},"line":172},"14":{"name":"(anonymous_14)","decl":{"start":{"line":174,"column":29},"end":{"line":174,"column":30}},"loc":{"start":{"line":174,"column":40},"end":{"line":174,"column":78}},"line":174},"15":{"name":"(anonymous_15)","decl":{"start":{"line":184,"column":16},"end":{"line":184,"column":17}},"loc":{"start":{"line":184,"column":27},"end":{"line":184,"column":64}},"line":184},"16":{"name":"(anonymous_16)","decl":{"start":{"line":185,"column":17},"end":{"line":185,"column":18}},"loc":{"start":{"line":186,"column":12},"end":{"line":190,"column":14}},"line":186},"17":{"name":"(anonymous_17)","decl":{"start":{"line":188,"column":29},"end":{"line":188,"column":30}},"loc":{"start":{"line":188,"column":40},"end":{"line":188,"column":78}},"line":188},"18":{"name":"(anonymous_18)","decl":{"start":{"line":206,"column":16},"end":{"line":206,"column":17}},"loc":{"start":{"line":206,"column":27},"end":{"line":206,"column":70}},"line":206},"19":{"name":"(anonymous_19)","decl":{"start":{"line":207,"column":17},"end":{"line":207,"column":18}},"loc":{"start":{"line":208,"column":12},"end":{"line":212,"column":14}},"line":208},"20":{"name":"(anonymous_20)","decl":{"start":{"line":210,"column":29},"end":{"line":210,"column":30}},"loc":{"start":{"line":210,"column":40},"end":{"line":210,"column":76}},"line":210},"21":{"name":"(anonymous_21)","decl":{"start":{"line":220,"column":16},"end":{"line":220,"column":17}},"loc":{"start":{"line":220,"column":27},"end":{"line":220,"column":66}},"line":220},"22":{"name":"(anonymous_22)","decl":{"start":{"line":221,"column":17},"end":{"line":221,"column":18}},"loc":{"start":{"line":222,"column":12},"end":{"line":226,"column":14}},"line":222},"23":{"name":"(anonymous_23)","decl":{"start":{"line":224,"column":29},"end":{"line":224,"column":30}},"loc":{"start":{"line":224,"column":40},"end":{"line":224,"column":76}},"line":224}},"branchMap":{"0":{"loc":{"start":{"line":37,"column":4},"end":{"line":46,"column":5}},"type":"if","locations":[{"start":{"line":37,"column":4},"end":{"line":46,"column":5}},{"start":{"line":41,"column":11},"end":{"line":46,"column":5}}],"line":37},"1":{"loc":{"start":{"line":51,"column":6},"end":{"line":57,"column":7}},"type":"if","locations":[{"start":{"line":51,"column":6},"end":{"line":57,"column":7}},{"start":{},"end":{}}],"line":51},"2":{"loc":{"start":{"line":66,"column":4},"end":{"line":75,"column":5}},"type":"switch","locations":[{"start":{"line":67,"column":6},"end":{"line":68,"column":22}},{"start":{"line":69,"column":6},"end":{"line":70,"column":20}},{"start":{"line":71,"column":6},"end":{"line":72,"column":21}},{"start":{"line":73,"column":6},"end":{"line":74,"column":20}}],"line":66},"3":{"loc":{"start":{"line":79,"column":4},"end":{"line":86,"column":5}},"type":"switch","locations":[{"start":{"line":80,"column":6},"end":{"line":81,"column":36}},{"start":{"line":82,"column":6},"end":{"line":83,"column":34}},{"start":{"line":84,"column":6},"end":{"line":85,"column":36}}],"line":79},"4":{"loc":{"start":{"line":110,"column":11},"end":{"line":118,"column":11}},"type":"binary-expr","locations":[{"start":{"line":110,"column":11},"end":{"line":110,"column":41}},{"start":{"line":111,"column":12},"end":{"line":117,"column":21}}],"line":110},"5":{"loc":{"start":{"line":120,"column":11},"end":{"line":124,"column":11}},"type":"binary-expr","locations":[{"start":{"line":120,"column":11},"end":{"line":120,"column":20}},{"start":{"line":121,"column":12},"end":{"line":123,"column":19}}],"line":120}},"s":{"0":0,"1":0,"2":0,"3":0,"4":0,"5":0,"6":0,"7":0,"8":0,"9":0,"10":0,"11":0,"12":0,"13":0,"14":0,"15":0,"16":0,"17":0,"18":0,"19":0,"20":0,"21":0,"22":0,"23":0,"24":0,"25":0,"26":0,"27":0,"28":0,"29":0,"30":0,"31":0,"32":0,"33":0,"34":0,"35":0,"36":0,"37":0,"38":0,"39":0,"40":0,"41":0,"42":0,"43":0,"44":0,"45":0,"46":0,"47":0,"48":0,"49":0},"f":{"0":0,"1":0,"2":0,"3":0,"4":0,"5":0,"6":0,"7":0,"8":0,"9":0,"10":0,"11":0,"12":0,"13":0,"14":0,"15":0,"16":0,"17":0,"18":0,"19":0,"20":0,"21":0,"22":0,"23":0},"b":{"0":[0,0],"1":[0,0],"2":[0,0,0,0],"3":[0,0,0],"4":[0,0],"5":[0,0]}}
,"C:\\projects\\visa-reminder-app\\frontend\\src\\examples\\NotificationUsageExample.tsx": {"path":"C:\\projects\\visa-reminder-app\\frontend\\src\\examples\\NotificationUsageExample.tsx","statementMap":{"0":{"start":{"line":17,"column":52},"end":{"line":17,"column":70}},"1":{"start":{"line":19,"column":2},"end":{"line":21,"column":9}},"2":{"start":{"line":20,"column":4},"end":{"line":20,"column":30}},"3":{"start":{"line":23,"column":34},"end":{"line":33,"column":3}},"4":{"start":{"line":25,"column":19},"end":{"line":25,"column":45}},"5":{"start":{"line":27,"column":4},"end":{"line":32,"column":5}},"6":{"start":{"line":29,"column":6},"end":{"line":29,"column":32}},"7":{"start":{"line":31,"column":6},"end":{"line":31,"column":40}},"8":{"start":{"line":35,"column":2},"end":{"line":35,"column":18}},"9":{"start":{"line":42,"column":36},"end":{"line":42,"column":54}},"10":{"start":{"line":43,"column":19},"end":{"line":43,"column":66}},"11":{"start":{"line":43,"column":51},"end":{"line":43,"column":65}},"12":{"start":{"line":45,"column":29},"end":{"line":64,"column":3}},"13":{"start":{"line":46,"column":4},"end":{"line":63,"column":5}},"14":{"start":{"line":48,"column":39},"end":{"line":54,"column":7}},"15":{"start":{"line":57,"column":6},"end":{"line":57,"column":45}},"16":{"start":{"line":59,"column":6},"end":{"line":59,"column":50}},"17":{"start":{"line":61,"column":6},"end":{"line":61,"column":37}},"18":{"start":{"line":62,"column":6},"end":{"line":62,"column":45}},"19":{"start":{"line":66,"column":2},"end":{"line":78,"column":4}},"20":{"start":{"line":71,"column":10},"end":{"line":74,"column":12}},"21":{"start":{"line":85,"column":19},"end":{"line":85,"column":66}},"22":{"start":{"line":85,"column":51},"end":{"line":85,"column":65}},"23":{"start":{"line":87,"column":27},"end":{"line":113,"column":3}},"24":{"start":{"line":91,"column":4},"end":{"line":112,"column":5}},"25":{"start":{"line":93,"column":41},"end":{"line":100,"column":7}},"26":{"start":{"line":103,"column":6},"end":{"line":106,"column":8}},"27":{"start":{"line":108,"column":6},"end":{"line":108,"column":51}},"28":{"start":{"line":110,"column":6},"end":{"line":110,"column":37}},"29":{"start":{"line":111,"column":6},"end":{"line":111,"column":45}},"30":{"start":{"line":115,"column":2},"end":{"line":126,"column":4}},"31":{"start":{"line":120,"column":10},"end":{"line":122,"column":12}},"32":{"start":{"line":133,"column":34},"end":{"line":133,"column":52}},"33":{"start":{"line":135,"column":27},"end":{"line":148,"column":3}},"34":{"start":{"line":136,"column":4},"end":{"line":147,"column":5}},"35":{"start":{"line":141,"column":6},"end":{"line":141,"column":40}},"36":{"start":{"line":143,"column":6},"end":{"line":143,"column":53}},"37":{"start":{"line":145,"column":6},"end":{"line":145,"column":37}},"38":{"start":{"line":146,"column":6},"end":{"line":146,"column":45}},"39":{"start":{"line":150,"column":2},"end":{"line":157,"column":4}},"40":{"start":{"line":154,"column":23},"end":{"line":154,"column":51}},"41":{"start":{"line":164,"column":28},"end":{"line":164,"column":50}},"42":{"start":{"line":166,"column":30},"end":{"line":187,"column":3}},"43":{"start":{"line":170,"column":4},"end":{"line":186,"column":5}},"44":{"start":{"line":172,"column":6},"end":{"line":172,"column":38}},"45":{"start":{"line":182,"column":6},"end":{"line":182,"column":41}},"46":{"start":{"line":184,"column":6},"end":{"line":184,"column":39}},"47":{"start":{"line":185,"column":6},"end":{"line":185,"column":44}},"48":{"start":{"line":189,"column":2},"end":{"line":196,"column":4}},"49":{"start":{"line":193,"column":23},"end":{"line":193,"column":69}},"50":{"start":{"line":203,"column":40},"end":{"line":203,"column":58}},"51":{"start":{"line":205,"column":31},"end":{"line":217,"column":3}},"52":{"start":{"line":206,"column":4},"end":{"line":216,"column":5}},"53":{"start":{"line":207,"column":24},"end":{"line":207,"column":57}},"54":{"start":{"line":208,"column":6},"end":{"line":208,"column":44}},"55":{"start":{"line":210,"column":6},"end":{"line":213,"column":8}},"56":{"start":{"line":215,"column":6},"end":{"line":215,"column":39}},"57":{"start":{"line":219,"column":2},"end":{"line":223,"column":4}},"58":{"start":{"line":230,"column":25},"end":{"line":238,"column":3}},"59":{"start":{"line":231,"column":4},"end":{"line":237,"column":5}},"60":{"start":{"line":232,"column":6},"end":{"line":232,"column":55}},"61":{"start":{"line":233,"column":6},"end":{"line":233,"column":48}},"62":{"start":{"line":235,"column":6},"end":{"line":235,"column":40}},"63":{"start":{"line":236,"column":6},"end":{"line":236,"column":45}},"64":{"start":{"line":240,"column":2},"end":{"line":244,"column":4}},"65":{"start":{"line":251,"column":2},"end":{"line":282,"column":9}},"66":{"start":{"line":253,"column":25},"end":{"line":276,"column":5}},"67":{"start":{"line":255,"column":8},"end":{"line":255,"column":45}},"68":{"start":{"line":258,"column":8},"end":{"line":274,"column":9}},"69":{"start":{"line":260,"column":10},"end":{"line":273,"column":12}},"70":{"start":{"line":279,"column":4},"end":{"line":281,"column":6}},"71":{"start":{"line":280,"column":6},"end":{"line":280,"column":28}},"72":{"start":{"line":284,"column":2},"end":{"line":284,"column":18}}},"fnMap":{"0":{"name":"AppInitializationExample","decl":{"start":{"line":16,"column":16},"end":{"line":16,"column":40}},"loc":{"start":{"line":16,"column":43},"end":{"line":36,"column":1}},"line":16},"1":{"name":"(anonymous_1)","decl":{"start":{"line":19,"column":12},"end":{"line":19,"column":13}},"loc":{"start":{"line":19,"column":18},"end":{"line":21,"column":3}},"line":19},"2":{"name":"(anonymous_2)","decl":{"start":{"line":23,"column":34},"end":{"line":23,"column":35}},"loc":{"start":{"line":23,"column":46},"end":{"line":33,"column":3}},"line":23},"3":{"name":"ResidenceCardRegistrationExample","decl":{"start":{"line":41,"column":16},"end":{"line":41,"column":48}},"loc":{"start":{"line":41,"column":51},"end":{"line":79,"column":1}},"line":41},"4":{"name":"(anonymous_4)","decl":{"start":{"line":43,"column":40},"end":{"line":43,"column":41}},"loc":{"start":{"line":43,"column":51},"end":{"line":43,"column":65}},"line":43},"5":{"name":"(anonymous_5)","decl":{"start":{"line":45,"column":29},"end":{"line":45,"column":30}},"loc":{"start":{"line":45,"column":73},"end":{"line":64,"column":3}},"line":45},"6":{"name":"(anonymous_6)","decl":{"start":{"line":70,"column":17},"end":{"line":70,"column":18}},"loc":{"start":{"line":71,"column":10},"end":{"line":74,"column":12}},"line":71},"7":{"name":"ResidenceCardUpdateExample","decl":{"start":{"line":84,"column":16},"end":{"line":84,"column":42}},"loc":{"start":{"line":84,"column":45},"end":{"line":127,"column":1}},"line":84},"8":{"name":"(anonymous_8)","decl":{"start":{"line":85,"column":40},"end":{"line":85,"column":41}},"loc":{"start":{"line":85,"column":51},"end":{"line":85,"column":65}},"line":85},"9":{"name":"(anonymous_9)","decl":{"start":{"line":87,"column":27},"end":{"line":87,"column":28}},"loc":{"start":{"line":90,"column":7},"end":{"line":113,"column":3}},"line":90},"10":{"name":"(anonymous_10)","decl":{"start":{"line":119,"column":17},"end":{"line":119,"column":18}},"loc":{"start":{"line":120,"column":10},"end":{"line":122,"column":12}},"line":120},"11":{"name":"ResidenceCardDeletionExample","decl":{"start":{"line":132,"column":16},"end":{"line":132,"column":44}},"loc":{"start":{"line":132,"column":47},"end":{"line":158,"column":1}},"line":132},"12":{"name":"(anonymous_12)","decl":{"start":{"line":135,"column":27},"end":{"line":135,"column":28}},"loc":{"start":{"line":135,"column":53},"end":{"line":148,"column":3}},"line":135},"13":{"name":"(anonymous_13)","decl":{"start":{"line":154,"column":17},"end":{"line":154,"column":18}},"loc":{"start":{"line":154,"column":23},"end":{"line":154,"column":51}},"line":154},"14":{"name":"NotificationSettingsChangeExample","decl":{"start":{"line":163,"column":16},"end":{"line":163,"column":49}},"loc":{"start":{"line":163,"column":52},"end":{"line":197,"column":1}},"line":163},"15":{"name":"(anonymous_15)","decl":{"start":{"line":166,"column":30},"end":{"line":166,"column":31}},"loc":{"start":{"line":169,"column":7},"end":{"line":187,"column":3}},"line":169},"16":{"name":"(anonymous_16)","decl":{"start":{"line":193,"column":17},"end":{"line":193,"column":18}},"loc":{"start":{"line":193,"column":23},"end":{"line":193,"column":69}},"line":193},"17":{"name":"ScheduledNotificationsExample","decl":{"start":{"line":202,"column":16},"end":{"line":202,"column":45}},"loc":{"start":{"line":202,"column":48},"end":{"line":224,"column":1}},"line":202},"18":{"name":"(anonymous_18)","decl":{"start":{"line":205,"column":31},"end":{"line":205,"column":32}},"loc":{"start":{"line":205,"column":43},"end":{"line":217,"column":3}},"line":205},"19":{"name":"TestNotificationExample","decl":{"start":{"line":229,"column":16},"end":{"line":229,"column":39}},"loc":{"start":{"line":229,"column":42},"end":{"line":245,"column":1}},"line":229},"20":{"name":"(anonymous_20)","decl":{"start":{"line":230,"column":25},"end":{"line":230,"column":26}},"loc":{"start":{"line":230,"column":37},"end":{"line":238,"column":3}},"line":230},"21":{"name":"NotificationResponseExample","decl":{"start":{"line":250,"column":16},"end":{"line":250,"column":43}},"loc":{"start":{"line":250,"column":46},"end":{"line":285,"column":1}},"line":250},"22":{"name":"(anonymous_22)","decl":{"start":{"line":251,"column":12},"end":{"line":251,"column":13}},"loc":{"start":{"line":251,"column":18},"end":{"line":282,"column":3}},"line":251},"23":{"name":"(anonymous_23)","decl":{"start":{"line":254,"column":6},"end":{"line":254,"column":7}},"loc":{"start":{"line":254,"column":19},"end":{"line":275,"column":7}},"line":254},"24":{"name":"(anonymous_24)","decl":{"start":{"line":266,"column":25},"end":{"line":266,"column":26}},"loc":{"start":{"line":266,"column":31},"end":{"line":269,"column":17}},"line":266},"25":{"name":"(anonymous_25)","decl":{"start":{"line":279,"column":11},"end":{"line":279,"column":12}},"loc":{"start":{"line":279,"column":17},"end":{"line":281,"column":5}},"line":279}},"branchMap":{"0":{"loc":{"start":{"line":27,"column":4},"end":{"line":32,"column":5}},"type":"if","locations":[{"start":{"line":27,"column":4},"end":{"line":32,"column":5}},{"start":{"line":30,"column":11},"end":{"line":32,"column":5}}],"line":27},"1":{"loc":{"start":{"line":50,"column":24},"end":{"line":50,"column":75}},"type":"binary-expr","locations":[{"start":{"line":50,"column":24},"end":{"line":50,"column":47}},{"start":{"line":50,"column":51},"end":{"line":50,"column":75}}],"line":50},"2":{"loc":{"start":{"line":51,"column":23},"end":{"line":51,"column":60}},"type":"binary-expr","locations":[{"start":{"line":51,"column":23},"end":{"line":51,"column":45}},{"start":{"line":51,"column":49},"end":{"line":51,"column":60}}],"line":51},"3":{"loc":{"start":{"line":96,"column":10},"end":{"line":96,"column":64}},"type":"binary-expr","locations":[{"start":{"line":96,"column":10},"end":{"line":96,"column":36}},{"start":{"line":96,"column":40},"end":{"line":96,"column":64}}],"line":96},"4":{"loc":{"start":{"line":97,"column":23},"end":{"line":97,"column":63}},"type":"binary-expr","locations":[{"start":{"line":97,"column":23},"end":{"line":97,"column":48}},{"start":{"line":97,"column":52},"end":{"line":97,"column":63}}],"line":97},"5":{"loc":{"start":{"line":258,"column":8},"end":{"line":274,"column":9}},"type":"if","locations":[{"start":{"line":258,"column":8},"end":{"line":274,"column":9}},{"start":{},"end":{}}],"line":258}},"s":{"0":0,"1":0,"2":0,"3":0,"4":0,"5":0,"6":0,"7":0,"8":0,"9":0,"10":0,"11":0,"12":0,"13":0,"14":0,"15":0,"16":0,"17":0,"18":0,"19":0,"20":0,"21":0,"22":0,"23":0,"24":0,"25":0,"26":0,"27":0,"28":0,"29":0,"30":0,"31":0,"32":0,"33":0,"34":0,"35":0,"36":0,"37":0,"38":0,"39":0,"40":0,"41":0,"42":0,"43":0,"44":0,"45":0,"46":0,"47":0,"48":0,"49":0,"50":0,"51":0,"52":0,"53":0,"54":0,"55":0,"56":0,"57":0,"58":0,"59":0,"60":0,"61":0,"62":0,"63":0,"64":0,"65":0,"66":0,"67":0,"68":0,"69":0,"70":0,"71":0,"72":0},"f":{"0":0,"1":0,"2":0,"3":0,"4":0,"5":0,"6":0,"7":0,"8":0,"9":0,"10":0,"11":0,"12":0,"13":0,"14":0,"15":0,"16":0,"17":0,"18":0,"19":0,"20":0,"21":0,"22":0,"23":0,"24":0,"25":0},"b":{"0":[0,0],"1":[0,0],"2":[0,0],"3":[0,0],"4":[0,0],"5":[0,0]}}
,"C:\\projects\\visa-reminder-app\\frontend\\src\\hooks\\useNotifications.ts": {"path":"C:\\projects\\visa-reminder-app\\frontend\\src\\hooks\\useNotifications.ts","statementMap":{"0":{"start":{"line":14,"column":32},"end":{"line":149,"column":1}},"1":{"start":{"line":15,"column":21},"end":{"line":15,"column":36}},"2":{"start":{"line":22,"column":6},"end":{"line":22,"column":28}},"3":{"start":{"line":27,"column":37},"end":{"line":41,"column":3}},"4":{"start":{"line":29,"column":6},"end":{"line":29,"column":43}},"5":{"start":{"line":32,"column":6},"end":{"line":35,"column":7}},"6":{"start":{"line":34,"column":8},"end":{"line":34,"column":73}},"7":{"start":{"line":38,"column":6},"end":{"line":38,"column":39}},"8":{"start":{"line":46,"column":37},"end":{"line":52,"column":3}},"9":{"start":{"line":48,"column":6},"end":{"line":48,"column":46}},"10":{"start":{"line":57,"column":2},"end":{"line":74,"column":9}},"11":{"start":{"line":59,"column":4},"end":{"line":59,"column":19}},"12":{"start":{"line":62,"column":33},"end":{"line":64,"column":5}},"13":{"start":{"line":65,"column":33},"end":{"line":67,"column":5}},"14":{"start":{"line":70,"column":4},"end":{"line":73,"column":6}},"15":{"start":{"line":71,"column":6},"end":{"line":71,"column":36}},"16":{"start":{"line":72,"column":6},"end":{"line":72,"column":36}},"17":{"start":{"line":79,"column":32},"end":{"line":96,"column":3}},"18":{"start":{"line":81,"column":6},"end":{"line":93,"column":7}},"19":{"start":{"line":83,"column":8},"end":{"line":86,"column":9}},"20":{"start":{"line":84,"column":10},"end":{"line":84,"column":46}},"21":{"start":{"line":85,"column":10},"end":{"line":85,"column":17}},"22":{"start":{"line":88,"column":8},"end":{"line":88,"column":79}},"23":{"start":{"line":89,"column":8},"end":{"line":89,"column":44}},"24":{"start":{"line":91,"column":8},"end":{"line":91,"column":45}},"25":{"start":{"line":92,"column":8},"end":{"line":92,"column":20}},"26":{"start":{"line":101,"column":30},"end":{"line":109,"column":8}},"27":{"start":{"line":102,"column":4},"end":{"line":108,"column":5}},"28":{"start":{"line":103,"column":6},"end":{"line":103,"column":67}},"29":{"start":{"line":104,"column":6},"end":{"line":104,"column":40}},"30":{"start":{"line":106,"column":6},"end":{"line":106,"column":42}},"31":{"start":{"line":107,"column":6},"end":{"line":107,"column":18}},"32":{"start":{"line":114,"column":33},"end":{"line":122,"column":8}},"33":{"start":{"line":115,"column":4},"end":{"line":121,"column":5}},"34":{"start":{"line":116,"column":6},"end":{"line":116,"column":57}},"35":{"start":{"line":117,"column":6},"end":{"line":117,"column":38}},"36":{"start":{"line":119,"column":6},"end":{"line":119,"column":44}},"37":{"start":{"line":120,"column":6},"end":{"line":120,"column":18}},"38":{"start":{"line":127,"column":36},"end":{"line":134,"column":8}},"39":{"start":{"line":128,"column":4},"end":{"line":133,"column":5}},"40":{"start":{"line":129,"column":6},"end":{"line":129,"column":67}},"41":{"start":{"line":131,"column":6},"end":{"line":131,"column":45}},"42":{"start":{"line":132,"column":6},"end":{"line":132,"column":16}},"43":{"start":{"line":136,"column":2},"end":{"line":148,"column":4}}},"fnMap":{"0":{"name":"(anonymous_0)","decl":{"start":{"line":14,"column":32},"end":{"line":14,"column":33}},"loc":{"start":{"line":14,"column":38},"end":{"line":149,"column":1}},"line":14},"1":{"name":"(anonymous_1)","decl":{"start":{"line":28,"column":4},"end":{"line":28,"column":5}},"loc":{"start":{"line":28,"column":38},"end":{"line":39,"column":5}},"line":28},"2":{"name":"(anonymous_2)","decl":{"start":{"line":47,"column":4},"end":{"line":47,"column":5}},"loc":{"start":{"line":47,"column":27},"end":{"line":50,"column":5}},"line":47},"3":{"name":"(anonymous_3)","decl":{"start":{"line":57,"column":12},"end":{"line":57,"column":13}},"loc":{"start":{"line":57,"column":18},"end":{"line":74,"column":3}},"line":57},"4":{"name":"(anonymous_4)","decl":{"start":{"line":70,"column":11},"end":{"line":70,"column":12}},"loc":{"start":{"line":70,"column":17},"end":{"line":73,"column":5}},"line":70},"5":{"name":"(anonymous_5)","decl":{"start":{"line":80,"column":4},"end":{"line":80,"column":5}},"loc":{"start":{"line":80,"column":35},"end":{"line":94,"column":5}},"line":80},"6":{"name":"(anonymous_6)","decl":{"start":{"line":101,"column":42},"end":{"line":101,"column":43}},"loc":{"start":{"line":101,"column":68},"end":{"line":109,"column":3}},"line":101},"7":{"name":"(anonymous_7)","decl":{"start":{"line":114,"column":45},"end":{"line":114,"column":46}},"loc":{"start":{"line":114,"column":57},"end":{"line":122,"column":3}},"line":114},"8":{"name":"(anonymous_8)","decl":{"start":{"line":127,"column":48},"end":{"line":127,"column":49}},"loc":{"start":{"line":127,"column":60},"end":{"line":134,"column":3}},"line":127}},"branchMap":{"0":{"loc":{"start":{"line":32,"column":6},"end":{"line":35,"column":7}},"type":"if","locations":[{"start":{"line":32,"column":6},"end":{"line":35,"column":7}},{"start":{},"end":{}}],"line":32},"1":{"loc":{"start":{"line":83,"column":8},"end":{"line":86,"column":9}},"type":"if","locations":[{"start":{"line":83,"column":8},"end":{"line":86,"column":9}},{"start":{},"end":{}}],"line":83}},"s":{"0":0,"1":0,"2":0,"3":0,"4":0,"5":0,"6":0,"7":0,"8":0,"9":0,"10":0,"11":0,"12":0,"13":0,"14":0,"15":0,"16":0,"17":0,"18":0,"19":0,"20":0,"21":0,"22":0,"23":0,"24":0,"25":0,"26":0,"27":0,"28":0,"29":0,"30":0,"31":0,"32":0,"33":0,"34":0,"35":0,"36":0,"37":0,"38":0,"39":0,"40":0,"41":0,"42":0,"43":0},"f":{"0":0,"1":0,"2":0,"3":0,"4":0,"5":0,"6":0,"7":0,"8":0},"b":{"0":[0,0],"1":[0,0]}}
,"C:\\projects\\visa-reminder-app\\frontend\\src\\navigation\\RootNavigator.tsx": {"path":"C:\\projects\\visa-reminder-app\\frontend\\src\\navigation\\RootNavigator.tsx","statementMap":{"0":{"start":{"line":15,"column":14},"end":{"line":15,"column":56}},"1":{"start":{"line":18,"column":2},"end":{"line":31,"column":4}}},"fnMap":{"0":{"name":"RootNavigator","decl":{"start":{"line":17,"column":16},"end":{"line":17,"column":29}},"loc":{"start":{"line":17,"column":32},"end":{"line":32,"column":1}},"line":17}},"branchMap":{},"s":{"0":0,"1":0},"f":{"0":0},"b":{}}
,"C:\\projects\\visa-reminder-app\\frontend\\src\\screens\\ChecklistScreen.tsx": {"path":"C:\\projects\\visa-reminder-app\\frontend\\src\\screens\\ChecklistScreen.tsx","statementMap":{"0":{"start":{"line":27,"column":60},"end":{"line":315,"column":1}},"1":{"start":{"line":318,"column":21},"end":{"line":318,"column":36}},"2":{"start":{"line":319,"column":16},"end":{"line":319,"column":52}},"3":{"start":{"line":320,"column":21},"end":{"line":320,"column":33}},"4":{"start":{"line":322,"column":73},"end":{"line":322,"column":92}},"5":{"start":{"line":323,"column":38},"end":{"line":323,"column":71}},"6":{"start":{"line":324,"column":44},"end":{"line":324,"column":76}},"7":{"start":{"line":326,"column":15},"end":{"line":326,"column":49}},"8":{"start":{"line":326,"column":33},"end":{"line":326,"column":48}},"9":{"start":{"line":329,"column":2},"end":{"line":348,"column":37}},"10":{"start":{"line":330,"column":4},"end":{"line":330,"column":22}},"11":{"start":{"line":330,"column":15},"end":{"line":330,"column":22}},"12":{"start":{"line":332,"column":29},"end":{"line":332,"column":68}},"13":{"start":{"line":333,"column":31},"end":{"line":333,"column":69}},"14":{"start":{"line":336,"column":23},"end":{"line":336,"column":51}},"15":{"start":{"line":339,"column":29},"end":{"line":345,"column":7}},"16":{"start":{"line":339,"column":67},"end":{"line":345,"column":5}},"17":{"start":{"line":342,"column":26},"end":{"line":342,"column":80}},"18":{"start":{"line":342,"column":52},"end":{"line":342,"column":79}},"19":{"start":{"line":343,"column":8},"end":{"line":343,"column":41}},"20":{"start":{"line":347,"column":4},"end":{"line":347,"column":36}},"21":{"start":{"line":351,"column":30},"end":{"line":363,"column":3}},"22":{"start":{"line":352,"column":55},"end":{"line":361,"column":5}},"23":{"start":{"line":362,"column":4},"end":{"line":362,"column":43}},"24":{"start":{"line":366,"column":32},"end":{"line":378,"column":3}},"25":{"start":{"line":367,"column":50},"end":{"line":376,"column":5}},"26":{"start":{"line":377,"column":4},"end":{"line":377,"column":33}},"27":{"start":{"line":381,"column":28},"end":{"line":388,"column":18}},"28":{"start":{"line":382,"column":21},"end":{"line":382,"column":59}},"29":{"start":{"line":382,"column":49},"end":{"line":382,"column":58}},"30":{"start":{"line":383,"column":27},"end":{"line":383,"column":68}},"31":{"start":{"line":383,"column":53},"end":{"line":383,"column":67}},"32":{"start":{"line":384,"column":18},"end":{"line":384,"column":33}},"33":{"start":{"line":385,"column":22},"end":{"line":385,"column":43}},"34":{"start":{"line":386,"column":23},"end":{"line":386,"column":76}},"35":{"start":{"line":387,"column":4},"end":{"line":387,"column":44}},"36":{"start":{"line":391,"column":27},"end":{"line":413,"column":3}},"37":{"start":{"line":393,"column":32},"end":{"line":409,"column":8}},"38":{"start":{"line":394,"column":8},"end":{"line":407,"column":9}},"39":{"start":{"line":395,"column":10},"end":{"line":406,"column":12}},"40":{"start":{"line":398,"column":14},"end":{"line":403,"column":15}},"41":{"start":{"line":399,"column":32},"end":{"line":399,"column":71}},"42":{"start":{"line":401,"column":16},"end":{"line":401,"column":86}},"43":{"start":{"line":402,"column":16},"end":{"line":402,"column":31}},"44":{"start":{"line":404,"column":14},"end":{"line":404,"column":26}},"45":{"start":{"line":408,"column":8},"end":{"line":408,"column":24}},"46":{"start":{"line":410,"column":6},"end":{"line":410,"column":39}},"47":{"start":{"line":416,"column":27},"end":{"line":426,"column":8}},"48":{"start":{"line":417,"column":4},"end":{"line":425,"column":7}},"49":{"start":{"line":418,"column":19},"end":{"line":418,"column":32}},"50":{"start":{"line":419,"column":6},"end":{"line":423,"column":7}},"51":{"start":{"line":420,"column":8},"end":{"line":420,"column":28}},"52":{"start":{"line":422,"column":8},"end":{"line":422,"column":25}},"53":{"start":{"line":424,"column":6},"end":{"line":424,"column":18}},"54":{"start":{"line":429,"column":27},"end":{"line":451,"column":3}},"55":{"start":{"line":431,"column":32},"end":{"line":447,"column":8}},"56":{"start":{"line":432,"column":8},"end":{"line":445,"column":9}},"57":{"start":{"line":433,"column":10},"end":{"line":444,"column":12}},"58":{"start":{"line":436,"column":14},"end":{"line":441,"column":15}},"59":{"start":{"line":437,"column":32},"end":{"line":437,"column":49}},"60":{"start":{"line":439,"column":16},"end":{"line":439,"column":62}},"61":{"start":{"line":440,"column":16},"end":{"line":440,"column":31}},"62":{"start":{"line":442,"column":14},"end":{"line":442,"column":26}},"63":{"start":{"line":446,"column":8},"end":{"line":446,"column":24}},"64":{"start":{"line":448,"column":6},"end":{"line":448,"column":39}},"65":{"start":{"line":454,"column":32},"end":{"line":465,"column":47}},"66":{"start":{"line":455,"column":30},"end":{"line":463,"column":7}},"67":{"start":{"line":455,"column":60},"end":{"line":463,"column":5}},"68":{"start":{"line":458,"column":8},"end":{"line":460,"column":9}},"69":{"start":{"line":459,"column":10},"end":{"line":459,"column":68}},"70":{"start":{"line":461,"column":8},"end":{"line":461,"column":44}},"71":{"start":{"line":464,"column":4},"end":{"line":464,"column":37}},"72":{"start":{"line":468,"column":22},"end":{"line":496,"column":36}},"73":{"start":{"line":469,"column":24},"end":{"line":474,"column":5}},"74":{"start":{"line":470,"column":6},"end":{"line":470,"column":29}},"75":{"start":{"line":471,"column":31},"end":{"line":471,"column":71}},"76":{"start":{"line":472,"column":6},"end":{"line":472,"column":60}},"77":{"start":{"line":473,"column":6},"end":{"line":473,"column":34}},"78":{"start":{"line":476,"column":4},"end":{"line":495,"column":5}},"79":{"start":{"line":478,"column":24},"end":{"line":478,"column":63}},"80":{"start":{"line":479,"column":6},"end":{"line":481,"column":7}},"81":{"start":{"line":480,"column":8},"end":{"line":480,"column":22}},"82":{"start":{"line":483,"column":6},"end":{"line":494,"column":8}},"83":{"start":{"line":499,"column":25},"end":{"line":502,"column":8}},"84":{"start":{"line":500,"column":16},"end":{"line":500,"column":78}},"85":{"start":{"line":501,"column":4},"end":{"line":501,"column":25}},"86":{"start":{"line":504,"column":2},"end":{"line":510,"column":3}},"87":{"start":{"line":505,"column":4},"end":{"line":509,"column":6}},"88":{"start":{"line":512,"column":19},"end":{"line":512,"column":38}},"89":{"start":{"line":514,"column":2},"end":{"line":636,"column":4}},"90":{"start":{"line":520,"column":25},"end":{"line":520,"column":44}},"91":{"start":{"line":572,"column":10},"end":{"line":602,"column":17}},"92":{"start":{"line":584,"column":53},"end":{"line":584,"column":67}},"93":{"start":{"line":591,"column":16},"end":{"line":599,"column":18}},"94":{"start":{"line":612,"column":12},"end":{"line":617,"column":13}},"95":{"start":{"line":614,"column":14},"end":{"line":614,"column":48}},"96":{"start":{"line":616,"column":14},"end":{"line":616,"column":51}},"97":{"start":{"line":657,"column":34},"end":{"line":657,"column":59}},"98":{"start":{"line":659,"column":27},"end":{"line":662,"column":3}},"99":{"start":{"line":660,"column":4},"end":{"line":660,"column":22}},"100":{"start":{"line":661,"column":4},"end":{"line":661,"column":44}},"101":{"start":{"line":664,"column":2},"end":{"line":750,"column":4}},"102":{"start":{"line":667,"column":21},"end":{"line":667,"column":50}},"103":{"start":{"line":691,"column":14},"end":{"line":710,"column":21}},"104":{"start":{"line":734,"column":27},"end":{"line":734,"column":48}},"105":{"start":{"line":753,"column":15},"end":{"line":1065,"column":2}}},"fnMap":{"0":{"name":"ChecklistScreen","decl":{"start":{"line":317,"column":16},"end":{"line":317,"column":31}},"loc":{"start":{"line":317,"column":34},"end":{"line":637,"column":1}},"line":317},"1":{"name":"(anonymous_1)","decl":{"start":{"line":326,"column":26},"end":{"line":326,"column":27}},"loc":{"start":{"line":326,"column":33},"end":{"line":326,"column":48}},"line":326},"2":{"name":"(anonymous_2)","decl":{"start":{"line":329,"column":12},"end":{"line":329,"column":13}},"loc":{"start":{"line":329,"column":18},"end":{"line":348,"column":3}},"line":329},"3":{"name":"(anonymous_3)","decl":{"start":{"line":339,"column":52},"end":{"line":339,"column":53}},"loc":{"start":{"line":339,"column":67},"end":{"line":345,"column":5}},"line":339},"4":{"name":"(anonymous_4)","decl":{"start":{"line":341,"column":32},"end":{"line":341,"column":33}},"loc":{"start":{"line":341,"column":50},"end":{"line":344,"column":7}},"line":341},"5":{"name":"(anonymous_5)","decl":{"start":{"line":342,"column":42},"end":{"line":342,"column":43}},"loc":{"start":{"line":342,"column":52},"end":{"line":342,"column":79}},"line":342},"6":{"name":"(anonymous_6)","decl":{"start":{"line":351,"column":30},"end":{"line":351,"column":31}},"loc":{"start":{"line":351,"column":63},"end":{"line":363,"column":3}},"line":351},"7":{"name":"(anonymous_7)","decl":{"start":{"line":366,"column":32},"end":{"line":366,"column":33}},"loc":{"start":{"line":366,"column":65},"end":{"line":378,"column":3}},"line":366},"8":{"name":"(anonymous_8)","decl":{"start":{"line":381,"column":40},"end":{"line":381,"column":41}},"loc":{"start":{"line":381,"column":46},"end":{"line":388,"column":3}},"line":381},"9":{"name":"(anonymous_9)","decl":{"start":{"line":382,"column":40},"end":{"line":382,"column":41}},"loc":{"start":{"line":382,"column":49},"end":{"line":382,"column":58}},"line":382},"10":{"name":"(anonymous_10)","decl":{"start":{"line":383,"column":43},"end":{"line":383,"column":44}},"loc":{"start":{"line":383,"column":53},"end":{"line":383,"column":67}},"line":383},"11":{"name":"(anonymous_11)","decl":{"start":{"line":392,"column":4},"end":{"line":392,"column":5}},"loc":{"start":{"line":392,"column":50},"end":{"line":411,"column":5}},"line":392},"12":{"name":"(anonymous_12)","decl":{"start":{"line":393,"column":47},"end":{"line":393,"column":48}},"loc":{"start":{"line":393,"column":61},"end":{"line":409,"column":7}},"line":393},"13":{"name":"(anonymous_13)","decl":{"start":{"line":397,"column":38},"end":{"line":397,"column":39}},"loc":{"start":{"line":397,"column":48},"end":{"line":405,"column":13}},"line":397},"14":{"name":"(anonymous_14)","decl":{"start":{"line":416,"column":39},"end":{"line":416,"column":40}},"loc":{"start":{"line":416,"column":59},"end":{"line":426,"column":3}},"line":416},"15":{"name":"(anonymous_15)","decl":{"start":{"line":417,"column":21},"end":{"line":417,"column":22}},"loc":{"start":{"line":417,"column":31},"end":{"line":425,"column":5}},"line":417},"16":{"name":"(anonymous_16)","decl":{"start":{"line":430,"column":4},"end":{"line":430,"column":5}},"loc":{"start":{"line":430,"column":64},"end":{"line":449,"column":5}},"line":430},"17":{"name":"(anonymous_17)","decl":{"start":{"line":431,"column":47},"end":{"line":431,"column":48}},"loc":{"start":{"line":431,"column":61},"end":{"line":447,"column":7}},"line":431},"18":{"name":"(anonymous_18)","decl":{"start":{"line":435,"column":38},"end":{"line":435,"column":39}},"loc":{"start":{"line":435,"column":48},"end":{"line":443,"column":13}},"line":435},"19":{"name":"(anonymous_19)","decl":{"start":{"line":454,"column":44},"end":{"line":454,"column":45}},"loc":{"start":{"line":454,"column":50},"end":{"line":465,"column":3}},"line":454},"20":{"name":"(anonymous_20)","decl":{"start":{"line":455,"column":45},"end":{"line":455,"column":46}},"loc":{"start":{"line":455,"column":60},"end":{"line":463,"column":5}},"line":455},"21":{"name":"(anonymous_21)","decl":{"start":{"line":457,"column":32},"end":{"line":457,"column":33}},"loc":{"start":{"line":457,"column":42},"end":{"line":462,"column":7}},"line":457},"22":{"name":"(anonymous_22)","decl":{"start":{"line":468,"column":34},"end":{"line":468,"column":35}},"loc":{"start":{"line":468,"column":40},"end":{"line":496,"column":3}},"line":468},"23":{"name":"(anonymous_23)","decl":{"start":{"line":469,"column":24},"end":{"line":469,"column":25}},"loc":{"start":{"line":469,"column":30},"end":{"line":474,"column":5}},"line":469},"24":{"name":"(anonymous_24)","decl":{"start":{"line":499,"column":37},"end":{"line":499,"column":38}},"loc":{"start":{"line":499,"column":43},"end":{"line":502,"column":3}},"line":499},"25":{"name":"(anonymous_25)","decl":{"start":{"line":520,"column":19},"end":{"line":520,"column":20}},"loc":{"start":{"line":520,"column":25},"end":{"line":520,"column":44}},"line":520},"26":{"name":"(anonymous_26)","decl":{"start":{"line":571,"column":24},"end":{"line":571,"column":25}},"loc":{"start":{"line":572,"column":10},"end":{"line":602,"column":17}},"line":572},"27":{"name":"(anonymous_27)","decl":{"start":{"line":584,"column":43},"end":{"line":584,"column":44}},"loc":{"start":{"line":584,"column":53},"end":{"line":584,"column":67}},"line":584},"28":{"name":"(anonymous_28)","decl":{"start":{"line":590,"column":34},"end":{"line":590,"column":35}},"loc":{"start":{"line":591,"column":16},"end":{"line":599,"column":18}},"line":591},"29":{"name":"(anonymous_29)","decl":{"start":{"line":610,"column":19},"end":{"line":610,"column":20}},"loc":{"start":{"line":610,"column":25},"end":{"line":618,"column":11}},"line":610},"30":{"name":"ChecklistItemComponent","decl":{"start":{"line":649,"column":9},"end":{"line":649,"column":31}},"loc":{"start":{"line":656,"column":23},"end":{"line":751,"column":1}},"line":656},"31":{"name":"(anonymous_31)","decl":{"start":{"line":659,"column":27},"end":{"line":659,"column":28}},"loc":{"start":{"line":659,"column":45},"end":{"line":662,"column":3}},"line":659},"32":{"name":"(anonymous_32)","decl":{"start":{"line":667,"column":15},"end":{"line":667,"column":16}},"loc":{"start":{"line":667,"column":21},"end":{"line":667,"column":50}},"line":667},"33":{"name":"(anonymous_33)","decl":{"start":{"line":690,"column":27},"end":{"line":690,"column":28}},"loc":{"start":{"line":691,"column":14},"end":{"line":710,"column":21}},"line":691},"34":{"name":"(anonymous_34)","decl":{"start":{"line":734,"column":21},"end":{"line":734,"column":22}},"loc":{"start":{"line":734,"column":27},"end":{"line":734,"column":48}},"line":734}},"branchMap":{"0":{"loc":{"start":{"line":330,"column":4},"end":{"line":330,"column":22}},"type":"if","locations":[{"start":{"line":330,"column":4},"end":{"line":330,"column":22}},{"start":{},"end":{}}],"line":330},"1":{"loc":{"start":{"line":333,"column":31},"end":{"line":333,"column":69}},"type":"binary-expr","locations":[{"start":{"line":333,"column":31},"end":{"line":333,"column":63}},{"start":{"line":333,"column":67},"end":{"line":333,"column":69}}],"line":333},"2":{"loc":{"start":{"line":336,"column":23},"end":{"line":336,"column":51}},"type":"binary-expr","locations":[{"start":{"line":336,"column":23},"end":{"line":336,"column":45}},{"start":{"line":336,"column":49},"end":{"line":336,"column":51}}],"line":336},"3":{"loc":{"start":{"line":343,"column":15},"end":{"line":343,"column":40}},"type":"binary-expr","locations":[{"start":{"line":343,"column":15},"end":{"line":343,"column":24}},{"start":{"line":343,"column":28},"end":{"line":343,"column":40}}],"line":343},"4":{"loc":{"start":{"line":362,"column":11},"end":{"line":362,"column":42}},"type":"binary-expr","locations":[{"start":{"line":362,"column":11},"end":{"line":362,"column":28}},{"start":{"line":362,"column":32},"end":{"line":362,"column":42}}],"line":362},"5":{"loc":{"start":{"line":377,"column":11},"end":{"line":377,"column":32}},"type":"binary-expr","locations":[{"start":{"line":377,"column":11},"end":{"line":377,"column":23}},{"start":{"line":377,"column":27},"end":{"line":377,"column":32}}],"line":377},"6":{"loc":{"start":{"line":386,"column":23},"end":{"line":386,"column":76}},"type":"cond-expr","locations":[{"start":{"line":386,"column":35},"end":{"line":386,"column":72}},{"start":{"line":386,"column":75},"end":{"line":386,"column":76}}],"line":386},"7":{"loc":{"start":{"line":394,"column":8},"end":{"line":407,"column":9}},"type":"if","locations":[{"start":{"line":394,"column":8},"end":{"line":407,"column":9}},{"start":{},"end":{}}],"line":394},"8":{"loc":{"start":{"line":398,"column":14},"end":{"line":403,"column":15}},"type":"if","locations":[{"start":{"line":398,"column":14},"end":{"line":403,"column":15}},{"start":{},"end":{}}],"line":398},"9":{"loc":{"start":{"line":419,"column":6},"end":{"line":423,"column":7}},"type":"if","locations":[{"start":{"line":419,"column":6},"end":{"line":423,"column":7}},{"start":{"line":421,"column":13},"end":{"line":423,"column":7}}],"line":419},"10":{"loc":{"start":{"line":432,"column":8},"end":{"line":445,"column":9}},"type":"if","locations":[{"start":{"line":432,"column":8},"end":{"line":445,"column":9}},{"start":{},"end":{}}],"line":432},"11":{"loc":{"start":{"line":436,"column":14},"end":{"line":441,"column":15}},"type":"if","locations":[{"start":{"line":436,"column":14},"end":{"line":441,"column":15}},{"start":{},"end":{}}],"line":436},"12":{"loc":{"start":{"line":458,"column":8},"end":{"line":460,"column":9}},"type":"if","locations":[{"start":{"line":458,"column":8},"end":{"line":460,"column":9}},{"start":{},"end":{}}],"line":458},"13":{"loc":{"start":{"line":472,"column":20},"end":{"line":472,"column":58}},"type":"binary-expr","locations":[{"start":{"line":472,"column":20},"end":{"line":472,"column":52}},{"start":{"line":472,"column":56},"end":{"line":472,"column":58}}],"line":472},"14":{"loc":{"start":{"line":476,"column":4},"end":{"line":495,"column":5}},"type":"if","locations":[{"start":{"line":476,"column":4},"end":{"line":495,"column":5}},{"start":{"line":482,"column":11},"end":{"line":495,"column":5}}],"line":476},"15":{"loc":{"start":{"line":479,"column":6},"end":{"line":481,"column":7}},"type":"if","locations":[{"start":{"line":479,"column":6},"end":{"line":481,"column":7}},{"start":{},"end":{}}],"line":479},"16":{"loc":{"start":{"line":504,"column":2},"end":{"line":510,"column":3}},"type":"if","locations":[{"start":{"line":504,"column":2},"end":{"line":510,"column":3}},{"start":{},"end":{}}],"line":504},"17":{"loc":{"start":{"line":573,"column":13},"end":{"line":573,"column":65}},"type":"binary-expr","locations":[{"start":{"line":573,"column":13},"end":{"line":573,"column":30}},{"start":{"line":573,"column":34},"end":{"line":573,"column":65}}],"line":573},"18":{"loc":{"start":{"line":612,"column":12},"end":{"line":617,"column":13}},"type":"if","locations":[{"start":{"line":612,"column":12},"end":{"line":617,"column":13}},{"start":{"line":615,"column":19},"end":{"line":617,"column":13}}],"line":612},"19":{"loc":{"start":{"line":657,"column":43},"end":{"line":657,"column":58}},"type":"binary-expr","locations":[{"start":{"line":657,"column":43},"end":{"line":657,"column":52}},{"start":{"line":657,"column":56},"end":{"line":657,"column":58}}],"line":657},"20":{"loc":{"start":{"line":666,"column":36},"end":{"line":666,"column":83}},"type":"binary-expr","locations":[{"start":{"line":666,"column":36},"end":{"line":666,"column":50}},{"start":{"line":666,"column":54},"end":{"line":666,"column":83}}],"line":666},"21":{"loc":{"start":{"line":671,"column":43},"end":{"line":671,"column":72}},"type":"cond-expr","locations":[{"start":{"line":671,"column":60},"end":{"line":671,"column":64}},{"start":{"line":671,"column":67},"end":{"line":671,"column":72}}],"line":671},"22":{"loc":{"start":{"line":675,"column":39},"end":{"line":675,"column":81}},"type":"binary-expr","locations":[{"start":{"line":675,"column":39},"end":{"line":675,"column":53}},{"start":{"line":675,"column":57},"end":{"line":675,"column":81}}],"line":675},"23":{"loc":{"start":{"line":676,"column":11},"end":{"line":676,"column":99}},"type":"binary-expr","locations":[{"start":{"line":676,"column":11},"end":{"line":676,"column":25}},{"start":{"line":676,"column":29},"end":{"line":676,"column":99}}],"line":676},"24":{"loc":{"start":{"line":681,"column":42},"end":{"line":681,"column":85}},"type":"binary-expr","locations":[{"start":{"line":681,"column":42},"end":{"line":681,"column":56}},{"start":{"line":681,"column":60},"end":{"line":681,"column":85}}],"line":681},"25":{"loc":{"start":{"line":695,"column":18},"end":{"line":695,"column":52}},"type":"binary-expr","locations":[{"start":{"line":695,"column":18},"end":{"line":695,"column":30}},{"start":{"line":695,"column":34},"end":{"line":695,"column":52}}],"line":695},"26":{"loc":{"start":{"line":696,"column":18},"end":{"line":696,"column":52}},"type":"binary-expr","locations":[{"start":{"line":696,"column":18},"end":{"line":696,"column":30}},{"start":{"line":696,"column":34},"end":{"line":696,"column":52}}],"line":696},"27":{"loc":{"start":{"line":697,"column":18},"end":{"line":697,"column":92}},"type":"binary-expr","locations":[{"start":{"line":697,"column":19},"end":{"line":697,"column":33}},{"start":{"line":697,"column":37},"end":{"line":697,"column":51}},{"start":{"line":697,"column":55},"end":{"line":697,"column":69}},{"start":{"line":697,"column":74},"end":{"line":697,"column":92}}],"line":697},"28":{"loc":{"start":{"line":703,"column":20},"end":{"line":703,"column":58}},"type":"binary-expr","locations":[{"start":{"line":703,"column":20},"end":{"line":703,"column":32}},{"start":{"line":703,"column":36},"end":{"line":703,"column":58}}],"line":703},"29":{"loc":{"start":{"line":704,"column":20},"end":{"line":704,"column":58}},"type":"binary-expr","locations":[{"start":{"line":704,"column":20},"end":{"line":704,"column":32}},{"start":{"line":704,"column":36},"end":{"line":704,"column":58}}],"line":704},"30":{"loc":{"start":{"line":705,"column":20},"end":{"line":705,"column":98}},"type":"binary-expr","locations":[{"start":{"line":705,"column":21},"end":{"line":705,"column":35}},{"start":{"line":705,"column":39},"end":{"line":705,"column":53}},{"start":{"line":705,"column":57},"end":{"line":705,"column":71}},{"start":{"line":705,"column":76},"end":{"line":705,"column":98}}],"line":705},"31":{"loc":{"start":{"line":715,"column":11},"end":{"line":729,"column":11}},"type":"binary-expr","locations":[{"start":{"line":715,"column":11},"end":{"line":715,"column":25}},{"start":{"line":716,"column":12},"end":{"line":728,"column":19}}],"line":715},"32":{"loc":{"start":{"line":735,"column":32},"end":{"line":735,"column":67}},"type":"cond-expr","locations":[{"start":{"line":735,"column":49},"end":{"line":735,"column":57}},{"start":{"line":735,"column":60},"end":{"line":735,"column":67}}],"line":735},"33":{"loc":{"start":{"line":739,"column":20},"end":{"line":739,"column":68}},"type":"cond-expr","locations":[{"start":{"line":739,"column":37},"end":{"line":739,"column":49}},{"start":{"line":739,"column":52},"end":{"line":739,"column":68}}],"line":739},"34":{"loc":{"start":{"line":744,"column":15},"end":{"line":744,"column":50}},"type":"cond-expr","locations":[{"start":{"line":744,"column":32},"end":{"line":744,"column":40}},{"start":{"line":744,"column":43},"end":{"line":744,"column":50}}],"line":744}},"s":{"0":0,"1":0,"2":0,"3":0,"4":0,"5":0,"6":0,"7":0,"8":0,"9":0,"10":0,"11":0,"12":0,"13":0,"14":0,"15":0,"16":0,"17":0,"18":0,"19":0,"20":0,"21":0,"22":0,"23":0,"24":0,"25":0,"26":0,"27":0,"28":0,"29":0,"30":0,"31":0,"32":0,"33":0,"34":0,"35":0,"36":0,"37":0,"38":0,"39":0,"40":0,"41":0,"42":0,"43":0,"44":0,"45":0,"46":0,"47":0,"48":0,"49":0,"50":0,"51":0,"52":0,"53":0,"54":0,"55":0,"56":0,"57":0,"58":0,"59":0,"60":0,"61":0,"62":0,"63":0,"64":0,"65":0,"66":0,"67":0,"68":0,"69":0,"70":0,"71":0,"72":0,"73":0,"74":0,"75":0,"76":0,"77":0,"78":0,"79":0,"80":0,"81":0,"82":0,"83":0,"84":0,"85":0,"86":0,"87":0,"88":0,"89":0,"90":0,"91":0,"92":0,"93":0,"94":0,"95":0,"96":0,"97":0,"98":0,"99":0,"100":0,"101":0,"102":0,"103":0,"104":0,"105":0},"f":{"0":0,"1":0,"2":0,"3":0,"4":0,"5":0,"6":0,"7":0,"8":0,"9":0,"10":0,"11":0,"12":0,"13":0,"14":0,"15":0,"16":0,"17":0,"18":0,"19":0,"20":0,"21":0,"22":0,"23":0,"24":0,"25":0,"26":0,"27":0,"28":0,"29":0,"30":0,"31":0,"32":0,"33":0,"34":0},"b":{"0":[0,0],"1":[0,0],"2":[0,0],"3":[0,0],"4":[0,0],"5":[0,0],"6":[0,0],"7":[0,0],"8":[0,0],"9":[0,0],"10":[0,0],"11":[0,0],"12":[0,0],"13":[0,0],"14":[0,0],"15":[0,0],"16":[0,0],"17":[0,0],"18":[0,0],"19":[0,0],"20":[0,0],"21":[0,0],"22":[0,0],"23":[0,0],"24":[0,0],"25":[0,0],"26":[0,0],"27":[0,0,0,0],"28":[0,0],"29":[0,0],"30":[0,0,0,0],"31":[0,0],"32":[0,0],"33":[0,0],"34":[0,0]}}
,"C:\\projects\\visa-reminder-app\\frontend\\src\\screens\\EditScreen.tsx": {"path":"C:\\projects\\visa-reminder-app\\frontend\\src\\screens\\EditScreen.tsx","statementMap":{"0":{"start":{"line":23,"column":67},"end":{"line":32,"column":1}},"1":{"start":{"line":34,"column":21},"end":{"line":34,"column":62}},"2":{"start":{"line":35,"column":16},"end":{"line":35,"column":47}},"3":{"start":{"line":36,"column":44},"end":{"line":36,"column":63}},"4":{"start":{"line":38,"column":46},"end":{"line":38,"column":58}},"5":{"start":{"line":39,"column":44},"end":{"line":39,"column":76}},"6":{"start":{"line":40,"column":26},"end":{"line":40,"column":38}},"7":{"start":{"line":41,"column":46},"end":{"line":41,"column":61}},"8":{"start":{"line":42,"column":36},"end":{"line":42,"column":48}},"9":{"start":{"line":43,"column":38},"end":{"line":43,"column":53}},"10":{"start":{"line":46,"column":26},"end":{"line":46,"column":29}},"11":{"start":{"line":49,"column":17},"end":{"line":49,"column":36}},"12":{"start":{"line":52,"column":2},"end":{"line":68,"column":34}},"13":{"start":{"line":53,"column":17},"end":{"line":53,"column":51}},"14":{"start":{"line":53,"column":35},"end":{"line":53,"column":50}},"15":{"start":{"line":54,"column":4},"end":{"line":67,"column":5}},"16":{"start":{"line":55,"column":6},"end":{"line":55,"column":45}},"17":{"start":{"line":56,"column":6},"end":{"line":56,"column":43}},"18":{"start":{"line":57,"column":6},"end":{"line":57,"column":31}},"19":{"start":{"line":60,"column":6},"end":{"line":65,"column":7}},"20":{"start":{"line":62,"column":8},"end":{"line":62,"column":46}},"21":{"start":{"line":64,"column":8},"end":{"line":64,"column":48}},"22":{"start":{"line":66,"column":6},"end":{"line":66,"column":34}},"23":{"start":{"line":70,"column":27},"end":{"line":87,"column":8}},"24":{"start":{"line":71,"column":4},"end":{"line":71,"column":28}},"25":{"start":{"line":74,"column":4},"end":{"line":86,"column":5}},"26":{"start":{"line":75,"column":27},"end":{"line":75,"column":41}},"27":{"start":{"line":76,"column":20},"end":{"line":76,"column":30}},"28":{"start":{"line":77,"column":6},"end":{"line":77,"column":33}},"29":{"start":{"line":79,"column":6},"end":{"line":83,"column":7}},"30":{"start":{"line":80,"column":8},"end":{"line":80,"column":38}},"31":{"start":{"line":82,"column":8},"end":{"line":82,"column":25}},"32":{"start":{"line":85,"column":6},"end":{"line":85,"column":23}},"33":{"start":{"line":90,"column":22},"end":{"line":92,"column":48}},"34":{"start":{"line":91,"column":4},"end":{"line":91,"column":57}},"35":{"start":{"line":95,"column":21},"end":{"line":117,"column":88}},"36":{"start":{"line":96,"column":4},"end":{"line":98,"column":5}},"37":{"start":{"line":97,"column":6},"end":{"line":97,"column":13}},"38":{"start":{"line":100,"column":4},"end":{"line":116,"column":5}},"39":{"start":{"line":101,"column":6},"end":{"line":105,"column":9}},"40":{"start":{"line":108,"column":6},"end":{"line":108,"column":34}},"41":{"start":{"line":110,"column":6},"end":{"line":115,"column":7}},"42":{"start":{"line":112,"column":8},"end":{"line":112,"column":38}},"43":{"start":{"line":114,"column":8},"end":{"line":114,"column":40}},"44":{"start":{"line":120,"column":23},"end":{"line":146,"column":8}},"45":{"start":{"line":121,"column":20},"end":{"line":121,"column":51}},"46":{"start":{"line":123,"column":4},"end":{"line":145,"column":5}},"47":{"start":{"line":125,"column":24},"end":{"line":125,"column":51}},"48":{"start":{"line":126,"column":6},"end":{"line":128,"column":7}},"49":{"start":{"line":127,"column":8},"end":{"line":127,"column":24}},"50":{"start":{"line":130,"column":6},"end":{"line":144,"column":8}},"51":{"start":{"line":149,"column":24},"end":{"line":164,"column":38}},"52":{"start":{"line":150,"column":4},"end":{"line":150,"column":24}},"53":{"start":{"line":151,"column":4},"end":{"line":163,"column":5}},"54":{"start":{"line":152,"column":6},"end":{"line":152,"column":31}},"55":{"start":{"line":153,"column":6},"end":{"line":153,"column":34}},"56":{"start":{"line":155,"column":6},"end":{"line":160,"column":7}},"57":{"start":{"line":157,"column":8},"end":{"line":157,"column":38}},"58":{"start":{"line":159,"column":8},"end":{"line":159,"column":40}},"59":{"start":{"line":162,"column":6},"end":{"line":162,"column":27}},"60":{"start":{"line":166,"column":22},"end":{"line":170,"column":8}},"61":{"start":{"line":167,"column":4},"end":{"line":167,"column":34}},"62":{"start":{"line":167,"column":21},"end":{"line":167,"column":34}},"63":{"start":{"line":168,"column":17},"end":{"line":168,"column":37}},"64":{"start":{"line":169,"column":4},"end":{"line":169,"column":58}},"65":{"start":{"line":172,"column":34},"end":{"line":175,"column":35}},"66":{"start":{"line":173,"column":4},"end":{"line":173,"column":69}},"67":{"start":{"line":173,"column":57},"end":{"line":173,"column":69}},"68":{"start":{"line":174,"column":4},"end":{"line":174,"column":50}},"69":{"start":{"line":177,"column":27},"end":{"line":180,"column":35}},"70":{"start":{"line":178,"column":4},"end":{"line":178,"column":69}},"71":{"start":{"line":178,"column":57},"end":{"line":178,"column":69}},"72":{"start":{"line":179,"column":4},"end":{"line":179,"column":66}},"73":{"start":{"line":181,"column":23},"end":{"line":181,"column":77}},"74":{"start":{"line":181,"column":51},"end":{"line":181,"column":76}},"75":{"start":{"line":182,"column":26},"end":{"line":182,"column":67}},"76":{"start":{"line":183,"column":22},"end":{"line":183,"column":101}},"77":{"start":{"line":185,"column":2},"end":{"line":418,"column":4}},"78":{"start":{"line":190,"column":25},"end":{"line":190,"column":44}},"79":{"start":{"line":253,"column":29},"end":{"line":253,"column":63}},"80":{"start":{"line":265,"column":18},"end":{"line":279,"column":37}},"81":{"start":{"line":269,"column":22},"end":{"line":269,"column":51}},"82":{"start":{"line":270,"column":22},"end":{"line":270,"column":47}},"83":{"start":{"line":336,"column":18},"end":{"line":341,"column":25}},"84":{"start":{"line":410,"column":25},"end":{"line":410,"column":44}},"85":{"start":{"line":421,"column":15},"end":{"line":735,"column":2}}},"fnMap":{"0":{"name":"EditScreen","decl":{"start":{"line":33,"column":16},"end":{"line":33,"column":26}},"loc":{"start":{"line":33,"column":29},"end":{"line":419,"column":1}},"line":33},"1":{"name":"(anonymous_1)","decl":{"start":{"line":52,"column":12},"end":{"line":52,"column":13}},"loc":{"start":{"line":52,"column":18},"end":{"line":68,"column":3}},"line":52},"2":{"name":"(anonymous_2)","decl":{"start":{"line":53,"column":28},"end":{"line":53,"column":29}},"loc":{"start":{"line":53,"column":35},"end":{"line":53,"column":50}},"line":53},"3":{"name":"(anonymous_3)","decl":{"start":{"line":70,"column":39},"end":{"line":70,"column":40}},"loc":{"start":{"line":70,"column":57},"end":{"line":87,"column":3}},"line":70},"4":{"name":"(anonymous_4)","decl":{"start":{"line":90,"column":34},"end":{"line":90,"column":35}},"loc":{"start":{"line":90,"column":40},"end":{"line":92,"column":3}},"line":90},"5":{"name":"(anonymous_5)","decl":{"start":{"line":95,"column":33},"end":{"line":95,"column":34}},"loc":{"start":{"line":95,"column":45},"end":{"line":117,"column":3}},"line":95},"6":{"name":"(anonymous_6)","decl":{"start":{"line":120,"column":35},"end":{"line":120,"column":36}},"loc":{"start":{"line":120,"column":41},"end":{"line":146,"column":3}},"line":120},"7":{"name":"(anonymous_7)","decl":{"start":{"line":149,"column":36},"end":{"line":149,"column":37}},"loc":{"start":{"line":149,"column":48},"end":{"line":164,"column":3}},"line":149},"8":{"name":"(anonymous_8)","decl":{"start":{"line":166,"column":34},"end":{"line":166,"column":35}},"loc":{"start":{"line":166,"column":58},"end":{"line":170,"column":3}},"line":166},"9":{"name":"(anonymous_9)","decl":{"start":{"line":172,"column":46},"end":{"line":172,"column":47}},"loc":{"start":{"line":172,"column":52},"end":{"line":175,"column":3}},"line":172},"10":{"name":"(anonymous_10)","decl":{"start":{"line":177,"column":39},"end":{"line":177,"column":40}},"loc":{"start":{"line":177,"column":45},"end":{"line":180,"column":3}},"line":177},"11":{"name":"(anonymous_11)","decl":{"start":{"line":181,"column":44},"end":{"line":181,"column":45}},"loc":{"start":{"line":181,"column":51},"end":{"line":181,"column":76}},"line":181},"12":{"name":"(anonymous_12)","decl":{"start":{"line":190,"column":19},"end":{"line":190,"column":20}},"loc":{"start":{"line":190,"column":25},"end":{"line":190,"column":44}},"line":190},"13":{"name":"(anonymous_13)","decl":{"start":{"line":253,"column":23},"end":{"line":253,"column":24}},"loc":{"start":{"line":253,"column":29},"end":{"line":253,"column":63}},"line":253},"14":{"name":"(anonymous_14)","decl":{"start":{"line":264,"column":37},"end":{"line":264,"column":38}},"loc":{"start":{"line":265,"column":18},"end":{"line":279,"column":37}},"line":265},"15":{"name":"(anonymous_15)","decl":{"start":{"line":268,"column":29},"end":{"line":268,"column":30}},"loc":{"start":{"line":268,"column":35},"end":{"line":271,"column":21}},"line":268},"16":{"name":"(anonymous_16)","decl":{"start":{"line":335,"column":22},"end":{"line":335,"column":23}},"loc":{"start":{"line":336,"column":18},"end":{"line":341,"column":25}},"line":336},"17":{"name":"(anonymous_17)","decl":{"start":{"line":410,"column":19},"end":{"line":410,"column":20}},"loc":{"start":{"line":410,"column":25},"end":{"line":410,"column":44}},"line":410}},"branchMap":{"0":{"loc":{"start":{"line":54,"column":4},"end":{"line":67,"column":5}},"type":"if","locations":[{"start":{"line":54,"column":4},"end":{"line":67,"column":5}},{"start":{"line":58,"column":11},"end":{"line":67,"column":5}}],"line":54},"1":{"loc":{"start":{"line":57,"column":14},"end":{"line":57,"column":29}},"type":"binary-expr","locations":[{"start":{"line":57,"column":14},"end":{"line":57,"column":23}},{"start":{"line":57,"column":27},"end":{"line":57,"column":29}}],"line":57},"2":{"loc":{"start":{"line":60,"column":6},"end":{"line":65,"column":7}},"type":"if","locations":[{"start":{"line":60,"column":6},"end":{"line":65,"column":7}},{"start":{"line":63,"column":13},"end":{"line":65,"column":7}}],"line":60},"3":{"loc":{"start":{"line":74,"column":4},"end":{"line":86,"column":5}},"type":"if","locations":[{"start":{"line":74,"column":4},"end":{"line":86,"column":5}},{"start":{"line":84,"column":11},"end":{"line":86,"column":5}}],"line":74},"4":{"loc":{"start":{"line":79,"column":6},"end":{"line":83,"column":7}},"type":"if","locations":[{"start":{"line":79,"column":6},"end":{"line":83,"column":7}},{"start":{"line":81,"column":13},"end":{"line":83,"column":7}}],"line":79},"5":{"loc":{"start":{"line":91,"column":11},"end":{"line":91,"column":56}},"type":"binary-expr","locations":[{"start":{"line":91,"column":11},"end":{"line":91,"column":25}},{"start":{"line":91,"column":29},"end":{"line":91,"column":42}},{"start":{"line":91,"column":46},"end":{"line":91,"column":56}}],"line":91},"6":{"loc":{"start":{"line":96,"column":4},"end":{"line":98,"column":5}},"type":"if","locations":[{"start":{"line":96,"column":4},"end":{"line":98,"column":5}},{"start":{},"end":{}}],"line":96},"7":{"loc":{"start":{"line":110,"column":6},"end":{"line":115,"column":7}},"type":"if","locations":[{"start":{"line":110,"column":6},"end":{"line":115,"column":7}},{"start":{"line":113,"column":13},"end":{"line":115,"column":7}}],"line":110},"8":{"loc":{"start":{"line":123,"column":4},"end":{"line":145,"column":5}},"type":"if","locations":[{"start":{"line":123,"column":4},"end":{"line":145,"column":5}},{"start":{"line":129,"column":11},"end":{"line":145,"column":5}}],"line":123},"9":{"loc":{"start":{"line":126,"column":6},"end":{"line":128,"column":7}},"type":"if","locations":[{"start":{"line":126,"column":6},"end":{"line":128,"column":7}},{"start":{},"end":{}}],"line":126},"10":{"loc":{"start":{"line":155,"column":6},"end":{"line":160,"column":7}},"type":"if","locations":[{"start":{"line":155,"column":6},"end":{"line":160,"column":7}},{"start":{"line":158,"column":13},"end":{"line":160,"column":7}}],"line":155},"11":{"loc":{"start":{"line":167,"column":4},"end":{"line":167,"column":34}},"type":"if","locations":[{"start":{"line":167,"column":4},"end":{"line":167,"column":34}},{"start":{},"end":{}}],"line":167},"12":{"loc":{"start":{"line":169,"column":11},"end":{"line":169,"column":57}},"type":"binary-expr","locations":[{"start":{"line":169,"column":11},"end":{"line":169,"column":31}},{"start":{"line":169,"column":35},"end":{"line":169,"column":57}}],"line":169},"13":{"loc":{"start":{"line":173,"column":4},"end":{"line":173,"column":69}},"type":"if","locations":[{"start":{"line":173,"column":4},"end":{"line":173,"column":69}},{"start":{},"end":{}}],"line":173},"14":{"loc":{"start":{"line":173,"column":8},"end":{"line":173,"column":55}},"type":"binary-expr","locations":[{"start":{"line":173,"column":8},"end":{"line":173,"column":23}},{"start":{"line":173,"column":27},"end":{"line":173,"column":55}}],"line":173},"15":{"loc":{"start":{"line":178,"column":4},"end":{"line":178,"column":69}},"type":"if","locations":[{"start":{"line":178,"column":4},"end":{"line":178,"column":69}},{"start":{},"end":{}}],"line":178},"16":{"loc":{"start":{"line":178,"column":8},"end":{"line":178,"column":55}},"type":"binary-expr","locations":[{"start":{"line":178,"column":8},"end":{"line":178,"column":23}},{"start":{"line":178,"column":27},"end":{"line":178,"column":55}}],"line":178},"17":{"loc":{"start":{"line":182,"column":26},"end":{"line":182,"column":67}},"type":"cond-expr","locations":[{"start":{"line":182,"column":50},"end":{"line":182,"column":54}},{"start":{"line":182,"column":57},"end":{"line":182,"column":67}}],"line":182},"18":{"loc":{"start":{"line":183,"column":22},"end":{"line":183,"column":101}},"type":"cond-expr","locations":[{"start":{"line":183,"column":46},"end":{"line":183,"column":48}},{"start":{"line":183,"column":51},"end":{"line":183,"column":101}}],"line":183},"19":{"loc":{"start":{"line":207,"column":14},"end":{"line":207,"column":61}},"type":"binary-expr","locations":[{"start":{"line":207,"column":14},"end":{"line":207,"column":28}},{"start":{"line":207,"column":32},"end":{"line":207,"column":61}}],"line":207},"20":{"loc":{"start":{"line":233,"column":13},"end":{"line":245,"column":13}},"type":"cond-expr","locations":[{"start":{"line":234,"column":14},"end":{"line":234,"column":63}},{"start":{"line":236,"column":14},"end":{"line":244,"column":21}}],"line":233},"21":{"loc":{"start":{"line":239,"column":19},"end":{"line":241,"column":50}},"type":"cond-expr","locations":[{"start":{"line":240,"column":22},"end":{"line":240,"column":51}},{"start":{"line":241,"column":22},"end":{"line":241,"column":50}}],"line":239},"22":{"loc":{"start":{"line":257,"column":47},"end":{"line":257,"column":89}},"type":"binary-expr","locations":[{"start":{"line":257,"column":47},"end":{"line":257,"column":61}},{"start":{"line":257,"column":65},"end":{"line":257,"column":89}}],"line":257},"23":{"loc":{"start":{"line":258,"column":17},"end":{"line":258,"column":50}},"type":"binary-expr","locations":[{"start":{"line":258,"column":17},"end":{"line":258,"column":36}},{"start":{"line":258,"column":40},"end":{"line":258,"column":50}}],"line":258},"24":{"loc":{"start":{"line":262,"column":13},"end":{"line":282,"column":13}},"type":"binary-expr","locations":[{"start":{"line":262,"column":13},"end":{"line":262,"column":27}},{"start":{"line":263,"column":14},"end":{"line":281,"column":21}}],"line":262},"25":{"loc":{"start":{"line":276,"column":21},"end":{"line":278,"column":21}},"type":"binary-expr","locations":[{"start":{"line":276,"column":21},"end":{"line":276,"column":49}},{"start":{"line":277,"column":22},"end":{"line":277,"column":90}}],"line":276},"26":{"loc":{"start":{"line":298,"column":9},"end":{"line":346,"column":9}},"type":"binary-expr","locations":[{"start":{"line":298,"column":9},"end":{"line":298,"column":23}},{"start":{"line":298,"column":27},"end":{"line":298,"column":54}},{"start":{"line":299,"column":10},"end":{"line":345,"column":17}}],"line":298},"27":{"loc":{"start":{"line":315,"column":19},"end":{"line":315,"column":108}},"type":"cond-expr","locations":[{"start":{"line":315,"column":47},"end":{"line":315,"column":102}},{"start":{"line":315,"column":105},"end":{"line":315,"column":108}}],"line":315},"28":{"loc":{"start":{"line":320,"column":48},"end":{"line":320,"column":71}},"type":"binary-expr","locations":[{"start":{"line":320,"column":48},"end":{"line":320,"column":66}},{"start":{"line":320,"column":70},"end":{"line":320,"column":71}}],"line":320},"29":{"loc":{"start":{"line":358,"column":16},"end":{"line":358,"column":73}},"type":"binary-expr","locations":[{"start":{"line":358,"column":16},"end":{"line":358,"column":46}},{"start":{"line":358,"column":50},"end":{"line":358,"column":73}}],"line":358},"30":{"loc":{"start":{"line":391,"column":15},"end":{"line":391,"column":52}},"type":"cond-expr","locations":[{"start":{"line":391,"column":28},"end":{"line":391,"column":36}},{"start":{"line":391,"column":39},"end":{"line":391,"column":52}}],"line":391}},"s":{"0":0,"1":0,"2":0,"3":0,"4":0,"5":0,"6":0,"7":0,"8":0,"9":0,"10":0,"11":0,"12":0,"13":0,"14":0,"15":0,"16":0,"17":0,"18":0,"19":0,"20":0,"21":0,"22":0,"23":0,"24":0,"25":0,"26":0,"27":0,"28":0,"29":0,"30":0,"31":0,"32":0,"33":0,"34":0,"35":0,"36":0,"37":0,"38":0,"39":0,"40":0,"41":0,"42":0,"43":0,"44":0,"45":0,"46":0,"47":0,"48":0,"49":0,"50":0,"51":0,"52":0,"53":0,"54":0,"55":0,"56":0,"57":0,"58":0,"59":0,"60":0,"61":0,"62":0,"63":0,"64":0,"65":0,"66":0,"67":0,"68":0,"69":0,"70":0,"71":0,"72":0,"73":0,"74":0,"75":0,"76":0,"77":0,"78":0,"79":0,"80":0,"81":0,"82":0,"83":0,"84":0,"85":0},"f":{"0":0,"1":0,"2":0,"3":0,"4":0,"5":0,"6":0,"7":0,"8":0,"9":0,"10":0,"11":0,"12":0,"13":0,"14":0,"15":0,"16":0,"17":0},"b":{"0":[0,0],"1":[0,0],"2":[0,0],"3":[0,0],"4":[0,0],"5":[0,0,0],"6":[0,0],"7":[0,0],"8":[0,0],"9":[0,0],"10":[0,0],"11":[0,0],"12":[0,0],"13":[0,0],"14":[0,0],"15":[0,0],"16":[0,0],"17":[0,0],"18":[0,0],"19":[0,0],"20":[0,0],"21":[0,0],"22":[0,0],"23":[0,0],"24":[0,0],"25":[0,0],"26":[0,0,0],"27":[0,0],"28":[0,0],"29":[0,0],"30":[0,0]}}
,"C:\\projects\\visa-reminder-app\\frontend\\src\\screens\\HomeScreen.tsx": {"path":"C:\\projects\\visa-reminder-app\\frontend\\src\\screens\\HomeScreen.tsx","statementMap":{"0":{"start":{"line":25,"column":21},"end":{"line":25,"column":62}},"1":{"start":{"line":26,"column":41},"end":{"line":26,"column":60}},"2":{"start":{"line":27,"column":63},"end":{"line":27,"column":77}},"3":{"start":{"line":29,"column":19},"end":{"line":29,"column":32}},"4":{"start":{"line":30,"column":17},"end":{"line":30,"column":41}},"5":{"start":{"line":31,"column":24},"end":{"line":31,"column":35}},"6":{"start":{"line":33,"column":2},"end":{"line":36,"column":9}},"7":{"start":{"line":34,"column":4},"end":{"line":34,"column":15}},"8":{"start":{"line":35,"column":4},"end":{"line":35,"column":19}},"9":{"start":{"line":37,"column":24},"end":{"line":39,"column":3}},"10":{"start":{"line":38,"column":4},"end":{"line":38,"column":21}},"11":{"start":{"line":40,"column":25},"end":{"line":45,"column":3}},"12":{"start":{"line":41,"column":26},"end":{"line":41,"column":80}},"13":{"start":{"line":42,"column":4},"end":{"line":42,"column":43}},"14":{"start":{"line":42,"column":29},"end":{"line":42,"column":43}},"15":{"start":{"line":43,"column":4},"end":{"line":43,"column":45}},"16":{"start":{"line":43,"column":28},"end":{"line":43,"column":45}},"17":{"start":{"line":44,"column":4},"end":{"line":44,"column":20}},"18":{"start":{"line":46,"column":25},"end":{"line":51,"column":3}},"19":{"start":{"line":47,"column":26},"end":{"line":47,"column":80}},"20":{"start":{"line":48,"column":4},"end":{"line":48,"column":43}},"21":{"start":{"line":48,"column":29},"end":{"line":48,"column":43}},"22":{"start":{"line":49,"column":4},"end":{"line":49,"column":41}},"23":{"start":{"line":49,"column":28},"end":{"line":49,"column":41}},"24":{"start":{"line":50,"column":4},"end":{"line":50,"column":16}},"25":{"start":{"line":52,"column":32},"end":{"line":63,"column":3}},"26":{"start":{"line":53,"column":43},"end":{"line":61,"column":5}},"27":{"start":{"line":62,"column":4},"end":{"line":62,"column":33}},"28":{"start":{"line":64,"column":27},"end":{"line":79,"column":3}},"29":{"start":{"line":65,"column":4},"end":{"line":78,"column":11}},"30":{"start":{"line":73,"column":23},"end":{"line":73,"column":54}},"31":{"start":{"line":80,"column":25},"end":{"line":134,"column":3}},"32":{"start":{"line":81,"column":19},"end":{"line":81,"column":54}},"33":{"start":{"line":82,"column":26},"end":{"line":82,"column":85}},"34":{"start":{"line":83,"column":22},"end":{"line":83,"column":83}},"35":{"start":{"line":84,"column":27},"end":{"line":84,"column":91}},"36":{"start":{"line":85,"column":31},"end":{"line":85,"column":99}},"37":{"start":{"line":86,"column":29},"end":{"line":86,"column":95}},"38":{"start":{"line":87,"column":25},"end":{"line":87,"column":87}},"39":{"start":{"line":88,"column":25},"end":{"line":88,"column":87}},"40":{"start":{"line":89,"column":4},"end":{"line":133,"column":6}},"41":{"start":{"line":93,"column":23},"end":{"line":93,"column":71}},"42":{"start":{"line":126,"column":27},"end":{"line":126,"column":80}},"43":{"start":{"line":135,"column":2},"end":{"line":218,"column":4}},"44":{"start":{"line":147,"column":45},"end":{"line":147,"column":76}},"45":{"start":{"line":166,"column":37},"end":{"line":166,"column":132}},"46":{"start":{"line":184,"column":31},"end":{"line":184,"column":62}},"47":{"start":{"line":201,"column":20},"end":{"line":206,"column":21}},"48":{"start":{"line":203,"column":22},"end":{"line":203,"column":60}},"49":{"start":{"line":205,"column":22},"end":{"line":205,"column":63}},"50":{"start":{"line":220,"column":15},"end":{"line":548,"column":2}}},"f
[...]
line":171},"13":{"loc":{"start":{"line":184,"column":6},"end":{"line":184,"column":61}},"type":"cond-expr","locations":[{"start":{"line":184,"column":27},"end":{"line":184,"column":54}},{"start":{"line":184,"column":57},"end":{"line":184,"column":61}}],"line":184},"14":{"loc":{"start":{"line":193,"column":18},"end":{"line":193,"column":46}},"type":"binary-expr","locations":[{"start":{"line":193,"column":18},"end":{"line":193,"column":40}},{"start":{"line":193,"column":44},"end":{"line":193,"column":46}}],"line":193},"15":{"loc":{"start":{"line":218,"column":18},"end":{"line":218,"column":56}},"type":"cond-expr","locations":[{"start":{"line":218,"column":30},"end":{"line":218,"column":51}},{"start":{"line":218,"column":54},"end":{"line":218,"column":56}}],"line":218},"16":{"loc":{"start":{"line":219,"column":31},"end":{"line":219,"column":96}},"type":"cond-expr","locations":[{"start":{"line":219,"column":46},"end":{"line":219,"column":70}},{"start":{"line":219,"column":73},"end":{"line":219,"column":96}}],"line":219},"17":{"loc":{"start":{"line":220,"column":27},"end":{"line":220,"column":73}},"type":"cond-expr","locations":[{"start":{"line":220,"column":43},"end":{"line":220,"column":68}},{"start":{"line":220,"column":71},"end":{"line":220,"column":73}}],"line":220},"18":{"loc":{"start":{"line":225,"column":10},"end":{"line":241,"column":11}},"type":"if","locations":[{"start":{"line":225,"column":10},"end":{"line":241,"column":11}},{"start":{},"end":{}}],"line":225},"19":{"loc":{"start":{"line":225,"column":14},"end":{"line":225,"column":50}},"type":"binary-expr","locations":[{"start":{"line":225,"column":14},"end":{"line":225,"column":23}},{"start":{"line":225,"column":27},"end":{"line":225,"column":50}}],"line":225},"20":{"loc":{"start":{"line":228,"column":14},"end":{"line":235,"column":15}},"type":"if","locations":[{"start":{"line":228,"column":14},"end":{"line":235,"column":15}},{"start":{"line":231,"column":21},"end":{"line":235,"column":15}}],"line":228},"21":{"loc":{"start":{"line":251,"column":12},"end":{"line":266,"column":13}},"type":"if","locations":[{"start":{"line":251,"column":12},"end":{"line":266,"column":13}},{"start":{},"end":{}}],"line":251},"22":{"loc":{"start":{"line":251,"column":16},"end":{"line":251,"column":52}},"type":"binary-expr","locations":[{"start":{"line":251,"column":16},"end":{"line":251,"column":25}},{"start":{"line":251,"column":29},"end":{"line":251,"column":52}}],"line":251},"23":{"loc":{"start":{"line":254,"column":16},"end":{"line":260,"column":17}},"type":"if","locations":[{"start":{"line":254,"column":16},"end":{"line":260,"column":17}},{"start":{"line":257,"column":23},"end":{"line":260,"column":17}}],"line":254}},"s":{"0":0,"1":0,"2":0,"3":0,"4":0,"5":0,"6":0,"7":0,"8":0,"9":0,"10":0,"11":0,"12":0,"13":0,"14":0,"15":0,"16":0,"17":0,"18":0,"19":0,"20":0,"21":0,"22":0,"23":0,"24":0,"25":0,"26":0,"27":0,"28":0,"29":0,"30":0,"31":0,"32":0,"33":0,"34":0,"35":0,"36":0,"37":0,"38":0,"39":0,"40":0,"41":0,"42":0,"43":0,"44":0,"45":0,"46":0,"47":0,"48":0,"49":0,"50":0,"51":0,"52":0,"53":0,"54":0,"55":0,"56":0,"57":0,"58":0,"59":0,"60":0,"61":0,"62":0,"63":0,"64":0,"65":0,"66":0,"67":0,"68":0,"69":0,"70":0,"71":0,"72":0,"73":0,"74":0,"75":0,"76":0,"77":0,"78":0,"79":0,"80":0,"81":0,"82":0,"83":0,"84":0,"85":0,"86":0,"87":0,"88":0,"89":0,"90":0,"91":0,"92":0,"93":0,"94":0,"95":0,"96":0,"97":0,"98":0,"99":0,"100":0,"101":0,"102":0},"f":{"0":0,"1":0,"2":0,"3":0,"4":0,"5":0,"6":0,"7":0,"8":0,"9":0,"10":0,"11":0,"12":0,"13":0,"14":0,"15":0,"16":0},"b":{"0":[0,0],"1":[0,0],"2":[0,0],"3":[0,0],"4":[0,0],"5":[0,0],"6":[0,0],"7":[0,0],"8":[0,0],"9":[0,0],"10":[0,0],"11":[0,0],"12":[0,0],"13":[0,0],"14":[0,0],"15":[0,0],"16":[0,0],"17":[0,0],"18":[0,0],"19":[0,0],"20":[0,0],"21":[0,0],"22":[0,0],"23":[0,0]}}
,"C:\\projects\\visa-reminder-app\\frontend\\src\\store\\useUserStore.ts": {"path":"C:\\projects\\visa-reminder-app\\frontend\\src\\store\\useUserStore.ts","statementMap":{"0":{"start":{"line":34,"column":20},"end":{"line":34,"column":32}},"1":{"start":{"line":37,"column":56},"end":{"line":50,"column":1}},"2":{"start":{"line":52,"column":28},"end":{"line":130,"column":3}},"3":{"start":{"line":52,"column":61},"end":{"line":130,"column":1}},"4":{"start":{"line":60,"column":43},"end":{"line":60,"column":48}},"5":{"start":{"line":63,"column":4},"end":{"line":63,"column":45}},"6":{"start":{"line":63,"column":32},"end":{"line":63,"column":45}},"7":{"start":{"line":66,"column":4},"end":{"line":66,"column":39}},"8":{"start":{"line":66,"column":27},"end":{"line":66,"column":39}},"9":{"start":{"line":69,"column":4},"end":{"line":69,"column":51}},"10":{"start":{"line":74,"column":21},"end":{"line":74,"column":40}},"11":{"start":{"line":75,"column":4},"end":{"line":75,"column":39}},"12":{"start":{"line":80,"column":22},"end":{"line":80,"column":39}},"13":{"start":{"line":81,"column":4},"end":{"line":81,"column":36}},"14":{"start":{"line":86,"column":25},"end":{"line":86,"column":30}},"15":{"start":{"line":87,"column":22},"end":{"line":87,"column":39}},"16":{"start":{"line":90,"column":4},"end":{"line":92,"column":5}},"17":{"start":{"line":91,"column":6},"end":{"line":91,"column":32}},"18":{"start":{"line":94,"column":4},"end":{"line":94,"column":35}},"19":{"start":{"line":99,"column":4},"end":{"line":99,"column":29}},"20":{"start":{"line":101,"column":4},"end":{"line":112,"column":5}},"21":{"start":{"line":102,"column":19},"end":{"line":102,"column":58}},"22":{"start":{"line":104,"column":6},"end":{"line":107,"column":7}},"23":{"start":{"line":105,"column":47},"end":{"line":105,"column":63}},"24":{"start":{"line":106,"column":8},"end":{"line":106,"column":44}},"25":{"start":{"line":109,"column":6},"end":{"line":109,"column":56}},"26":{"start":{"line":111,"column":6},"end":{"line":111,"column":32}},"27":{"start":{"line":117,"column":17},"end":{"line":120,"column":5}},"28":{"start":{"line":122,"column":4},"end":{"line":122,"column":14}},"29":{"start":{"line":124,"column":4},"end":{"line":128,"column":5}},"30":{"start":{"line":125,"column":6},"end":{"line":125,"column":68}},"31":{"start":{"line":127,"column":6},"end":{"line":127,"column":56}}},"fnMap":{"0":{"name":"(anonymous_0)","decl":{"start":{"line":52,"column":46},"end":{"line":52,"column":47}},"loc":{"start":{"line":52,"column":61},"end":{"line":130,"column":1}},"line":52},"1":{"name":"(anonymous_1)","decl":{"start":{"line":59,"column":13},"end":{"line":59,"column":14}},"loc":{"start":{"line":59,"column":19},"end":{"line":70,"column":3}},"line":59},"2":{"name":"(anonymous_2)","decl":{"start":{"line":73,"column":14},"end":{"line":73,"column":15}},"loc":{"start":{"line":73,"column":44},"end":{"line":76,"column":3}},"line":73},"3":{"name":"(anonymous_3)","decl":{"start":{"line":79,"column":15},"end":{"line":79,"column":16}},"loc":{"start":{"line":79,"column":21},"end":{"line":82,"column":3}},"line":79},"4":{"name":"(anonymous_4)","decl":{"start":{"line":85,"column":17},"end":{"line":85,"column":18}},"loc":{"start":{"line":85,"column":23},"end":{"line":95,"column":3}},"line":85},"5":{"name":"(anonymous_5)","decl":{"start":{"line":98,"column":16},"end":{"line":98,"column":17}},"loc":{"start":{"line":98,"column":28},"end":{"line":113,"column":3}},"line":98},"6":{"name":"(anonymous_6)","decl":{"start":{"line":116,"column":18},"end":{"line":116,"column":19}},"loc":{"start":{"line":116,"column":45},"end":{"line":129,"column":3}},"line":116}},"branchMap":{"0":{"loc":{"start":{"line":63,"column":4},"end":{"line":63,"column":45}},"type":"if","locations":[{"start":{"line":63,"column":4},"end":{"line":63,"column":45}},{"start":{},"end":{}}],"line":63},"1":{"loc":{"start":{"line":66,"column":4},"end":{"line":66,"column":39}},"type":"if","locations":[{"start":{"line":66,"column":4},"end":{"line":66,"column":39}},{"start":{},"end":{}}],"line":66},"2":{"loc":{"start":{"line":81,"column":11},"end":{"line":81,"column":35}},"type":"cond-expr","locations":[{"start":{"line":81,"column":23},"end":{"line":81,"column":31}},{"start":{"line":81,"column":34},"end":{"line":81,"column":35}}],"line":81},"3":{"loc":{"start":{"line":90,"column":4},"end":{"line":92,"column":5}},"type":"if","locations":[{"start":{"line":90,"column":4},"end":{"line":92,"column":5}},{"start":{},"end":{}}],"line":90},"4":{"loc":{"start":{"line":104,"column":6},"end":{"line":107,"column":7}},"type":"if","locations":[{"start":{"line":104,"column":6},"end":{"line":107,"column":7}},{"start":{},"end":{}}],"line":104},"5":{"loc":{"start":{"line":119,"column":24},"end":{"line":119,"column":41}},"type":"binary-expr","locations":[{"start":{"line":119,"column":24},"end":{"line":119,"column":33}},{"start":{"line":119,"column":37},"end":{"line":119,"column":41}}],"line":119}},"s":{"0":0,"1":0,"2":0,"3":0,"4":0,"5":0,"6":0,"7":0,"8":0,"9":0,"10":0,"11":0,"12":0,"13":0,"14":0,"15":0,"16":0,"17":0,"18":0,"19":0,"20":0,"21":0,"22":0,"23":0,"24":0,"25":0,"26":0,"27":0,"28":0,"29":0,"30":0,"31":0},"f":{"0":0,"1":0,"2":0,"3":0,"4":0,"5":0,"6":0},"b":{"0":[0,0],"1":[0,0],"2":[0,0],"3":[0,0],"4":[0,0],"5":[0,0]}}
,"C:\\projects\\visa-reminder-app\\frontend\\src\\theme\\colors.ts": {"path":"C:\\projects\\visa-reminder-app\\frontend\\src\\theme\\colors.ts","statementMap":{"0":{"start":{"line":5,"column":22},"end":{"line":58,"column":1}}},"fnMap":{},"branchMap":{},"s":{"0":0},"f":{},"b":{}}
,"C:\\projects\\visa-reminder-app\\frontend\\src\\theme\\index.ts": {"path":"C:\\projects\\visa-reminder-app\\frontend\\src\\theme\\index.ts","statementMap":{"0":{"start":{"line":7,"column":21},"end":{"line":64,"column":1}}},"fnMap":{},"branchMap":{},"s":{"0":0},"f":{},"b":{}}
,"C:\\projects\\visa-reminder-app\\frontend\\src\\types\\database.ts": {"path":"C:\\projects\\visa-reminder-app\\frontend\\src\\types\\database.ts","statementMap":{"0":{"start":{"line":241,"column":4},"end":{"line":241,"column":19}},"1":{"start":{"line":242,"column":4},"end":{"line":242,"column":32}},"2":{"start":{"line":251,"column":4},"end":{"line":251,"column":19}},"3":{"start":{"line":252,"column":4},"end":{"line":252,"column":34}}},"fnMap":{"0":{"name":"(anonymous_0)","decl":{"start":{"line":236,"column":2},"end":{"line":236,"column":3}},"loc":{"start":{"line":240,"column":4},"end":{"line":243,"column":3}},"line":240},"1":{"name":"(anonymous_1)","decl":{"start":{"line":250,"column":2},"end":{"line":250,"column":3}},"loc":{"start":{"line":250,"column":61},"end":{"line":253,"column":3}},"line":250}},"branchMap":{},"s":{"0":0,"1":0,"2":6,"3":6},"f":{"0":0,"1":6},"b":{},"_coverageSchema":"1a1c01bbd47fc00a2c39e90264f33305004495a9","hash":"6f442656ad048591ff078e02331ef0fd331bf6f9"}
,"C:\\projects\\visa-reminder-app\\frontend\\src\\types\\index.ts": {"path":"C:\\projects\\visa-reminder-app\\frontend\\src\\types\\index.ts","statementMap":{"0":{"start":{"line":151,"column":29},"end":{"line":164,"column":10}}},"fnMap":{},"branchMap":{},"s":{"0":1},"f":{},"b":{},"_coverageSchema":"1a1c01bbd47fc00a2c39e90264f33305004495a9","hash":"80559731d0a097d68b3508955dff62db16942306"}
,"C:\\projects\\visa-reminder-app\\frontend\\src\\types\\navigation.ts": {"path":"C:\\projects\\visa-reminder-app\\frontend\\src\\types\\navigation.ts","statementMap":{},"fnMap":{},"branchMap":{},"s":{},"f":{},"b":{}}
,"C:\\projects\\visa-reminder-app\\frontend\\src\\types\\notification.ts": {"path":"C:\\projects\\visa-reminder-app\\frontend\\src\\types\\notification.ts","statementMap":{},"fnMap":{},"branchMap":{},"s":{},"f":{},"b":{}}
,"C:\\projects\\visa-reminder-app\\frontend\\src\\types\\residenceCard.ts": {"path":"C:\\projects\\visa-reminder-app\\frontend\\src\\types\\residenceCard.ts","statementMap":{},"fnMap":{},"branchMap":{},"s":{},"f":{},"b":{}}
,"C:\\projects\\visa-reminder-app\\frontend\\src\\utils\\notificationHelpers.ts": {"path":"C:\\projects\\visa-reminder-app\\frontend\\src\\utils\\notificationHelpers.ts","statementMap":{"0":{"start":{"line":11,"column":51},"end":{"line":16,"column":3}},"1":{"start":{"line":17,"column":2},"end":{"line":17,"column":22}},"2":{"start":{"line":24,"column":57},"end":{"line":29,"column":3}},"3":{"start":{"line":30,"column":2},"end":{"line":30,"column":28}},"4":{"start":{"line":42,"column":15},"end":{"line":42,"column":35}},"5":{"start":{"line":44,"column":2},"end":{"line":57,"column":3}},"6":{"start":{"line":46,"column":6},"end":{"line":46,"column":41}},"7":{"start":{"line":47,"column":6},"end":{"line":47,"column":12}},"8":{"start":{"line":49,"column":6},"end":{"line":49,"column":41}},"9":{"start":{"line":50,"column":6},"end":{"line":50,"column":12}},"10":{"start":{"line":52,"column":6},"end":{"line":52,"column":41}},"11":{"start":{"line":53,"column":6},"end":{"line":53,"column":12}},"12":{"start":{"line":55,"column":6},"end":{"line":55,"column":40}},"13":{"start":{"line":56,"column":6},"end":{"line":56,"column":12}},"14":{"start":{"line":59,"column":2},"end":{"line":59,"column":22}},"15":{"start":{"line":60,"column":2},"end":{"line":60,"column":26}},"16":{"start":{"line":61,"column":2},"end":{"line":61,"column":21}},"17":{"start":{"line":62,"column":2},"end":{"line":62,"column":26}},"18":{"start":{"line":64,"column":2},"end":{"line":64,"column":14}},"19":{"start":{"line":74,"column":27},"end":{"line":74,"column":70}},"20":{"start":{"line":75,"column":2},"end":{"line":75,"column":39}},"21":{"start":{"line":82,"column":50},"end":{"line":87,"column":3}},"22":{"start":{"line":88,"column":2},"end":{"line":88,"column":21}},"23":{"start":{"line":98,"column":2},"end":{"line":98,"column":38}},"24":{"start":{"line":108,"column":16},"end":{"line":108,"column":37}},"25":{"start":{"line":109,"column":2},"end":{"line":111,"column":3}},"26":{"start":{"line":110,"column":4},"end":{"line":110,"column":16}},"27":{"start":{"line":113,"column":37},"end":{"line":113,"column":42}},"28":{"start":{"line":114,"column":27},"end":{"line":114,"column":54}},"29":{"start":{"line":116,"column":2},"end":{"line":118,"column":3}},"30":{"start":{"line":117,"column":4},"end":{"line":117,"column":16}},"31":{"start":{"line":120,"column":2},"end":{"line":120,"column":47}},"32":{"start":{"line":127,"column":53},"end":{"line":132,"column":3}},"33":{"start":{"line":133,"column":2},"end":{"line":133,"column":24}},"34":{"start":{"line":143,"column":14},"end":{"line":143,"column":24}},"35":{"start":{"line":144,"column":42},"end":{"line":144,"column":46}},"36":{"start":{"line":145,"column":16},"end":{"line":145,"column":24}},"37":{"start":{"line":147,"column":2},"end":{"line":156,"column":3}},"38":{"start":{"line":148,"column":29},"end":{"line":148,"column":72}},"39":{"start":{"line":149,"column":17},"end":{"line":149,"column":59}},"40":{"start":{"line":152,"column":4},"end":{"line":155,"column":5}},"41":{"start":{"line":153,"column":6},"end":{"line":153,"column":21}},"42":{"start":{"line":154,"column":6},"end":{"line":154,"column":22}},"43":{"start":{"line":158,"column":2},"end":{"line":158,"column":18}},"44":{"start":{"line":171,"column":6},"end":{"line":189,"column":3}},"45":{"start":{"line":175,"column":8},"end":{"line":175,"column":48}},"46":{"start":{"line":191,"column":18},"end":{"line":191,"column":32}},"47":{"start":{"line":193,"column":4},"end":{"line":195,"column":20}},"48":{"start":{"line":197,"column":2},"end":{"line":200,"column":4}}},"fnMap":{"0":{"name":"getNotificationTypeLabel","decl":{"start":{"line":10,"column":16},"end":{"line":10,"column":40}},"loc":{"start":{"line":10,"column":73},"end":{"line":18,"column":1}},"line":10},"1":{"name":"getNotificationTypeDescription","decl":{"start":{"line":23,"column":16},"end":{"line":23,"column":46}},"loc":{"start":{"line":23,"column":79},"end":{"line":31,"column":1}},"line":23},"2":{"name":"calculateNotificationDate","decl":{"start":{"line":36,"column":16},"end":{"line":36,"column":41}},"loc":{"start":{"line":41,"column":8},"end":{"line":65,"column":1}},"line":41},"3":{"name":"isNotificationDateInPast","decl":{"start":{"line":70,"column":16},"end":{"line":70,"column":40}},"loc":{"start":{"line":73,"column":11},"end":{"line":76,"column":1}},"line":73},"4":{"name":"getNotificationTypeOrder","decl":{"start":{"line":81,"column":16},"end":{"line":81,"column":40}},"loc":{"start":{"line":81,"column":73},"end":{"line":89,"column":1}},"line":81},"5":{"name":"generateNotificationIdentifier","decl":{"start":{"line":94,"column":16},"end":{"line":94,"column":46}},"loc":{"start":{"line":97,"column":10},"end":{"line":99,"column":1}},"line":97},"6":{"name":"parseNotificationIdentifier","decl":{"start":{"line":104,"column":16},"end":{"line":104,"column":43}},"loc":{"start":{"line":107,"column":9},"end":{"line":121,"column":1}},"line":107},"7":{"name":"getNotificationPriority","decl":{"start":{"line":126,"column":16},"end":{"line":126,"column":39}},"loc":{"start":{"line":126,"column":72},"end":{"line":134,"column":1}},"line":126},"8":{"name":"getNextNotificationType","decl":{"start":{"line":139,"column":16},"end":{"line":139,"column":39}},"loc":{"start":{"line":142,"column":27},"end":{"line":159,"column":1}},"line":142},"9":{"name":"formatNotificationMessage","decl":{"start":{"line":164,"column":16},"end":{"line":164,"column":41}},"loc":{"start":{"line":167,"column":35},"end":{"line":201,"column":1}},"line":167},"10":{"name":"(anonymous_10)","decl":{"start":{"line":174,"column":12},"end":{"line":174,"column":13}},"loc":{"start":{"line":175,"column":8},"end":{"line":175,"column":48}},"line":175}},"branchMap":{"0":{"loc":{"start":{"line":39,"column":2},"end":{"line":39,"column":18}},"type":"default-arg","locations":[{"start":{"line":39,"column":17},"end":{"line":39,"column":18}}],"line":39},"1":{"loc":{"start":{"line":40,"column":2},"end":{"line":40,"column":20}},"type":"default-arg","locations":[{"start":{"line":40,"column":19},"end":{"line":40,"column":20}}],"line":40},"2":{"loc":{"start":{"line":44,"column":2},"end":{"line":57,"column":3}},"type":"switch","locations":[{"start":{"line":45,"column":4},"end":{"line":47,"column":12}},{"start":{"line":48,"column":4},"end":{"line":50,"column":12}},{"start":{"line":51,"column":4},"end":{"line":53,"column":12}},{"start":{"line":54,"column":4},"end":{"line":56,"column":12}}],"line":44},"3":{"loc":{"start":{"line":109,"column":2},"end":{"line":111,"column":3}},"type":"if","locations":[{"start":{"line":109,"column":2},"end":{"line":111,"column":3}},{"start":{},"end":{}}],"line":109},"4":{"loc":{"start":{"line":116,"column":2},"end":{"line":118,"column":3}},"type":"if","locations":[{"start":{"line":116,"column":2},"end":{"line":118,"column":3}},{"start":{},"end":{}}],"line":116},"5":{"loc":{"start":{"line":152,"column":4},"end":{"line":155,"column":5}},"type":"if","locations":[{"start":{"line":152,"column":4},"end":{"line":155,"column":5}},{"start":{},"end":{}}],"line":152},"6":{"loc":{"start":{"line":152,"column":8},"end":{"line":152,"column":34}},"type":"binary-expr","locations":[{"start":{"line":152,"column":8},"end":{"line":152,"column":16}},{"start":{"line":152,"column":20},"end":{"line":152,"column":34}}],"line":152},"7":{"loc":{"start":{"line":193,"column":4},"end":{"line":195,"column":20}},"type":"cond-expr","locations":[{"start":{"line":194,"column":8},"end":{"line":194,"column":48}},{"start":{"line":195,"column":8},"end":{"line":195,"column":20}}],"line":193},"8":{"loc":{"start":{"line":194,"column":21},"end":{"line":194,"column":47}},"type":"binary-expr","locations":[{"start":{"line":194,"column":21},"end":{"line":194,"column":38}},{"start":{"line":194,"column":42},"end":{"line":194,"column":47}}],"line":194}},"s":{"0":0,"1":0,"2":0,"3":0,"4":0,"5":0,"6":0,"7":0,"8":0,"9":0,"10":0,"11":0,"12":0,"13":0,"14":0,"15":0,"16":0,"17":0,"18":0,"19":0,"20":0,"21":0,"22":0,"23":0,"24":0,"25":0,"26":0,"27":0,"28":0,"29":0,"30":0,"31":0,"32":0,"33":0,"34":0,"35":0,"36":0,"37":0,"38":0,"39":0,"40":0,"41":0,"42":0,"43":0,"44":0,"45":0,"46":0,"47":0,"48":0},"f":{"0":0,"1":0,"2":0,"3":0,"4":0,"5":0,"6":0,"7":0,"8":0,"9":0,"10":0},"b":{"0":[0],"1":[0],"2":[0,0,0,0],"3":[0,0],"4":[0,0],"5":[0,0],"6":[0,0],"7":[0,0],"8":[0,0]}}
}
