TN:
SF:src\components\DateInput.tsx
FN:20,DateInput
FN:25,(anonymous_1)
FN:33,(anonymous_2)
FN:38,(anonymous_3)
FNF:4
FNH:0
FNDA:0,DateInput
FNDA:0,(anonymous_1)
FNDA:0,(anonymous_2)
FNDA:0,(anonymous_3)
DA:21,0
DA:22,0
DA:23,0
DA:25,0
DA:26,0
DA:27,0
DA:28,0
DA:29,0
DA:33,0
DA:34,0
DA:35,0
DA:38,0
DA:39,0
DA:42,0
DA:79,0
LF:15
LH:0
BRDA:20,0,0,0
BRDA:22,1,0,0
BRDA:22,1,1,0
BRDA:27,2,0,0
BRDA:27,2,1,0
BRDA:47,3,0,0
BRDA:47,3,1,0
BRDA:54,4,0,0
BRDA:54,4,1,0
BRDA:55,5,0,0
BRDA:55,5,1,0
BRDA:61,6,0,0
BRDA:61,6,1,0
BRDA:65,7,0,0
BRDA:65,7,1,0
BRDA:69,8,0,0
BRDA:69,8,1,0
BRF:17
BRH:0
end_of_record
TN:
SF:src\components\DateInput.web.tsx
FN:16,DateInput
FN:22,(anonymous_1)
FNF:2
FNH:0
FNDA:0,DateInput
FNDA:0,(anonymous_1)
DA:18,0
DA:22,0
LF:2
LH:0
BRF:0
BRH:0
end_of_record
TN:
SF:src\components\NotificationSettingsScreen.tsx
FN:19,(anonymous_0)
FN:31,(anonymous_1)
FN:35,(anonymous_2)
FN:49,(anonymous_3)
FN:65,(anonymous_4)
FN:78,(anonymous_5)
FN:142,(anonymous_6)
FN:143,(anonymous_7)
FN:146,(anonymous_8)
FN:156,(anonymous_9)
FN:157,(anonymous_10)
FN:160,(anonymous_11)
FN:170,(anonymous_12)
FN:171,(anonymous_13)
FN:174,(anonymous_14)
FN:184,(anonymous_15)
FN:185,(anonymous_16)
FN:188,(anonymous_17)
FN:206,(anonymous_18)
FN:207,(anonymous_19)
FN:210,(anonymous_20)
FN:220,(anonymous_21)
FN:221,(anonymous_22)
FN:224,(anonymous_23)
FNF:24
FNH:0
FNDA:0,(anonymous_0)
FNDA:0,(anonymous_1)
FNDA:0,(anonymous_2)
FNDA:0,(anonymous_3)
FNDA:0,(anonymous_4)
FNDA:0,(anonymous_5)
FNDA:0,(anonymous_6)
FNDA:0,(anonymous_7)
FNDA:0,(anonymous_8)
FNDA:0,(anonymous_9)
FNDA:0,(anonymous_10)
FNDA:0,(anonymous_11)
FNDA:0,(anonymous_12)
FNDA:0,(anonymous_13)
FNDA:0,(anonymous_14)
FNDA:0,(anonymous_15)
FNDA:0,(anonymous_16)
FNDA:0,(anonymous_17)
FNDA:0,(anonymous_18)
FNDA:0,(anonymous_19)
FNDA:0,(anonymous_20)
FNDA:0,(anonymous_21)
FNDA:0,(anonymous_22)
FNDA:0,(anonymous_23)
DA:19,0
DA:20,0
DA:29,0
DA:31,0
DA:32,0
DA:35,0
DA:36,0
DA:37,0
DA:38,0
DA:40,0
DA:42,0
DA:49,0
DA:50,0
DA:51,0
DA:52,0
DA:56,0
DA:58,0
DA:59,0
DA:61,0
DA:65,0
DA:66,0
DA:68,0
DA:70,0
DA:72,0
DA:74,0
DA:78,0
DA:79,0
DA:81,0
DA:83,0
DA:85,0
DA:89,0
DA:142,0
DA:144,0
DA:146,0
DA:156,0
DA:158,0
DA:160,0
DA:170,0
DA:172,0
DA:174,0
DA:184,0
DA:186,0
DA:188,0
DA:206,0
DA:208,0
DA:210,0
DA:220,0
DA:222,0
DA:224,0
DA:275,0
LF:50
LH:0
BRDA:37,0,0,0
BRDA:37,0,1,0
BRDA:51,1,0,0
BRDA:51,1,1,0
BRDA:66,2,0,0
BRDA:66,2,1,0
BRDA:66,2,2,0
BRDA:66,2,3,0
BRDA:79,3,0,0
BRDA:79,3,1,0
BRDA:79,3,2,0
BRDA:110,4,0,0
BRDA:110,4,1,0
BRDA:120,5,0,0
BRDA:120,5,1,0
BRF:15
BRH:0
end_of_record
TN:
SF:src\examples\NotificationUsageExample.tsx
FN:16,AppInitializationExample
FN:19,(anonymous_1)
FN:23,(anonymous_2)
FN:41,ResidenceCardRegistrationExample
FN:43,(anonymous_4)
FN:45,(anonymous_5)
FN:70,(anonymous_6)
FN:84,ResidenceCardUpdateExample
FN:85,(anonymous_8)
FN:87,(anonymous_9)
FN:119,(anonymous_10)
FN:132,ResidenceCardDeletionExample
FN:135,(anonymous_12)
FN:154,(anonymous_13)
FN:163,NotificationSettingsChangeExample
FN:166,(anonymous_15)
FN:193,(anonymous_16)
FN:202,ScheduledNotificationsExample
FN:205,(anonymous_18)
FN:229,TestNotificationExample
FN:230,(anonymous_20)
FN:250,NotificationResponseExample
FN:251,(anonymous_22)
FN:254,(anonymous_23)
FN:266,(anonymous_24)
FN:279,(anonymous_25)
FNF:26
FNH:0
FNDA:0,AppInitializationExample
FNDA:0,(anonymous_1)
FNDA:0,(anonymous_2)
FNDA:0,ResidenceCardRegistrationExample
FNDA:0,(anonymous_4)
FNDA:0,(anonymous_5)
FNDA:0,(anonymous_6)
FNDA:0,ResidenceCardUpdateExample
FNDA:0,(anonymous_8)
FNDA:0,(anonymous_9)
FNDA:0,(anonymous_10)
FNDA:0,ResidenceCardDeletionExample
FNDA:0,(anonymous_12)
FNDA:0,(anonymous_13)
FNDA:0,NotificationSettingsChangeExample
FNDA:0,(anonymous_15)
FNDA:0,(anonymous_16)
FNDA:0,ScheduledNotificationsExample
FNDA:0,(anonymous_18)
FNDA:0,TestNotificationExample
FNDA:0,(anonymous_20)
FNDA:0,NotificationResponseExample
FNDA:0,(anonymous_22)
FNDA:0,(anonymous_23)
FNDA:0,(anonymous_24)
FNDA:0,(anonymous_25)
DA:17,0
DA:19,0
DA:20,0
DA:23,0
DA:25,0
DA:27,0
DA:29,0
DA:31,0
DA:35,0
DA:42,0
DA:43,0
DA:45,0
DA:46,0
DA:48,0
DA:57,0
DA:59,0
DA:61,0
DA:62,0
DA:66,0
DA:71,0
DA:85,0
DA:87,0
DA:91,0
DA:93,0
DA:103,0
DA:108,0
DA:110,0
DA:111,0
DA:115,0
DA:120,0
DA:133,0
DA:135,0
DA:136,0
DA:141,0
DA:143,0
DA:145,0
DA:146,0
DA:150,0
DA:154,0
DA:164,0
DA:166,0
DA:170,0
DA:172,0
DA:182,0
DA:184,0
DA:185,0
DA:189,0
DA:193,0
DA:203,0
DA:205,0
DA:206,0
DA:207,0
DA:208,0
DA:210,0
DA:215,0
DA:219,0
DA:230,0
DA:231,0
DA:232,0
DA:233,0
DA:235,0
DA:236,0
DA:240,0
DA:251,0
DA:253,0
DA:255,0
DA:258,0
DA:260,0
DA:279,0
DA:280,0
DA:284,0
LF:71
LH:0
BRDA:27,0,0,0
BRDA:27,0,1,0
BRDA:50,1,0,0
BRDA:50,1,1,0
BRDA:51,2,0,0
BRDA:51,2,1,0
BRDA:96,3,0,0
BRDA:96,3,1,0
BRDA:97,4,0,0
BRDA:97,4,1,0
BRDA:258,5,0,0
BRDA:258,5,1,0
BRF:12
BRH:0
end_of_record
TN:
SF:src\hooks\useNotifications.ts
FN:14,(anonymous_0)
FN:28,(anonymous_1)
FN:47,(anonymous_2)
FN:57,(anonymous_3)
FN:70,(anonymous_4)
FN:80,(anonymous_5)
FN:101,(anonymous_6)
FN:114,(anonymous_7)
FN:127,(anonymous_8)
FNF:9
FNH:0
FNDA:0,(anonymous_0)
FNDA:0,(anonymous_1)
FNDA:0,(anonymous_2)
FNDA:0,(anonymous_3)
FNDA:0,(anonymous_4)
FNDA:0,(anonymous_5)
FNDA:0,(anonymous_6)
FNDA:0,(anonymous_7)
FNDA:0,(anonymous_8)
DA:14,0
DA:15,0
DA:22,0
DA:27,0
DA:29,0
DA:32,0
DA:34,0
DA:38,0
DA:46,0
DA:48,0
DA:57,0
DA:59,0
DA:62,0
DA:65,0
DA:70,0
DA:71,0
DA:72,0
DA:79,0
DA:81,0
DA:83,0
DA:84,0
DA:85,0
DA:88,0
DA:89,0
DA:91,0
DA:92,0
DA:101,0
DA:102,0
DA:103,0
DA:104,0
DA:106,0
DA:107,0
DA:114,0
DA:115,0
DA:116,0
DA:117,0
DA:119,0
DA:120,0
DA:127,0
DA:128,0
DA:129,0
DA:131,0
DA:132,0
DA:136,0
LF:44
LH:0
BRDA:32,0,0,0
BRDA:32,0,1,0
BRDA:83,1,0,0
BRDA:83,1,1,0
BRF:4
BRH:0
end_of_record
TN:
SF:src\navigation\RootNavigator.tsx
FN:17,RootNavigator
FNF:1
FNH:0
FNDA:0,RootNavigator
DA:15,0
DA:18,0
LF:2
LH:0
BRF:0
BRH:0
end_of_record
TN:
SF:src\screens\ChecklistScreen.tsx
FN:317,ChecklistScreen
FN:326,(anonymous_1)
FN:329,(anonymous_2)
FN:339,(anonymous_3)
FN:341,(anonymous_4)
FN:342,(anonymous_5)
FN:351,(anonymous_6)
FN:366,(anonymous_7)
FN:381,(anonymous_8)
FN:382,(anonymous_9)
FN:383,(anonymous_10)
FN:392,(anonymous_11)
FN:393,(anonymous_12)
FN:397,(anonymous_13)
FN:416,(anonymous_14)
FN:417,(anonymous_15)
FN:430,(anonymous_16)
FN:431,(anonymous_17)
FN:435,(anonymous_18)
FN:454,(anonymous_19)
FN:455,(anonymous_20)
FN:457,(anonymous_21)
FN:468,(anonymous_22)
FN:469,(anonymous_23)
FN:499,(anonymous_24)
FN:520,(anonymous_25)
FN:571,(anonymous_26)
FN:584,(anonymous_27)
FN:590,(anonymous_28)
FN:610,(anonymous_29)
FN:649,ChecklistItemComponent
FN:659,(anonymous_31)
FN:667,(anonymous_32)
FN:690,(anonymous_33)
FN:734,(anonymous_34)
FNF:35
FNH:0
FNDA:0,ChecklistScreen
FNDA:0,(anonymous_1)
FNDA:0,(anonymous_2)
FNDA:0,(anonymous_3)
FNDA:0,(anonymous_4)
FNDA:0,(anonymous_5)
FNDA:0,(anonymous_6)
FNDA:0,(anonymous_7)
FNDA:0,(anonymous_8)
FNDA:0,(anonymous_9)
FNDA:0,(anonymous_10)
FNDA:0,(anonymous_11)
FNDA:0,(anonymous_12)
FNDA:0,(anonymous_13)
FNDA:0,(anonymous_14)
FNDA:0,(anonymous_15)
FNDA:0,(anonymous_16)
FNDA:0,(anonymous_17)
FNDA:0,(anonymous_18)
FNDA:0,(anonymous_19)
FNDA:0,(anonymous_20)
FNDA:0,(anonymous_21)
FNDA:0,(anonymous_22)
FNDA:0,(anonymous_23)
FNDA:0,(anonymous_24)
FNDA:0,(anonymous_25)
FNDA:0,(anonymous_26)
FNDA:0,(anonymous_27)
FNDA:0,(anonymous_28)
FNDA:0,(anonymous_29)
FNDA:0,ChecklistItemComponent
FNDA:0,(anonymous_31)
FNDA:0,(anonymous_32)
FNDA:0,(anonymous_33)
FNDA:0,(anonymous_34)
DA:27,0
DA:318,0
DA:319,0
DA:320,0
DA:322,0
DA:323,0
DA:324,0
DA:326,0
DA:329,0
DA:330,0
DA:332,0
DA:333,0
DA:336,0
DA:339,0
DA:342,0
DA:343,0
DA:347,0
DA:351,0
DA:352,0
DA:362,0
DA:366,0
DA:367,0
DA:377,0
DA:381,0
DA:382,0
DA:383,0
DA:384,0
DA:385,0
DA:386,0
DA:387,0
DA:391,0
DA:393,0
DA:394,0
DA:395,0
DA:398,0
DA:399,0
DA:401,0
DA:402,0
DA:404,0
DA:408,0
DA:410,0
DA:416,0
DA:417,0
DA:418,0
DA:419,0
DA:420,0
DA:422,0
DA:424,0
DA:429,0
DA:431,0
DA:432,0
DA:433,0
DA:436,0
DA:437,0
DA:439,0
DA:440,0
DA:442,0
DA:446,0
DA:448,0
DA:454,0
DA:455,0
DA:458,0
DA:459,0
DA:461,0
DA:464,0
DA:468,0
DA:469,0
DA:470,0
DA:471,0
DA:472,0
DA:473,0
DA:476,0
DA:478,0
DA:479,0
DA:480,0
DA:483,0
DA:499,0
DA:500,0
DA:501,0
DA:504,0
DA:505,0
DA:512,0
DA:514,0
DA:520,0
DA:572,0
DA:584,0
DA:591,0
DA:612,0
DA:614,0
DA:616,0
DA:657,0
DA:659,0
DA:660,0
DA:661,0
DA:664,0
DA:667,0
DA:691,0
DA:734,0
DA:753,0
LF:99
LH:0
BRDA:330,0,0,0
BRDA:330,0,1,0
BRDA:333,1,0,0
BRDA:333,1,1,0
BRDA:336,2,0,0
BRDA:336,2,1,0
BRDA:343,3,0,0
BRDA:343,3,1,0
BRDA:362,4,0,0
BRDA:362,4,1,0
BRDA:377,5,0,0
BRDA:377,5,1,0
BRDA:386,6,0,0
BRDA:386,6,1,0
BRDA:394,7,0,0
BRDA:394,7,1,0
BRDA:398,8,0,0
BRDA:398,8,1,0
BRDA:419,9,0,0
BRDA:419,9,1,0
BRDA:432,10,0,0
BRDA:432,10,1,0
BRDA:436,11,0,0
BRDA:436,11,1,0
BRDA:458,12,0,0
BRDA:458,12,1,0
BRDA:472,13,0,0
BRDA:472,13,1,0
BRDA:476,14,0,0
BRDA:476,14,1,0
BRDA:479,15,0,0
BRDA:479,15,1,0
BRDA:504,16,0,0
BRDA:504,16,1,0
BRDA:573,17,0,0
BRDA:573,17,1,0
BRDA:612,18,0,0
BRDA:612,18,1,0
BRDA:657,19,0,0
BRDA:657,19,1,0
BRDA:666,20,0,0
BRDA:666,20,1,0
BRDA:671,21,0,0
BRDA:671,21,1,0
BRDA:675,22,0,0
BRDA:675,22,1,0
BRDA:676,23,0,0
BRDA:676,23,1,0
BRDA:681,24,0,0
BRDA:681,24,1,0
BRDA:695,25,0,0
BRDA:695,25,1,0
BRDA:696,26,0,0
BRDA:696,26,1,0
BRDA:697,27,0,0
BRDA:697,27,1,0
BRDA:697,27,2,0
BRDA:697,27,3,0
BRDA:703,28,0,0
BRDA:703,28,1,0
BRDA:704,29,0,0
BRDA:704,29,1,0
BRDA:705,30,0,0
BRDA:705,30,1,0
BRDA:705,30,2,0
BRDA:705,30,3,0
BRDA:715,31,0,0
BRDA:715,31,1,0
BRDA:735,32,0,0
BRDA:735,32,1,0
BRDA:739,33,0,0
BRDA:739,33,1,0
BRDA:744,34,0,0
BRDA:744,34,1,0
BRF:74
BRH:0
end_of_record
TN:
SF:src\screens\EditScreen.tsx
FN:33,EditScreen
FN:52,(anonymous_1)
FN:53,(anonymous_2)
FN:70,(anonymous_3)
FN:90,(anonymous_4)
FN:95,(anonymous_5)
FN:120,(anonymous_6)
FN:149,(anonymous_7)
FN:166,(anonymous_8)
FN:172,(anonymous_9)
FN:177,(anonymous_10)
FN:181,(anonymous_11)
FN:190,(anonymous_12)
FN:253,(anonymous_13)
FN:264,(anonymous_14)
FN:268,(anonymous_15)
FN:335,(anonymous_16)
FN:410,(anonymous_17)
FNF:18
FNH:0
FNDA:0,EditScreen
FNDA:0,(anonymous_1)
FNDA:0,(anonymous_2)
FNDA:0,(anonymous_3)
FNDA:0,(anonymous_4)
FNDA:0,(anonymous_5)
FNDA:0,(anonymous_6)
FNDA:0,(anonymous_7)
FNDA:0,(anonymous_8)
FNDA:0,(anonymous_9)
FNDA:0,(anonymous_10)
FNDA:0,(anonymous_11)
FNDA:0,(anonymous_12)
FNDA:0,(anonymous_13)
FNDA:0,(anonymous_14)
FNDA:0,(anonymous_15)
FNDA:0,(anonymous_16)
FNDA:0,(anonymous_17)
DA:23,0
DA:34,0
DA:35,0
DA:36,0
DA:38,0
DA:39,0
DA:40,0
DA:41,0
DA:42,0
DA:43,0
DA:46,0
DA:49,0
DA:52,0
DA:53,0
DA:54,0
DA:55,0
DA:56,0
DA:57,0
DA:60,0
DA:62,0
DA:64,0
DA:66,0
DA:70,0
DA:71,0
DA:74,0
DA:75,0
DA:76,0
DA:77,0
DA:79,0
DA:80,0
DA:82,0
DA:85,0
DA:90,0
DA:91,0
DA:95,0
DA:96,0
DA:97,0
DA:100,0
DA:101,0
DA:108,0
DA:110,0
DA:112,0
DA:114,0
DA:120,0
DA:121,0
DA:123,0
DA:125,0
DA:126,0
DA:127,0
DA:130,0
DA:149,0
DA:150,0
DA:151,0
DA:152,0
DA:153,0
DA:155,0
DA:157,0
DA:159,0
DA:162,0
DA:166,0
DA:167,0
DA:168,0
DA:169,0
DA:172,0
DA:173,0
DA:174,0
DA:177,0
DA:178,0
DA:179,0
DA:181,0
DA:182,0
DA:183,0
DA:185,0
DA:190,0
DA:253,0
DA:265,0
DA:269,0
DA:270,0
DA:336,0
DA:410,0
DA:421,0
LF:81
LH:0
BRDA:54,0,0,0
BRDA:54,0,1,0
BRDA:57,1,0,0
BRDA:57,1,1,0
BRDA:60,2,0,0
BRDA:60,2,1,0
BRDA:74,3,0,0
BRDA:74,3,1,0
BRDA:79,4,0,0
BRDA:79,4,1,0
BRDA:91,5,0,0
BRDA:91,5,1,0
BRDA:91,5,2,0
BRDA:96,6,0,0
BRDA:96,6,1,0
BRDA:110,7,0,0
BRDA:110,7,1,0
BRDA:123,8,0,0
BRDA:123,8,1,0
BRDA:126,9,0,0
BRDA:126,9,1,0
BRDA:155,10,0,0
BRDA:155,10,1,0
BRDA:167,11,0,0
BRDA:167,11,1,0
BRDA:169,12,0,0
BRDA:169,12,1,0
BRDA:173,13,0,0
BRDA:173,13,1,0
BRDA:173,14,0,0
BRDA:173,14,1,0
BRDA:178,15,0,0
BRDA:178,15,1,0
BRDA:178,16,0,0
BRDA:178,16,1,0
BRDA:182,17,0,0
BRDA:182,17,1,0
BRDA:183,18,0,0
BRDA:183,18,1,0
BRDA:207,19,0,0
BRDA:207,19,1,0
BRDA:233,20,0,0
BRDA:233,20,1,0
BRDA:239,21,0,0
BRDA:239,21,1,0
BRDA:257,22,0,0
BRDA:257,22,1,0
BRDA:258,23,0,0
BRDA:258,23,1,0
BRDA:262,24,0,0
BRDA:262,24,1,0
BRDA:276,25,0,0
BRDA:276,25,1,0
BRDA:298,26,0,0
BRDA:298,26,1,0
BRDA:298,26,2,0
BRDA:315,27,0,0
BRDA:315,27,1,0
BRDA:320,28,0,0
BRDA:320,28,1,0
BRDA:358,29,0,0
BRDA:358,29,1,0
BRDA:391,30,0,0
BRDA:391,30,1,0
BRF:64
BRH:0
end_of_record
TN:
SF:src\screens\HomeScreen.tsx
FN:24,HomeScreen
FN:33,(anonymous_1)
FN:37,(anonymous_2)
FN:40,(anonymous_3)
FN:46,(anonymous_4)
FN:52,(anonymous_5)
FN:64,(anonymous_6)
FN:73,(anonymous_7)
FN:80,(anonymous_8)
FN:93,(anonymous_9)
FN:126,(anonymous_10)
FN:147,(anonymous_11)
FN:166,(anonymous_12)
FN:184,(anonymous_13)
FN:199,(anonymous_14)
FNF:15
FNH:0
FNDA:0,HomeScreen
FNDA:0,(anonymous_1)
FNDA:0,(anonymous_2)
FNDA:0,(anonymous_3)
FNDA:0,(anonymous_4)
FNDA:0,(anonymous_5)
FNDA:0,(anonymous_6)
FNDA:0,(anonymous_7)
FNDA:0,(anonymous_8)
FNDA:0,(anonymous_9)
FNDA:0,(anonymous_10)
FNDA:0,(anonymous_11)
FNDA:0,(anonymous_12)
FNDA:0,(anonymous_13)
FNDA:0,(anonymous_14)
DA:25,0
DA:26,0
DA:27,0
DA:29,0
DA:30,0
DA:31,0
DA:33,0
DA:34,0
DA:35,0
DA:37,0
DA:38,0
DA:40,0
DA:41,0
DA:42,0
DA:43,0
DA:44,0
DA:46,0
DA:47,0
DA:48,0
DA:49,0
DA:50,0
DA:52,0
DA:53,0
DA:62,0
DA:64,0
DA:65,0
DA:73,0
DA:80,0
DA:81,0
DA:82,0
DA:83,0
DA:84,0
DA:85,0
DA:86,0
DA:87,0
DA:88,0
DA:89,0
DA:93,0
DA:126,0
DA:135,0
DA:147,0
DA:166,0
DA:184,0
DA:201,0
DA:203,0
DA:205,0
DA:220,0
LF:47
LH:0
BRDA:42,0,0,0
BRDA:42,0,1,0
BRDA:43,1,0,0
BRDA:43,1,1,0
BRDA:48,2,0,0
BRDA:48,2,1,0
BRDA:49,3,0,0
BRDA:49,3,1,0
BRDA:62,4,0,0
BRDA:62,4,1,0
BRDA:141,5,0,0
BRDA:141,5,1,0
BRDA:153,6,0,0
BRDA:153,6,1,0
BRDA:158,7,0,0
BRDA:158,7,1,0
BRDA:166,8,0,0
BRDA:166,8,1,0
BRDA:178,9,0,0
BRDA:178,9,1,0
BRDA:179,10,0,0
BRDA:179,10,1,0
BRDA:181,11,0,0
BRDA:181,11,1,0
BRDA:201,12,0,0
BRDA:201,12,1,0
BRF:26
BRH:0
end_of_record
TN:
SF:src\screens\RegisterScreen.tsx
FN:34,RegisterScreen
FN:48,(anonymous_1)
FN:49,(anonymous_2)
FN:62,(anonymous_3)
FN:65,(anonymous_4)
FN:79,(anonymous_5)
FN:99,(anonymous_6)
FN:104,(anonymous_7)
FN:140,(anonymous_8)
FN:145,(anonymous_9)
FN:149,(anonymous_10)
FN:153,(anonymous_11)
FN:160,(anonymous_12)
FN:217,(anonymous_13)
FN:226,(anonymous_14)
FN:230,(anonymous_15)
FN:291,(anonymous_16)
FN:340,(anonymous_17)
FNF:18
FNH:0
FNDA:0,RegisterScreen
FNDA:0,(anonymous_1)
FNDA:0,(anonymous_2)
FNDA:0,(anonymous_3)
FNDA:0,(anonymous_4)
FNDA:0,(anonymous_5)
FNDA:0,(anonymous_6)
FNDA:0,(anonymous_7)
FNDA:0,(anonymous_8)
FNDA:0,(anonymous_9)
FNDA:0,(anonymous_10)
FNDA:0,(anonymous_11)
FNDA:0,(anonymous_12)
FNDA:0,(anonymous_13)
FNDA:0,(anonymous_14)
FNDA:0,(anonymous_15)
FNDA:0,(anonymous_16)
FNDA:0,(anonymous_17)
DA:24,0
DA:35,0
DA:36,0
DA:37,0
DA:38,0
DA:39,0
DA:40,0
DA:41,0
DA:42,0
DA:45,0
DA:48,0
DA:49,0
DA:50,0
DA:51,0
DA:52,0
DA:53,0
DA:55,0
DA:56,0
DA:58,0
DA:62,0
DA:67,0
DA:76,0
DA:79,0
DA:80,0
DA:83,0
DA:84,0
DA:85,0
DA:86,0
DA:88,0
DA:89,0
DA:91,0
DA:94,0
DA:99,0
DA:100,0
DA:104,0
DA:105,0
DA:106,0
DA:110,0
DA:111,0
DA:112,0
DA:113,0
DA:115,0
DA:117,0
DA:119,0
DA:122,0
DA:123,0
DA:130,0
DA:132,0
DA:134,0
DA:136,0
DA:140,0
DA:141,0
DA:142,0
DA:143,0
DA:145,0
DA:146,0
DA:147,0
DA:149,0
DA:150,0
DA:151,0
DA:153,0
DA:154,0
DA:155,0
DA:157,0
DA:160,0
DA:217,0
DA:227,0
DA:231,0
DA:232,0
DA:292,0
DA:340,0
DA:347,0
LF:72
LH:0
BRDA:51,0,0,0
BRDA:51,0,1,0
BRDA:53,1,0,0
BRDA:53,1,1,0
BRDA:83,2,0,0
BRDA:83,2,1,0
BRDA:88,3,0,0
BRDA:88,3,1,0
BRDA:100,4,0,0
BRDA:100,4,1,0
BRDA:100,4,2,0
BRDA:105,5,0,0
BRDA:105,5,1,0
BRDA:111,6,0,0
BRDA:111,6,1,0
BRDA:113,7,0,0
BRDA:113,7,1,0
BRDA:132,8,0,0
BRDA:132,8,1,0
BRDA:141,9,0,0
BRDA:141,9,1,0
BRDA:143,10,0,0
BRDA:143,10,1,0
BRDA:146,11,0,0
BRDA:146,11,1,0
BRDA:146,12,0,0
BRDA:146,12,1,0
BRDA:150,13,0,0
BRDA:150,13,1,0
BRDA:150,14,0,0
BRDA:150,14,1,0
BRDA:154,15,0,0
BRDA:154,15,1,0
BRDA:155,16,0,0
BRDA:155,16,1,0
BRDA:172,17,0,0
BRDA:172,17,1,0
BRDA:197,18,0,0
BRDA:197,18,1,0
BRDA:203,19,0,0
BRDA:203,19,1,0
BRDA:219,20,0,0
BRDA:219,20,1,0
BRDA:220,21,0,0
BRDA:220,21,1,0
BRDA:224,22,0,0
BRDA:224,22,1,0
BRDA:236,23,0,0
BRDA:236,23,1,0
BRDA:256,24,0,0
BRDA:256,24,1,0
BRDA:256,24,2,0
BRDA:272,25,0,0
BRDA:272,25,1,0
BRDA:277,26,0,0
BRDA:277,26,1,0
BRDA:313,27,0,0
BRDA:313,27,1,0
BRF:58
BRH:0
end_of_record
TN:
SF:src\screens\ReminderSettingsScreen.tsx
FN:26,ReminderSettingsScreen
FN:33,(anonymous_1)
FN:37,(anonymous_2)
FN:48,(anonymous_3)
FN:71,(anonymous_4)
FN:84,(anonymous_5)
FN:90,(anonymous_6)
FN:102,(anonymous_7)
FN:135,(anonymous_8)
FN:211,(anonymous_9)
FN:243,(anonymous_10)
FN:270,(anonymous_11)
FN:297,(anonymous_12)
FN:375,(anonymous_13)
FN:397,(anonymous_14)
FNF:15
FNH:0
FNDA:0,ReminderSettingsScreen
FNDA:0,(anonymous_1)
FNDA:0,(anonymous_2)
FNDA:0,(anonymous_3)
FNDA:0,(anonymous_4)
FNDA:0,(anonymous_5)
FNDA:0,(anonymous_6)
FNDA:0,(anonymous_7)
FNDA:0,(anonymous_8)
FNDA:0,(anonymous_9)
FNDA:0,(anonymous_10)
FNDA:0,(anonymous_11)
FNDA:0,(anonymous_12)
FNDA:0,(anonymous_13)
FNDA:0,(anonymous_14)
DA:27,0
DA:28,0
DA:29,0
DA:30,0
DA:33,0
DA:34,0
DA:37,0
DA:38,0
DA:39,0
DA:40,0
DA:42,0
DA:43,0
DA:48,0
DA:49,0
DA:50,0
DA:51,0
DA:52,0
DA:54,0
DA:55,0
DA:57,0
DA:59,0
DA:62,0
DA:64,0
DA:66,0
DA:71,0
DA:77,0
DA:79,0
DA:84,0
DA:85,0
DA:89,0
DA:91,0
DA:92,0
DA:94,0
DA:101,0
DA:104,0
DA:105,0
DA:108,0
DA:109,0
DA:111,0
DA:112,0
DA:113,0
DA:116,0
DA:117,0
DA:118,0
DA:121,0
DA:127,0
DA:129,0
DA:135,0
DA:211,0
DA:243,0
DA:270,0
DA:297,0
DA:375,0
DA:397,0
DA:429,0
LF:55
LH:0
BRDA:54,0,0,0
BRDA:54,0,1,0
BRDA:55,1,0,0
BRDA:55,1,1,0
BRDA:62,2,0,0
BRDA:62,2,1,0
BRDA:104,3,0,0
BRDA:104,3,1,0
BRDA:111,4,0,0
BRDA:111,4,1,0
BRDA:116,5,0,0
BRDA:116,5,1,0
BRDA:156,6,0,0
BRDA:156,6,1,0
BRDA:171,7,0,0
BRDA:171,7,1,0
BRDA:179,8,0,0
BRDA:179,8,1,0
BRDA:203,9,0,0
BRDA:203,9,1,0
BRDA:205,10,0,0
BRDA:205,10,1,0
BRDA:235,11,0,0
BRDA:235,11,1,0
BRDA:237,12,0,0
BRDA:237,12,1,0
BRDA:262,13,0,0
BRDA:262,13,1,0
BRDA:264,14,0,0
BRDA:264,14,1,0
BRDA:289,15,0,0
BRDA:289,15,1,0
BRDA:291,16,0,0
BRDA:291,16,1,0
BRDA:329,17,0,0
BRDA:329,17,1,0
BRF:36
BRH:0
end_of_record
TN:
SF:src\screens\SettingsScreen.tsx
FN:32,SettingsScreen
FN:46,(anonymous_1)
FN:73,(anonymous_2)
FN:90,(anonymous_3)
FN:106,(anonymous_4)
FN:116,(anonymous_5)
FN:217,(anonymous_6)
FN:240,(anonymous_7)
FN:263,(anonymous_8)
FN:280,(anonymous_9)
FNF:10
FNH:0
FNDA:0,SettingsScreen
FNDA:0,(anonymous_1)
FNDA:0,(anonymous_2)
FNDA:0,(anonymous_3)
FNDA:0,(anonymous_4)
FNDA:0,(anonymous_5)
FNDA:0,(anonymous_6)
FNDA:0,(anonymous_7)
FNDA:0,(anonymous_8)
FNDA:0,(anonymous_9)
DA:26,0
DA:33,0
DA:34,0
DA:35,0
DA:37,0
DA:40,0
DA:41,0
DA:46,0
DA:47,0
DA:48,0
DA:49,0
DA:50,0
DA:52,0
DA:54,0
DA:56,0
DA:60,0
DA:61,0
DA:63,0
DA:65,0
DA:73,0
DA:74,0
DA:75,0
DA:77,0
DA:79,0
DA:81,0
DA:83,0
DA:90,0
DA:91,0
DA:93,0
DA:94,0
DA:95,0
DA:98,0
DA:106,0
DA:116,0
DA:117,0
DA:118,0
DA:120,0
DA:122,0
DA:124,0
DA:127,0
DA:129,0
DA:131,0
DA:135,0
DA:217,0
DA:240,0
DA:263,0
DA:280,0
DA:334,0
LF:48
LH:0
BRDA:37,0,0,0
BRDA:37,0,1,0
BRDA:40,1,0,0
BRDA:40,1,1,0
BRDA:41,2,0,0
BRDA:41,2,1,0
BRDA:41,2,2,0
BRDA:49,3,0,0
BRDA:49,3,1,0
BRDA:52,4,0,0
BRDA:52,4,1,0
BRDA:61,5,0,0
BRDA:61,5,1,0
BRDA:74,6,0,0
BRDA:74,6,1,0
BRDA:75,7,0,0
BRDA:75,7,1,0
BRDA:79,8,0,0
BRDA:79,8,1,0
BRDA:81,9,0,0
BRDA:81,9,1,0
BRDA:83,10,0,0
BRDA:83,10,1,0
BRDA:91,11,0,0
BRDA:91,11,1,0
BRDA:94,12,0,0
BRDA:94,12,1,0
BRDA:120,13,0,0
BRDA:120,13,1,0
BRDA:127,14,0,0
BRDA:127,14,1,0
BRDA:149,15,0,0
BRDA:149,15,1,0
BRDA:160,16,0,0
BRDA:160,16,1,0
BRDA:206,17,0,0
BRDA:206,17,1,0
BRF:37
BRH:0
end_of_record
TN:
SF:src\screens\index.ts
FNF:0
FNH:0
LF:0
LH:0
BRF:0
BRH:0
end_of_record
TN:
SF:src\services\SecureStorageService.ts
FN:29,(anonymous_0)
FN:35,(anonymous_1)
FN:38,(anonymous_2)
FN:39,(anonymous_3)
FN:44,(anonymous_4)
FN:53,(anonymous_5)
FN:56,(anonymous_6)
FN:61,(anonymous_7)
FN:62,(anonymous_8)
FN:66,(anonymous_9)
FN:69,(anonymous_10)
FN:74,(anonymous_11)
FN:75,(anonymous_12)
FN:79,(anonymous_13)
FN:82,(anonymous_14)
FN:87,(anonymous_15)
FN:88,(anonymous_16)
FN:101,(anonymous_17)
FN:106,(anonymous_18)
FN:117,(anonymous_19)
FN:138,(anonymous_20)
FN:157,(anonymous_21)
FN:186,(anonymous_22)
FN:214,(anonymous_23)
FN:244,(anonymous_24)
FN:257,(anonymous_25)
FNF:26
FNH:6
FNDA:0,(anonymous_0)
FNDA:0,(anonymous_1)
FNDA:0,(anonymous_2)
FNDA:0,(anonymous_3)
FNDA:0,(anonymous_4)
FNDA:0,(anonymous_5)
FNDA:0,(anonymous_6)
FNDA:0,(anonymous_7)
FNDA:0,(anonymous_8)
FNDA:0,(anonymous_9)
FNDA:0,(anonymous_10)
FNDA:0,(anonymous_11)
FNDA:0,(anonymous_12)
FNDA:0,(anonymous_13)
FNDA:0,(anonymous_14)
FNDA:0,(anonymous_15)
FNDA:0,(anonymous_16)
FNDA:1,(anonymous_17)
FNDA:2,(anonymous_18)
FNDA:1,(anonymous_19)
FNDA:0,(anonymous_20)
FNDA:1,(anonymous_21)
FNDA:1,(anonymous_22)
FNDA:1,(anonymous_23)
FNDA:0,(anonymous_24)
FNDA:0,(anonymous_25)
DA:16,1
DA:25,0
DA:26,0
DA:27,0
DA:31,0
DA:32,0
DA:35,0
DA:36,0
DA:38,0
DA:39,0
DA:40,0
DA:41,0
DA:44,0
DA:45,0
DA:46,0
DA:47,0
DA:54,0
DA:56,0
DA:57,0
DA:58,0
DA:59,0
DA:61,0
DA:62,0
DA:67,0
DA:69,0
DA:70,0
DA:71,0
DA:72,0
DA:74,0
DA:75,0
DA:80,0
DA:82,0
DA:83,0
DA:84,0
DA:85,0
DA:87,0
DA:88,0
DA:98,1
DA:99,1
DA:107,2
DA:108,1
DA:110,2
DA:118,1
DA:120,1
DA:121,0
DA:122,0
DA:123,0
DA:124,0
DA:126,0
DA:128,0
DA:132,1
DA:140,0
DA:142,0
DA:143,0
DA:145,0
DA:150,0
DA:158,1
DA:159,1
DA:161,0
DA:162,0
DA:165,0
DA:166,0
DA:169,0
DA:174,1
DA:177,0
DA:178,0
DA:187,1
DA:188,1
DA:190,0
DA:191,0
DA:194,0
DA:195,0
DA:198,0
DA:203,1
DA:206,0
DA:207,0
DA:215,1
DA:216,1
DA:218,0
DA:219,0
DA:222,0
DA:223,0
DA:226,0
DA:227,0
DA:232,1
DA:235,0
DA:236,0
DA:245,0
DA:246,0
DA:247,0
DA:249,0
DA:250,0
DA:258,0
DA:259,0
DA:261,0
DA:262,0
LF:96
LH:18
BRDA:31,0,0,0
BRDA:31,0,1,0
BRDA:46,1,0,0
BRDA:46,1,1,0
BRDA:54,2,0,0
BRDA:54,2,1,0
BRDA:67,3,0,0
BRDA:67,3,1,0
BRDA:74,4,0,0
BRDA:74,4,1,0
BRDA:80,5,0,0
BRDA:80,5,1,0
BRDA:107,6,0,1
BRDA:107,6,1,1
BRDA:118,7,0,0
BRDA:118,7,1,1
BRDA:120,8,0,0
BRDA:120,8,1,1
BRDA:140,9,0,0
BRDA:140,9,1,0
BRDA:143,10,0,0
BRDA:143,10,1,0
BRDA:159,11,0,0
BRDA:159,11,1,1
BRDA:161,12,0,0
BRDA:161,12,1,0
BRDA:165,13,0,0
BRDA:165,13,1,0
BRDA:188,14,0,0
BRDA:188,14,1,1
BRDA:190,15,0,0
BRDA:190,15,1,0
BRDA:194,16,0,0
BRDA:194,16,1,0
BRDA:216,17,0,0
BRDA:216,17,1,1
BRDA:218,18,0,0
BRDA:218,18,1,0
BRDA:222,19,0,0
BRDA:222,19,1,0
BRDA:226,20,0,0
BRDA:226,20,1,0
BRDA:247,21,0,0
BRDA:247,21,1,0
BRF:44
BRH:7
end_of_record
TN:
SF:src\services\notificationService.ts
FN:28,(anonymous_0)
FN:41,(anonymous_1)
FN:82,(anonymous_2)
FN:93,(anonymous_3)
FN:180,(anonymous_4)
FN:184,(anonymous_5)
FN:185,(anonymous_6)
FN:195,(anonymous_7)
FN:202,(anonymous_8)
FN:209,(anonymous_9)
FN:216,(anonymous_10)
FN:223,(anonymous_11)
FN:251,(anonymous_12)
FN:263,(anonymous_13)
FN:274,(anonymous_14)
FN:290,(anonymous_15)
FN:293,(anonymous_16)
FN:302,(anonymous_17)
FN:311,(anonymous_18)
FN:322,(anonymous_19)
FN:343,(anonymous_20)
FNF:21
FNH:0
FNDA:0,(anonymous_0)
FNDA:0,(anonymous_1)
FNDA:0,(anonymous_2)
FNDA:0,(anonymous_3)
FNDA:0,(anonymous_4)
FNDA:0,(anonymous_5)
FNDA:0,(anonymous_6)
FNDA:0,(anonymous_7)
FNDA:0,(anonymous_8)
FNDA:0,(anonymous_9)
FNDA:0,(anonymous_10)
FNDA:0,(anonymous_11)
FNDA:0,(anonymous_12)
FNDA:0,(anonymous_13)
FNDA:0,(anonymous_14)
FNDA:0,(anonymous_15)
FNDA:0,(anonymous_16)
FNDA:0,(anonymous_17)
FNDA:0,(anonymous_18)
FNDA:0,(anonymous_19)
FNDA:0,(anonymous_20)
DA:21,0
DA:27,0
DA:28,0
DA:42,0
DA:43,0
DA:44,0
DA:45,0
DA:48,0
DA:49,0
DA:51,0
DA:52,0
DA:53,0
DA:56,0
DA:57,0
DA:61,0
DA:62,0
DA:72,0
DA:74,0
DA:75,0
DA:83,0
DA:85,0
DA:86,0
DA:87,0
DA:98,0
DA:100,0
DA:101,0
DA:104,0
DA:106,0
DA:107,0
DA:108,0
DA:109,0
DA:118,0
DA:119,0
DA:120,0
DA:121,0
DA:130,0
DA:131,0
DA:132,0
DA:133,0
DA:142,0
DA:143,0
DA:144,0
DA:145,0
DA:155,0
DA:156,0
DA:181,0
DA:183,0
DA:184,0
DA:185,0
DA:187,0
DA:188,0
DA:196,0
DA:203,0
DA:210,0
DA:217,0
DA:224,0
DA:225,0
DA:226,0
DA:227,0
DA:231,0
DA:235,0
DA:238,0
DA:240,0
DA:241,0
DA:243,0
DA:244,0
DA:252,0
DA:253,0
DA:255,0
DA:256,0
DA:264,0
DA:265,0
DA:267,0
DA:275,0
DA:276,0
DA:277,0
DA:278,0
DA:280,0
DA:282,0
DA:283,0
DA:293,0
DA:294,0
DA:295,0
DA:305,0
DA:316,0
DA:323,0
DA:324,0
DA:333,0
DA:335,0
DA:336,0
DA:344,0
DA:353,0
DA:357,0
LF:93
LH:0
BRDA:43,0,0,0
BRDA:43,0,1,0
BRDA:51,1,0,0
BRDA:51,1,1,0
BRDA:56,2,0,0
BRDA:56,2,1,0
BRDA:61,3,0,0
BRDA:61,3,1,0
BRDA:85,4,0,0
BRDA:85,4,1,0
BRDA:86,5,0,0
BRDA:86,5,1,0
BRDA:106,6,0,0
BRDA:106,6,1,0
BRDA:108,7,0,0
BRDA:108,7,1,0
BRDA:118,8,0,0
BRDA:118,8,1,0
BRDA:120,9,0,0
BRDA:120,9,1,0
BRDA:130,10,0,0
BRDA:130,10,1,0
BRDA:132,11,0,0
BRDA:132,11,1,0
BRDA:142,12,0,0
BRDA:142,12,1,0
BRDA:144,13,0,0
BRDA:144,13,1,0
BRDA:166,14,0,0
BRDA:166,14,1,0
BRDA:226,15,0,0
BRDA:226,15,1,0
BRDA:277,16,0,0
BRDA:277,16,1,0
BRDA:353,17,0,0
BRDA:353,17,1,0
BRF:36
BRH:0
end_of_record
TN:
SF:src\services\database\ChecklistRepository.ts
FN:27,(anonymous_0)
FN:35,(anonymous_1)
FN:47,(anonymous_2)
FN:60,(anonymous_3)
FN:73,(anonymous_4)
FN:106,(anonymous_5)
FN:156,(anonymous_6)
FN:190,(anonymous_7)
FN:212,(anonymous_8)
FN:225,(anonymous_9)
FN:238,(anonymous_10)
FN:267,(anonymous_11)
FN:281,(anonymous_12)
FN:294,(anonymous_13)
FN:368,(anonymous_14)
FN:378,(anonymous_15)
FN:385,(anonymous_16)
FN:392,(anonymous_17)
FN:409,(anonymous_18)
FN:429,(anonymous_19)
FN:476,(anonymous_20)
FN:516,(anonymous_21)
FNF:22
FNH:0
FNDA:0,(anonymous_0)
FNDA:0,(anonymous_1)
FNDA:0,(anonymous_2)
FNDA:0,(anonymous_3)
FNDA:0,(anonymous_4)
FNDA:0,(anonymous_5)
FNDA:0,(anonymous_6)
FNDA:0,(anonymous_7)
FNDA:0,(anonymous_8)
FNDA:0,(anonymous_9)
FNDA:0,(anonymous_10)
FNDA:0,(anonymous_11)
FNDA:0,(anonymous_12)
FNDA:0,(anonymous_13)
FNDA:0,(anonymous_14)
FNDA:0,(anonymous_15)
FNDA:0,(anonymous_16)
FNDA:0,(anonymous_17)
FNDA:0,(anonymous_18)
FNDA:0,(anonymous_19)
FNDA:0,(anonymous_20)
FNDA:0,(anonymous_21)
DA:28,0
DA:29,0
DA:36,0
DA:37,0
DA:39,0
DA:50,0
DA:51,0
DA:53,0
DA:60,0
DA:62,0
DA:76,0
DA:77,0
DA:81,0
DA:83,0
DA:84,0
DA:85,0
DA:86,0
DA:88,0
DA:91,0
DA:93,0
DA:109,0
DA:110,0
DA:112,0
DA:113,0
DA:116,0
DA:120,0
DA:138,0
DA:139,0
DA:140,0
DA:143,0
DA:145,0
DA:160,0
DA:161,0
DA:165,0
DA:167,0
DA:168,0
DA:174,0
DA:177,0
DA:179,0
DA:191,0
DA:192,0
DA:194,0
DA:199,0
DA:201,0
DA:215,0
DA:216,0
DA:218,0
DA:225,0
DA:227,0
DA:241,0
DA:242,0
DA:244,0
DA:246,0
DA:247,0
DA:248,0
DA:249,0
DA:251,0
DA:254,0
DA:256,0
DA:271,0
DA:272,0
DA:274,0
DA:281,0
DA:283,0
DA:298,0
DA:299,0
DA:301,0
DA:302,0
DA:304,0
DA:305,0
DA:306,0
DA:309,0
DA:310,0
DA:311,0
DA:314,0
DA:315,0
DA:316,0
DA:319,0
DA:320,0
DA:321,0
DA:323,0
DA:327,0
DA:328,0
DA:331,0
DA:332,0
DA:335,0
DA:336,0
DA:337,0
DA:338,0
DA:340,0
DA:343,0
DA:345,0
DA:350,0
DA:351,0
DA:352,0
DA:355,0
DA:357,0
DA:372,0
DA:379,0
DA:386,0
DA:393,0
DA:394,0
DA:396,0
DA:398,0
DA:410,0
DA:411,0
DA:413,0
DA:418,0
DA:436,0
DA:437,0
DA:439,0
DA:450,0
DA:451,0
DA:452,0
DA:453,0
DA:455,0
DA:457,0
DA:465,0
DA:479,0
DA:481,0
DA:483,0
DA:486,0
DA:489,0
DA:490,0
DA:491,0
DA:492,0
DA:494,0
DA:499,0
DA:501,0
DA:507,0
DA:517,0
LF:131
LH:0
BRDA:36,0,0,0
BRDA:36,0,1,0
BRDA:85,1,0,0
BRDA:85,1,1,0
BRDA:116,2,0,0
BRDA:116,2,1,0
BRDA:128,3,0,0
BRDA:128,3,1,0
BRDA:139,4,0,0
BRDA:139,4,1,0
BRDA:199,5,0,0
BRDA:199,5,1,0
BRDA:248,6,0,0
BRDA:248,6,1,0
BRDA:304,7,0,0
BRDA:304,7,1,0
BRDA:309,8,0,0
BRDA:309,8,1,0
BRDA:314,9,0,0
BRDA:314,9,1,0
BRDA:319,10,0,0
BRDA:319,10,1,0
BRDA:327,11,0,0
BRDA:327,11,1,0
BRDA:328,12,0,0
BRDA:328,12,1,0
BRDA:335,13,0,0
BRDA:335,13,1,0
BRDA:337,14,0,0
BRDA:337,14,1,0
BRDA:351,15,0,0
BRDA:351,15,1,0
BRDA:450,16,0,0
BRDA:450,16,1,0
BRDA:451,17,0,0
BRDA:451,17,1,0
BRDA:452,18,0,0
BRDA:452,18,1,0
BRDA:453,19,0,0
BRDA:453,19,1,0
BRDA:455,20,0,0
BRDA:455,20,1,0
BRDA:481,21,0,0
BRDA:481,21,1,0
BRDA:489,22,0,0
BRDA:489,22,1,0
BRDA:522,23,0,0
BRDA:522,23,1,0
BRDA:523,24,0,0
BRDA:523,24,1,0
BRDA:524,25,0,0
BRDA:524,25,1,0
BRF:52
BRH:0
end_of_record
TN:
SF:src\services\database\DatabaseService.ts
FN:26,(anonymous_0)
FN:31,(anonymous_1)
FN:41,(anonymous_2)
FN:70,(anonymous_3)
FN:83,(anonymous_4)
FN:116,(anonymous_5)
FN:136,(anonymous_6)
FN:149,(anonymous_7)
FN:355,(anonymous_8)
FN:414,(anonymous_9)
FN:427,(anonymous_10)
FNF:11
FNH:0
FNDA:0,(anonymous_0)
FNDA:0,(anonymous_1)
FNDA:0,(anonymous_2)
FNDA:0,(anonymous_3)
FNDA:0,(anonymous_4)
FNDA:0,(anonymous_5)
FNDA:0,(anonymous_6)
FNDA:0,(anonymous_7)
FNDA:0,(anonymous_8)
FNDA:0,(anonymous_9)
FNDA:0,(anonymous_10)
DA:15,0
DA:16,0
DA:23,0
DA:24,0
DA:32,0
DA:33,0
DA:35,0
DA:42,0
DA:43,0
DA:46,0
DA:48,0
DA:51,0
DA:54,0
DA:56,0
DA:57,0
DA:59,0
DA:71,0
DA:72,0
DA:77,0
DA:84,0
DA:85,0
DA:92,0
DA:94,0
DA:99,0
DA:100,0
DA:101,0
DA:105,0
DA:106,0
DA:110,0
DA:117,0
DA:118,0
DA:121,0
DA:123,0
DA:126,0
DA:128,0
DA:129,0
DA:137,0
DA:138,0
DA:141,0
DA:142,0
DA:150,0
DA:151,0
DA:154,0
DA:156,0
DA:157,0
DA:340,0
DA:342,0
DA:344,0
DA:356,0
DA:357,0
DA:360,0
DA:362,0
DA:375,0
DA:390,0
DA:404,0
DA:406,0
DA:407,0
DA:415,0
DA:416,0
DA:417,0
DA:418,0
DA:419,0
DA:428,0
DA:429,0
DA:432,0
DA:434,0
DA:446,0
DA:449,0
DA:450,0
DA:452,0
DA:454,0
LF:71
LH:0
BRDA:32,0,0,0
BRDA:32,0,1,0
BRDA:42,1,0,0
BRDA:42,1,1,0
BRDA:71,2,0,0
BRDA:71,2,1,0
BRDA:71,3,0,0
BRDA:71,3,1,0
BRDA:84,4,0,0
BRDA:84,4,1,0
BRDA:99,5,0,0
BRDA:99,5,1,0
BRDA:105,6,0,0
BRDA:105,6,1,0
BRDA:117,7,0,0
BRDA:117,7,1,0
BRDA:126,8,0,0
BRDA:126,8,1,0
BRDA:137,9,0,0
BRDA:137,9,1,0
BRDA:150,10,0,0
BRDA:150,10,1,0
BRDA:356,11,0,0
BRDA:356,11,1,0
BRDA:415,12,0,0
BRDA:415,12,1,0
BRDA:428,13,0,0
BRDA:428,13,1,0
BRF:28
BRH:0
end_of_record
TN:
SF:src\services\database\EncryptionService.ts
FN:20,(anonymous_0)
FN:25,(anonymous_1)
FN:36,(anonymous_2)
FN:49,(anonymous_3)
FN:65,(anonymous_4)
FN:67,(anonymous_5)
FN:74,(anonymous_6)
FN:85,(anonymous_7)
FN:92,(anonymous_8)
FN:101,(anonymous_9)
FN:121,(anonymous_10)
FN:151,(anonymous_11)
FN:189,(anonymous_12)
FN:230,(anonymous_13)
FN:270,(anonymous_14)
FN:289,(anonymous_15)
FN:328,(anonymous_16)
FN:329,(anonymous_17)
FN:346,(anonymous_18)
FN:362,(anonymous_19)
FN:369,(anonymous_20)
FNF:21
FNH:14
FNDA:1,(anonymous_0)
FNDA:22,(anonymous_1)
FNDA:21,(anonymous_2)
FNDA:20,(anonymous_3)
FNDA:252,(anonymous_4)
FNDA:6139,(anonymous_5)
FNDA:149,(anonymous_6)
FNDA:0,(anonymous_7)
FNDA:0,(anonymous_8)
FNDA:0,(anonymous_9)
FNDA:19,(anonymous_10)
FNDA:116,(anonymous_11)
FNDA:11,(anonymous_12)
FNDA:0,(anonymous_13)
FNDA:118,(anonymous_14)
FNDA:15,(anonymous_15)
FNDA:0,(anonymous_16)
FNDA:0,(anonymous_17)
FNDA:0,(anonymous_18)
FNDA:5,(anonymous_19)
FNDA:42,(anonymous_20)
DA:18,1
DA:26,22
DA:27,1
DA:29,22
DA:37,21
DA:38,1
DA:41,20
DA:50,20
DA:52,20
DA:53,20
DA:55,0
DA:66,252
DA:67,6139
DA:75,149
DA:76,149
DA:77,4741
DA:79,149
DA:87,0
DA:88,0
DA:91,0
DA:92,0
DA:93,0
DA:95,0
DA:103,0
DA:106,0
DA:107,0
DA:108,0
DA:112,0
DA:113,0
DA:124,19
DA:125,0
DA:128,19
DA:131,19
DA:132,14
DA:136,5
DA:138,1
DA:139,1
DA:143,4
DA:152,116
DA:153,0
DA:156,116
DA:158,116
DA:161,116
DA:164,116
DA:165,116
DA:168,116
DA:169,116
DA:172,116
DA:173,116
DA:175,116
DA:177,0
DA:190,11
DA:191,0
DA:194,11
DA:196,11
DA:197,11
DA:198,0
DA:201,11
DA:204,11
DA:205,11
DA:206,11
DA:209,11
DA:210,11
DA:213,10
DA:214,10
DA:217,1
DA:231,0
DA:232,0
DA:235,0
DA:237,0
DA:238,0
DA:239,0
DA:242,0
DA:245,0
DA:251,0
DA:254,0
DA:256,0
DA:258,0
DA:271,118
DA:272,1
DA:275,117
DA:276,1
DA:280,116
DA:290,15
DA:291,1
DA:294,14
DA:295,0
DA:298,14
DA:299,14
DA:301,14
DA:303,11
DA:306,3
DA:308,0
DA:312,3
DA:315,4
DA:318,4
DA:329,0
DA:330,0
DA:332,0
DA:333,0
DA:334,0
DA:337,0
DA:347,0
DA:348,0
DA:350,0
DA:351,0
DA:352,0
DA:355,0
DA:363,5
DA:370,42
LF:110
LH:66
BRDA:26,0,0,1
BRDA:26,0,1,21
BRDA:37,1,0,1
BRDA:37,1,1,20
BRDA:124,2,0,0
BRDA:124,2,1,19
BRDA:124,3,0,19
BRDA:124,3,1,19
BRDA:131,4,0,14
BRDA:131,4,1,5
BRDA:131,5,0,19
BRDA:131,5,1,16
BRDA:136,6,0,1
BRDA:136,6,1,4
BRDA:138,7,0,1
BRDA:138,7,1,0
BRDA:138,8,0,1
BRDA:138,8,1,1
BRDA:152,9,0,0
BRDA:152,9,1,116
BRDA:190,10,0,0
BRDA:190,10,1,11
BRDA:197,11,0,0
BRDA:197,11,1,11
BRDA:197,12,0,11
BRDA:197,12,1,11
BRDA:231,13,0,0
BRDA:231,13,1,0
BRDA:238,14,0,0
BRDA:238,14,1,0
BRDA:271,15,0,1
BRDA:271,15,1,117
BRDA:275,16,0,1
BRDA:275,16,1,116
BRDA:290,17,0,1
BRDA:290,17,1,14
BRDA:294,18,0,0
BRDA:294,18,1,14
BRDA:301,19,0,11
BRDA:301,19,1,3
BRDA:306,20,0,0
BRDA:306,20,1,3
BRF:42
BRH:31
end_of_record
TN:
SF:src\services\database\ReminderRepository.ts
FN:21,(anonymous_0)
FN:28,(anonymous_1)
FN:39,(anonymous_2)
FN:66,(anonymous_3)
FN:103,(anonymous_4)
FN:167,(anonymous_5)
FN:186,(anonymous_6)
FN:199,(anonymous_7)
FN:231,(anonymous_8)
FNF:9
FNH:0
FNDA:0,(anonymous_0)
FNDA:0,(anonymous_1)
FNDA:0,(anonymous_2)
FNDA:0,(anonymous_3)
FNDA:0,(anonymous_4)
FNDA:0,(anonymous_5)
FNDA:0,(anonymous_6)
FNDA:0,(anonymous_7)
FNDA:0,(anonymous_8)
DA:22,0
DA:29,0
DA:30,0
DA:32,0
DA:40,0
DA:41,0
DA:43,0
DA:49,0
DA:50,0
DA:53,0
DA:55,0
DA:67,0
DA:68,0
DA:70,0
DA:71,0
DA:73,0
DA:81,0
DA:86,0
DA:87,0
DA:90,0
DA:92,0
DA:107,0
DA:108,0
DA:110,0
DA:111,0
DA:113,0
DA:114,0
DA:115,0
DA:118,0
DA:119,0
DA:120,0
DA:123,0
DA:124,0
DA:125,0
DA:128,0
DA:129,0
DA:130,0
DA:133,0
DA:134,0
DA:135,0
DA:138,0
DA:139,0
DA:140,0
DA:143,0
DA:144,0
DA:147,0
DA:149,0
DA:154,0
DA:156,0
DA:168,0
DA:169,0
DA:171,0
DA:175,0
DA:187,0
DA:188,0
DA:189,0
DA:191,0
DA:192,0
DA:203,0
DA:204,0
DA:206,0
DA:207,0
DA:210,0
DA:212,0
DA:214,0
DA:216,0
DA:218,0
DA:220,0
DA:223,0
DA:224,0
DA:232,0
LF:71
LH:0
BRDA:29,0,0,0
BRDA:29,0,1,0
BRDA:49,1,0,0
BRDA:49,1,1,0
BRDA:86,2,0,0
BRDA:86,2,1,0
BRDA:113,3,0,0
BRDA:113,3,1,0
BRDA:115,4,0,0
BRDA:115,4,1,0
BRDA:118,5,0,0
BRDA:118,5,1,0
BRDA:120,6,0,0
BRDA:120,6,1,0
BRDA:123,7,0,0
BRDA:123,7,1,0
BRDA:125,8,0,0
BRDA:125,8,1,0
BRDA:128,9,0,0
BRDA:128,9,1,0
BRDA:130,10,0,0
BRDA:130,10,1,0
BRDA:133,11,0,0
BRDA:133,11,1,0
BRDA:135,12,0,0
BRDA:135,12,1,0
BRDA:138,13,0,0
BRDA:138,13,1,0
BRDA:143,14,0,0
BRDA:143,14,1,0
BRDA:206,15,0,0
BRDA:206,15,1,0
BRDA:210,16,0,0
BRDA:210,16,1,0
BRDA:210,16,2,0
BRDA:210,16,3,0
BRDA:210,16,4,0
BRF:37
BRH:0
end_of_record
TN:
SF:src\services\database\ResidenceCardRepository.ts
FN:27,(anonymous_0)
FN:35,(anonymous_1)
FN:45,(anonymous_2)
FN:101,(anonymous_3)
FN:123,(anonymous_4)
FN:134,(anonymous_5)
FN:147,(anonymous_6)
FN:216,(anonymous_7)
FN:290,(anonymous_8)
FN:312,(anonymous_9)
FN:329,(anonymous_10)
FN:347,(anonymous_11)
FN:360,(anonymous_12)
FN:405,(anonymous_13)
FNF:14
FNH:0
FNDA:0,(anonymous_0)
FNDA:0,(anonymous_1)
FNDA:0,(anonymous_2)
FNDA:0,(anonymous_3)
FNDA:0,(anonymous_4)
FNDA:0,(anonymous_5)
FNDA:0,(anonymous_6)
FNDA:0,(anonymous_7)
FNDA:0,(anonymous_8)
FNDA:0,(anonymous_9)
FNDA:0,(anonymous_10)
FNDA:0,(anonymous_11)
FNDA:0,(anonymous_12)
FNDA:0,(anonymous_13)
DA:28,0
DA:29,0
DA:36,0
DA:37,0
DA:39,0
DA:49,0
DA:50,0
DA:52,0
DA:53,0
DA:56,0
DA:57,0
DA:58,0
DA:61,0
DA:65,0
DA:83,0
DA:84,0
DA:85,0
DA:88,0
DA:90,0
DA:102,0
DA:103,0
DA:105,0
DA:110,0
DA:112,0
DA:124,0
DA:125,0
DA:127,0
DA:134,0
DA:136,0
DA:150,0
DA:151,0
DA:153,0
DA:173,0
DA:175,0
DA:176,0
DA:179,0
DA:181,0
DA:203,0
DA:205,0
DA:220,0
DA:221,0
DA:223,0
DA:224,0
DA:226,0
DA:227,0
DA:228,0
DA:231,0
DA:232,0
DA:233,0
DA:236,0
DA:237,0
DA:238,0
DA:240,0
DA:241,0
DA:244,0
DA:245,0
DA:248,0
DA:249,0
DA:252,0
DA:253,0
DA:254,0
DA:257,0
DA:258,0
DA:259,0
DA:260,0
DA:262,0
DA:265,0
DA:267,0
DA:272,0
DA:273,0
DA:274,0
DA:277,0
DA:279,0
DA:291,0
DA:292,0
DA:294,0
DA:296,0
DA:301,0
DA:313,0
DA:314,0
DA:316,0
DA:318,0
DA:333,0
DA:334,0
DA:336,0
DA:347,0
DA:349,0
DA:363,0
DA:364,0
DA:366,0
DA:383,0
DA:384,0
DA:387,0
DA:397,0
DA:398,0
DA:408,0
DA:410,0
DA:412,0
DA:415,0
DA:418,0
DA:419,0
DA:420,0
DA:421,0
DA:423,0
DA:428,0
DA:430,0
DA:436,0
LF:107
LH:0
BRDA:36,0,0,0
BRDA:36,0,1,0
BRDA:61,1,0,0
BRDA:61,1,1,0
BRDA:84,2,0,0
BRDA:84,2,1,0
BRDA:110,3,0,0
BRDA:110,3,1,0
BRDA:186,4,0,0
BRDA:186,4,1,0
BRDA:193,5,0,0
BRDA:193,5,1,0
BRDA:226,6,0,0
BRDA:226,6,1,0
BRDA:231,7,0,0
BRDA:231,7,1,0
BRDA:244,8,0,0
BRDA:244,8,1,0
BRDA:245,9,0,0
BRDA:245,9,1,0
BRDA:252,10,0,0
BRDA:252,10,1,0
BRDA:254,11,0,0
BRDA:254,11,1,0
BRDA:257,12,0,0
BRDA:257,12,1,0
BRDA:259,13,0,0
BRDA:259,13,1,0
BRDA:273,14,0,0
BRDA:273,14,1,0
BRDA:331,15,0,0
BRDA:383,16,0,0
BRDA:383,16,1,0
BRDA:394,17,0,0
BRDA:394,17,1,0
BRDA:410,18,0,0
BRDA:410,18,1,0
BRDA:418,19,0,0
BRDA:418,19,1,0
BRF:39
BRH:0
end_of_record
TN:
SF:src\services\database\ResidenceTypeRepository.ts
FN:16,(anonymous_0)
FN:23,(anonymous_1)
FN:33,(anonymous_2)
FN:41,(anonymous_3)
FN:54,(anonymous_4)
FN:76,(anonymous_5)
FN:98,(anonymous_6)
FNF:7
FNH:0
FNDA:0,(anonymous_0)
FNDA:0,(anonymous_1)
FNDA:0,(anonymous_2)
FNDA:0,(anonymous_3)
FNDA:0,(anonymous_4)
FNDA:0,(anonymous_5)
FNDA:0,(anonymous_6)
DA:17,0
DA:24,0
DA:25,0
DA:27,0
DA:34,0
DA:35,0
DA:37,0
DA:41,0
DA:43,0
DA:55,0
DA:56,0
DA:58,0
DA:63,0
DA:65,0
DA:77,0
DA:78,0
DA:80,0
DA:85,0
DA:87,0
DA:99,0
LF:20
LH:0
BRDA:24,0,0,0
BRDA:24,0,1,0
BRDA:63,1,0,0
BRDA:63,1,1,0
BRDA:85,2,0,0
BRDA:85,2,1,0
BRDA:102,3,0,0
BRDA:102,3,1,0
BRDA:104,4,0,0
BRDA:104,4,1,0
BRF:10
BRH:0
end_of_record
TN:
SF:src\services\database\USAGE_EXAMPLE.tsx
FN:21,DatabaseInitializationExample
FN:25,(anonymous_1)
FN:29,(anonymous_2)
FN:62,ResidenceCardExample
FN:66,(anonymous_4)
FN:71,(anonymous_5)
FN:84,(anonymous_6)
FN:108,(anonymous_7)
FN:123,(anonymous_8)
FN:137,(anonymous_9)
FN:156,(anonymous_10)
FN:160,(anonymous_11)
FN:171,ChecklistExample
FN:176,(anonymous_13)
FN:181,(anonymous_14)
FN:199,(anonymous_15)
FN:210,(anonymous_16)
FN:221,(anonymous_17)
FN:244,(anonymous_18)
FN:254,(anonymous_19)
FN:259,(anonymous_20)
FN:265,(anonymous_21)
FN:276,ReminderSettingsExample
FN:280,(anonymous_23)
FN:285,(anonymous_24)
FN:296,(anonymous_25)
FN:307,(anonymous_26)
FN:316,(anonymous_27)
FN:352,(anonymous_28)
FN:363,ResidenceTypesExample
FN:366,(anonymous_30)
FN:370,(anonymous_31)
FN:384,(anonymous_32)
FN:401,FullExample
FN:405,(anonymous_34)
FN:409,(anonymous_35)
FN:424,(anonymous_36)
FNF:37
FNH:0
FNDA:0,DatabaseInitializationExample
FNDA:0,(anonymous_1)
FNDA:0,(anonymous_2)
FNDA:0,ResidenceCardExample
FNDA:0,(anonymous_4)
FNDA:0,(anonymous_5)
FNDA:0,(anonymous_6)
FNDA:0,(anonymous_7)
FNDA:0,(anonymous_8)
FNDA:0,(anonymous_9)
FNDA:0,(anonymous_10)
FNDA:0,(anonymous_11)
FNDA:0,ChecklistExample
FNDA:0,(anonymous_13)
FNDA:0,(anonymous_14)
FNDA:0,(anonymous_15)
FNDA:0,(anonymous_16)
FNDA:0,(anonymous_17)
FNDA:0,(anonymous_18)
FNDA:0,(anonymous_19)
FNDA:0,(anonymous_20)
FNDA:0,(anonymous_21)
FNDA:0,ReminderSettingsExample
FNDA:0,(anonymous_23)
FNDA:0,(anonymous_24)
FNDA:0,(anonymous_25)
FNDA:0,(anonymous_26)
FNDA:0,(anonymous_27)
FNDA:0,(anonymous_28)
FNDA:0,ResidenceTypesExample
FNDA:0,(anonymous_30)
FNDA:0,(anonymous_31)
FNDA:0,(anonymous_32)
FNDA:0,FullExample
FNDA:0,(anonymous_34)
FNDA:0,(anonymous_35)
FNDA:0,(anonymous_36)
DA:22,0
DA:23,0
DA:25,0
DA:26,0
DA:29,0
DA:30,0
DA:32,0
DA:35,0
DA:37,0
DA:38,0
DA:40,0
DA:41,0
DA:42,0
DA:46,0
DA:63,0
DA:64,0
DA:66,0
DA:67,0
DA:71,0
DA:72,0
DA:73,0
DA:76,0
DA:77,0
DA:79,0
DA:84,0
DA:85,0
DA:86,0
DA:92,0
DA:95,0
DA:101,0
DA:103,0
DA:108,0
DA:109,0
DA:110,0
DA:115,0
DA:116,0
DA:118,0
DA:123,0
DA:124,0
DA:125,0
DA:126,0
DA:127,0
DA:129,0
DA:133,0
DA:138,0
DA:156,0
DA:160,0
DA:172,0
DA:173,0
DA:174,0
DA:176,0
DA:177,0
DA:181,0
DA:182,0
DA:183,0
DA:186,0
DA:188,0
DA:189,0
DA:191,0
DA:192,0
DA:194,0
DA:199,0
DA:200,0
DA:201,0
DA:202,0
DA:203,0
DA:205,0
DA:210,0
DA:211,0
DA:212,0
DA:213,0
DA:214,0
DA:216,0
DA:221,0
DA:222,0
DA:223,0
DA:224,0
DA:225,0
DA:227,0
DA:231,0
DA:245,0
DA:254,0
DA:259,0
DA:265,0
DA:277,0
DA:278,0
DA:280,0
DA:281,0
DA:285,0
DA:286,0
DA:287,0
DA:288,0
DA:289,0
DA:291,0
DA:296,0
DA:297,0
DA:298,0
DA:299,0
DA:300,0
DA:302,0
DA:307,0
DA:308,0
DA:310,0
DA:316,0
DA:317,0
DA:319,0
DA:324,0
DA:325,0
DA:328,0
DA:353,0
DA:364,0
DA:366,0
DA:367,0
DA:370,0
DA:371,0
DA:372,0
DA:373,0
DA:374,0
DA:376,0
DA:380,0
DA:385,0
DA:402,0
DA:405,0
DA:406,0
DA:409,0
DA:410,0
DA:412,0
DA:413,0
DA:415,0
DA:418,0
DA:420,0
DA:424,0
DA:425,0
DA:427,0
DA:429,0
DA:430,0
DA:431,0
DA:435,0
DA:441,0
DA:444,0
DA:449,0
DA:452,0
DA:454,0
DA:456,0
DA:460,0
LF:145
LH:0
BRDA:40,0,0,0
BRDA:40,0,1,0
BRDA:48,1,0,0
BRDA:48,1,1,0
BRDA:50,2,0,0
BRDA:50,2,1,0
BRDA:144,3,0,0
BRDA:144,3,1,0
BRDA:146,4,0,0
BRDA:146,4,1,0
BRDA:233,5,0,0
BRDA:233,5,1,0
BRDA:249,6,0,0
BRDA:249,6,1,0
BRDA:251,7,0,0
BRDA:251,7,1,0
BRDA:308,8,0,0
BRDA:308,8,1,0
BRDA:317,9,0,0
BRDA:317,9,1,0
BRDA:324,10,0,0
BRDA:324,10,1,0
BRDA:333,11,0,0
BRDA:333,11,1,0
BRDA:335,12,0,0
BRDA:335,12,1,0
BRDA:341,13,0,0
BRDA:341,13,1,0
BRDA:342,14,0,0
BRDA:342,14,1,0
BRDA:343,15,0,0
BRDA:343,15,1,0
BRDA:344,16,0,0
BRDA:344,16,1,0
BRDA:388,17,0,0
BRDA:388,17,1,0
BRDA:429,18,0,0
BRDA:429,18,1,0
BRF:38
BRH:0
end_of_record
TN:
SF:src\services\database\index.ts
FNF:0
FNH:0
LF:0
LH:0
BRF:0
BRH:0
end_of_record
TN:
SF:src\store\useNotificationStore.ts
FN:51,(anonymous_0)
FN:60,(anonymous_1)
FN:87,(anonymous_2)
FN:100,(anonymous_3)
FN:120,(anonymous_4)
FN:134,(anonymous_5)
FN:146,(anonymous_6)
FN:158,(anonymous_7)
FNF:8
FNH:0
FNDA:0,(anonymous_0)
FNDA:0,(anonymous_1)
FNDA:0,(anonymous_2)
FNDA:0,(anonymous_3)
FNDA:0,(anonymous_4)
FNDA:0,(anonymous_5)
FNDA:0,(anonymous_6)
FNDA:0,(anonymous_7)
DA:13,0
DA:16,0
DA:51,0
DA:61,0
DA:62,0
DA:65,0
DA:66,0
DA:67,0
DA:68,0
DA:72,0
DA:75,0
DA:76,0
DA:78,0
DA:80,0
DA:88,0
DA:89,0
DA:90,0
DA:92,0
DA:93,0
DA:104,0
DA:105,0
DA:106,0
DA:110,0
DA:112,0
DA:113,0
DA:121,0
DA:122,0
DA:123,0
DA:124,0
DA:126,0
DA:127,0
DA:135,0
DA:136,0
DA:137,0
DA:139,0
DA:147,0
DA:148,0
DA:149,0
DA:151,0
DA:159,0
DA:160,0
DA:161,0
DA:163,0
DA:164,0
LF:44
LH:0
BRDA:66,0,0,0
BRDA:66,0,1,0
BRF:2
BRH:0
end_of_record
TN:
SF:src\store\useResidenceStore.ts
FN:53,initializeEncryption
FN:80,(anonymous_1)
FN:87,(anonymous_2)
FN:113,(anonymous_3)
FN:129,(anonymous_4)
FN:139,(anonymous_5)
FN:140,(anonymous_6)
FN:154,(anonymous_7)
FN:158,(anonymous_8)
FN:164,(anonymous_9)
FN:183,(anonymous_10)
FN:191,(anonymous_11)
FN:195,(anonymous_12)
FN:205,(anonymous_13)
FN:224,(anonymous_14)
FN:250,(anonymous_15)
FN:280,(anonymous_16)
FNF:17
FNH:0
FNDA:0,initializeEncryption
FNDA:0,(anonymous_1)
FNDA:0,(anonymous_2)
FNDA:0,(anonymous_3)
FNDA:0,(anonymous_4)
FNDA:0,(anonymous_5)
FNDA:0,(anonymous_6)
FNDA:0,(anonymous_7)
FNDA:0,(anonymous_8)
FNDA:0,(anonymous_9)
FNDA:0,(anonymous_10)
FNDA:0,(anonymous_11)
FNDA:0,(anonymous_12)
FNDA:0,(anonymous_13)
FNDA:0,(anonymous_14)
FNDA:0,(anonymous_15)
FNDA:0,(anonymous_16)
DA:34,0
DA:40,0
DA:54,0
DA:56,0
DA:59,0
DA:61,0
DA:63,0
DA:64,0
DA:66,0
DA:68,0
DA:72,0
DA:75,0
DA:76,0
DA:80,0
DA:89,0
DA:90,0
DA:91,0
DA:92,0
DA:94,0
DA:95,0
DA:99,0
DA:107,0
DA:108,0
DA:110,0
DA:115,0
DA:116,0
DA:117,0
DA:118,0
DA:119,0
DA:121,0
DA:122,0
DA:125,0
DA:129,0
DA:130,0
DA:135,0
DA:136,0
DA:140,0
DA:141,0
DA:142,0
DA:144,0
DA:150,0
DA:151,0
DA:155,0
DA:159,0
DA:160,0
DA:161,0
DA:165,0
DA:166,0
DA:169,0
DA:170,0
DA:171,0
DA:172,0
DA:173,0
DA:175,0
DA:176,0
DA:179,0
DA:183,0
DA:184,0
DA:187,0
DA:188,0
DA:192,0
DA:193,0
DA:195,0
DA:201,0
DA:202,0
DA:206,0
DA:208,0
DA:210,0
DA:212,0
DA:218,0
DA:219,0
DA:220,0
DA:223,0
DA:225,0
DA:226,0
DA:228,0
DA:229,0
DA:230,0
DA:234,0
DA:237,0
DA:239,0
DA:242,0
DA:247,0
DA:248,0
DA:249,0
DA:251,0
DA:252,0
DA:254,0
DA:255,0
DA:256,0
DA:259,0
DA:262,0
DA:264,0
DA:267,0
DA:272,0
DA:274,0
DA:276,0
DA:281,0
DA:288,0
DA:296,0
LF:100
LH:0
BRDA:61,0,0,0
BRDA:61,0,1,0
BRDA:66,1,0,0
BRDA:66,1,1,0
BRDA:90,2,0,0
BRDA:90,2,1,0
BRDA:90,3,0,0
BRDA:90,3,1,0
BRDA:116,4,0,0
BRDA:116,4,1,0
BRDA:117,5,0,0
BRDA:117,5,1,0
BRDA:117,6,0,0
BRDA:117,6,1,0
BRDA:130,7,0,0
BRDA:130,7,1,0
BRDA:147,8,0,0
BRDA:147,8,1,0
BRDA:166,9,0,0
BRDA:166,9,1,0
BRDA:170,10,0,0
BRDA:170,10,1,0
BRDA:171,11,0,0
BRDA:171,11,1,0
BRDA:171,12,0,0
BRDA:171,12,1,0
BRDA:184,13,0,0
BRDA:184,13,1,0
BRDA:193,14,0,0
BRDA:193,14,1,0
BRDA:218,15,0,0
BRDA:218,15,1,0
BRDA:219,16,0,0
BRDA:219,16,1,0
BRDA:220,17,0,0
BRDA:220,17,1,0
BRDA:225,18,0,0
BRDA:225,18,1,0
BRDA:225,19,0,0
BRDA:225,19,1,0
BRDA:228,20,0,0
BRDA:228,20,1,0
BRDA:251,21,0,0
BRDA:251,21,1,0
BRDA:251,22,0,0
BRDA:251,22,1,0
BRDA:254,23,0,0
BRDA:254,23,1,0
BRF:48
BRH:0
end_of_record
TN:
SF:src\store\useUserStore.ts
FN:52,(anonymous_0)
FN:59,(anonymous_1)
FN:73,(anonymous_2)
FN:79,(anonymous_3)
FN:85,(anonymous_4)
FN:98,(anonymous_5)
FN:116,(anonymous_6)
FNF:7
FNH:0
FNDA:0,(anonymous_0)
FNDA:0,(anonymous_1)
FNDA:0,(anonymous_2)
FNDA:0,(anonymous_3)
FNDA:0,(anonymous_4)
FNDA:0,(anonymous_5)
FNDA:0,(anonymous_6)
DA:34,0
DA:37,0
DA:52,0
DA:60,0
DA:63,0
DA:66,0
DA:69,0
DA:74,0
DA:75,0
DA:80,0
DA:81,0
DA:86,0
DA:87,0
DA:90,0
DA:91,0
DA:94,0
DA:99,0
DA:101,0
DA:102,0
DA:104,0
DA:105,0
DA:106,0
DA:109,0
DA:111,0
DA:117,0
DA:122,0
DA:124,0
DA:125,0
DA:127,0
LF:29
LH:0
BRDA:63,0,0,0
BRDA:63,0,1,0
BRDA:66,1,0,0
BRDA:66,1,1,0
BRDA:81,2,0,0
BRDA:81,2,1,0
BRDA:90,3,0,0
BRDA:90,3,1,0
BRDA:104,4,0,0
BRDA:104,4,1,0
BRDA:119,5,0,0
BRDA:119,5,1,0
BRF:12
BRH:0
end_of_record
TN:
SF:src\theme\colors.ts
FNF:0
FNH:0
DA:5,0
LF:1
LH:0
BRF:0
BRH:0
end_of_record
TN:
SF:src\theme\index.ts
FNF:0
FNH:0
DA:7,0
LF:1
LH:0
BRF:0
BRH:0
end_of_record
TN:
SF:src\types\database.ts
FN:236,(anonymous_0)
FN:250,(anonymous_1)
FNF:2
FNH:1
FNDA:0,(anonymous_0)
FNDA:6,(anonymous_1)
DA:241,0
DA:242,0
DA:251,6
DA:252,6
LF:4
LH:2
BRF:0
BRH:0
end_of_record
TN:
SF:src\types\index.ts
FNF:0
FNH:0
DA:151,1
LF:1
LH:1
BRF:0
BRH:0
end_of_record
TN:
SF:src\types\navigation.ts
FNF:0
FNH:0
LF:0
LH:0
BRF:0
BRH:0
end_of_record
TN:
SF:src\types\notification.ts
FNF:0
FNH:0
LF:0
LH:0
BRF:0
BRH:0
end_of_record
TN:
SF:src\types\residenceCard.ts
FNF:0
FNH:0
LF:0
LH:0
BRF:0
BRH:0
end_of_record
TN:
SF:src\utils\notificationHelpers.ts
FN:10,getNotificationTypeLabel
FN:23,getNotificationTypeDescription
FN:36,calculateNotificationDate
FN:70,isNotificationDateInPast
FN:81,getNotificationTypeOrder
FN:94,generateNotificationIdentifier
FN:104,parseNotificationIdentifier
FN:126,getNotificationPriority
FN:139,getNextNotificationType
FN:164,formatNotificationMessage
FN:174,(anonymous_10)
FNF:11
FNH:0
FNDA:0,getNotificationTypeLabel
FNDA:0,getNotificationTypeDescription
FNDA:0,calculateNotificationDate
FNDA:0,isNotificationDateInPast
FNDA:0,getNotificationTypeOrder
FNDA:0,generateNotificationIdentifier
FNDA:0,parseNotificationIdentifier
FNDA:0,getNotificationPriority
FNDA:0,getNextNotificationType
FNDA:0,formatNotificationMessage
FNDA:0,(anonymous_10)
DA:11,0
DA:17,0
DA:24,0
DA:30,0
DA:42,0
DA:44,0
DA:46,0
DA:47,0
DA:49,0
DA:50,0
DA:52,0
DA:53,0
DA:55,0
DA:56,0
DA:59,0
DA:60,0
DA:61,0
DA:62,0
DA:64,0
DA:74,0
DA:75,0
DA:82,0
DA:88,0
DA:98,0
DA:108,0
DA:109,0
DA:110,0
DA:113,0
DA:114,0
DA:116,0
DA:117,0
DA:120,0
DA:127,0
DA:133,0
DA:143,0
DA:144,0
DA:145,0
DA:147,0
DA:148,0
DA:149,0
DA:152,0
DA:153,0
DA:154,0
DA:158,0
DA:171,0
DA:175,0
DA:191,0
DA:193,0
DA:197,0
LF:49
LH:0
BRDA:39,0,0,0
BRDA:40,1,0,0
BRDA:44,2,0,0
BRDA:44,2,1,0
BRDA:44,2,2,0
BRDA:44,2,3,0
BRDA:109,3,0,0
BRDA:109,3,1,0
BRDA:116,4,0,0
BRDA:116,4,1,0
BRDA:152,5,0,0
BRDA:152,5,1,0
BRDA:152,6,0,0
BRDA:152,6,1,0
BRDA:193,7,0,0
BRDA:193,7,1,0
BRDA:194,8,0,0
BRDA:194,8,1,0
BRF:18
BRH:0
end_of_record
